------------------------------------------------------------------------------------------------------------------------

[2025-05-10 18:13:14 #1 store] 
Database 'C:\Users\h165p\Desktop\Ingurunea\3Iterazioa\Rides24\src\main\resources\rides.temp' is opened by 7764@LAPTOP-CF3BRR4L

[2025-05-10 18:13:14 #2 type.registry] 
New type domain.User

[2025-05-10 18:13:14 #3 type.registry] 
New type domain.Driver

[2025-05-10 18:13:14 #4 type] 
Type domain.User is not enhanced.

[2025-05-10 18:13:14 #5 type.registry] 
New type domain.Balorazioa

[2025-05-10 18:13:14 #6 type.registry] 
New type domain.Mugimendua

[2025-05-10 18:13:15 #7 type] 
Type domain.Driver is not enhanced.

[2025-05-10 18:13:15 #8 type.registry] 
New type domain.Erreklamazioa

[2025-05-10 18:13:15 #9 type.registry] 
New type domain.Kotxea

[2025-05-10 18:13:15 #10 type.registry] 
New type domain.Ride

[2025-05-10 18:13:15 #11 type] 
Type domain.Balorazioa is not enhanced.

[2025-05-10 18:13:15 #12 type] 
Type domain.Mugimendua is not enhanced.

[2025-05-10 18:13:15 #13 type] 
Type domain.Erreklamazioa is not enhanced.

[2025-05-10 18:13:15 #14 type.registry] 
New type domain.Mezua

[2025-05-10 18:13:15 #15 type.registry] 
New type domain.Erreserba

[2025-05-10 18:13:15 #16 type.registry] 
New type domain.Admin

[2025-05-10 18:13:15 #17 type.registry] 
New type domain.Bidaiaria

[2025-05-10 18:13:15 #18 type] 
Type domain.Kotxea is not enhanced.

[2025-05-10 18:13:15 #19 type] 
Type domain.Ride is not enhanced.

[2025-05-10 18:13:15 #20 type] 
Type domain.Mezua is not enhanced.

[2025-05-10 18:13:15 #21 type] 
Type domain.Erreserba is not enhanced.

[2025-05-10 18:13:15 #22 type] 
Type domain.Admin is not enhanced.

[2025-05-10 18:13:15 #23 type] 
Type domain.Bidaiaria is not enhanced.

[2025-05-10 18:13:15 #24 type.registry] 
New type domain.Alerta

[2025-05-10 18:13:15 #25 type] 
Type domain.Alerta is not enhanced.

[2025-05-10 18:13:15 #26 type.registry] 
New type java.util.Vector<java.lang.Object>

[2025-05-10 18:13:15 #27 type.registry] 
New type java.util.Vector<domain.Mugimendua>

[2025-05-10 18:13:15 #28 type.registry] 
New type java.util.Vector<domain.Balorazioa>

[2025-05-10 18:13:15 #29 type.registry] 
New type java.util.Vector<domain.Ride>

[2025-05-10 18:13:15 #30 type.registry] 
New type java.util.Vector<domain.Kotxea>

[2025-05-10 18:13:15 #31 type.registry] 
New type java.util.Vector<domain.Erreklamazioa>

[2025-05-10 18:13:15 #32 type.registry] 
New type java.util.Vector<domain.Erreserba>

[2025-05-10 18:13:15 #33 type.registry] 
New type java.util.Vector<domain.Alerta>

[2025-05-10 18:13:15 #34 type.registry] 
New type java.util.Vector<domain.Mezua>

------------------------------------------------------------------------------------------------------------------------

[2025-05-10 18:14:56 #1 store] 
Database 'C:\Users\h165p\Desktop\Ingurunea\3Iterazioa\Rides24\src\main\resources\rides.temp' is opened by 20064@LAPTOP-CF3BRR4L

[2025-05-10 18:14:56 #2 type.registry] 
New type domain.User

[2025-05-10 18:14:56 #3 type.registry] 
New type domain.Driver

[2025-05-10 18:14:56 #4 type] 
Type domain.User is not enhanced.

[2025-05-10 18:14:56 #5 type.registry] 
New type domain.Balorazioa

[2025-05-10 18:14:56 #6 type.registry] 
New type domain.Mugimendua

[2025-05-10 18:14:56 #7 type] 
Type domain.Driver is not enhanced.

[2025-05-10 18:14:56 #8 type.registry] 
New type domain.Erreklamazioa

[2025-05-10 18:14:56 #9 type.registry] 
New type domain.Kotxea

[2025-05-10 18:14:56 #10 type.registry] 
New type domain.Ride

[2025-05-10 18:14:56 #11 type] 
Type domain.Balorazioa is not enhanced.

[2025-05-10 18:14:56 #12 type] 
Type domain.Mugimendua is not enhanced.

[2025-05-10 18:14:56 #13 type] 
Type domain.Erreklamazioa is not enhanced.

[2025-05-10 18:14:56 #14 type.registry] 
New type domain.Mezua

[2025-05-10 18:14:56 #15 type.registry] 
New type domain.Erreserba

[2025-05-10 18:14:56 #16 type.registry] 
New type domain.Admin

[2025-05-10 18:14:56 #17 type.registry] 
New type domain.Bidaiaria

[2025-05-10 18:14:56 #18 type] 
Type domain.Kotxea is not enhanced.

[2025-05-10 18:14:56 #19 type] 
Type domain.Ride is not enhanced.

[2025-05-10 18:14:56 #20 type] 
Type domain.Mezua is not enhanced.

[2025-05-10 18:14:56 #21 type] 
Type domain.Erreserba is not enhanced.

[2025-05-10 18:14:56 #22 type] 
Type domain.Admin is not enhanced.

[2025-05-10 18:14:56 #23 type] 
Type domain.Bidaiaria is not enhanced.

[2025-05-10 18:14:56 #24 type.registry] 
New type domain.Alerta

[2025-05-10 18:14:56 #25 type] 
Type domain.Alerta is not enhanced.

[2025-05-10 18:14:56 #26 type.registry] 
New type java.util.Vector<java.lang.Object>

[2025-05-10 18:14:56 #27 type.registry] 
New type java.util.Vector<domain.Mugimendua>

[2025-05-10 18:14:56 #28 type.registry] 
New type java.util.Vector<domain.Balorazioa>

[2025-05-10 18:14:56 #29 type.registry] 
New type java.util.Vector<domain.Ride>

[2025-05-10 18:14:56 #30 type.registry] 
New type java.util.Vector<domain.Kotxea>

[2025-05-10 18:14:56 #31 type.registry] 
New type java.util.Vector<domain.Erreklamazioa>

[2025-05-10 18:14:56 #32 type.registry] 
New type java.util.Vector<domain.Erreserba>

[2025-05-10 18:14:56 #33 type.registry] 
New type java.util.Vector<domain.Alerta>

[2025-05-10 18:14:56 #34 type.registry] 
New type java.util.Vector<domain.Mezua>

------------------------------------------------------------------------------------------------------------------------

[2025-05-10 18:17:25 #1 store] 
Database 'C:\Users\h165p\Desktop\Ingurunea\3Iterazioa\Rides24\src\main\resources\rides.temp' is opened by 19036@LAPTOP-CF3BRR4L

[2025-05-10 18:17:26 #2 type.registry] 
New type domain.User

[2025-05-10 18:17:26 #3 type.registry] 
New type domain.Driver

[2025-05-10 18:17:26 #4 type] 
Type domain.User is not enhanced.

[2025-05-10 18:17:26 #5 type.registry] 
New type domain.Balorazioa

[2025-05-10 18:17:26 #6 type.registry] 
New type domain.Mugimendua

[2025-05-10 18:17:26 #7 type] 
Type domain.Driver is not enhanced.

[2025-05-10 18:17:26 #8 type.registry] 
New type domain.Erreklamazioa

[2025-05-10 18:17:26 #9 type.registry] 
New type domain.Kotxea

[2025-05-10 18:17:26 #10 type.registry] 
New type domain.Ride

[2025-05-10 18:17:26 #11 type] 
Type domain.Balorazioa is not enhanced.

[2025-05-10 18:17:26 #12 type] 
Type domain.Mugimendua is not enhanced.

[2025-05-10 18:17:26 #13 type] 
Type domain.Erreklamazioa is not enhanced.

[2025-05-10 18:17:26 #14 type.registry] 
New type domain.Mezua

[2025-05-10 18:17:26 #15 type.registry] 
New type domain.Erreserba

[2025-05-10 18:17:26 #16 type.registry] 
New type domain.Admin

[2025-05-10 18:17:26 #17 type.registry] 
New type domain.Bidaiaria

[2025-05-10 18:17:26 #18 type] 
Type domain.Kotxea is not enhanced.

[2025-05-10 18:17:26 #19 type] 
Type domain.Ride is not enhanced.

[2025-05-10 18:17:26 #20 type] 
Type domain.Mezua is not enhanced.

[2025-05-10 18:17:26 #21 type] 
Type domain.Erreserba is not enhanced.

[2025-05-10 18:17:26 #22 type] 
Type domain.Admin is not enhanced.

[2025-05-10 18:17:26 #23 type] 
Type domain.Bidaiaria is not enhanced.

[2025-05-10 18:17:26 #24 type.registry] 
New type domain.Alerta

[2025-05-10 18:17:26 #25 type] 
Type domain.Alerta is not enhanced.

[2025-05-10 18:17:26 #26 type.registry] 
New type java.util.Vector<java.lang.Object>

[2025-05-10 18:17:26 #27 type.registry] 
New type java.util.Vector<domain.Mugimendua>

[2025-05-10 18:17:26 #28 type.registry] 
New type java.util.Vector<domain.Balorazioa>

[2025-05-10 18:17:26 #29 type.registry] 
New type java.util.Vector<domain.Ride>

[2025-05-10 18:17:26 #30 type.registry] 
New type java.util.Vector<domain.Kotxea>

[2025-05-10 18:17:26 #31 type.registry] 
New type java.util.Vector<domain.Erreklamazioa>

[2025-05-10 18:17:26 #32 type.registry] 
New type java.util.Vector<domain.Erreserba>

[2025-05-10 18:17:26 #33 type.registry] 
New type java.util.Vector<domain.Alerta>

[2025-05-10 18:17:26 #34 type.registry] 
New type java.util.Vector<domain.Mezua>

------------------------------------------------------------------------------------------------------------------------

[2025-05-10 18:20:00 #1 store] 
Database 'C:\Users\h165p\Desktop\Ingurunea\3Iterazioa\Rides24\src\main\resources\rides.temp' is opened by 7200@LAPTOP-CF3BRR4L

[2025-05-10 18:20:01 #2 type.registry] 
New type domain.User

[2025-05-10 18:20:01 #3 type.registry] 
New type domain.Driver

[2025-05-10 18:20:01 #4 type] 
Type domain.User is not enhanced.

[2025-05-10 18:20:01 #5 type.registry] 
New type domain.Balorazioa

[2025-05-10 18:20:01 #6 type.registry] 
New type domain.Mugimendua

[2025-05-10 18:20:01 #7 type] 
Type domain.Driver is not enhanced.

[2025-05-10 18:20:01 #8 type.registry] 
New type domain.Erreklamazioa

[2025-05-10 18:20:01 #9 type.registry] 
New type domain.Kotxea

[2025-05-10 18:20:01 #10 type.registry] 
New type domain.Ride

[2025-05-10 18:20:01 #11 type] 
Type domain.Balorazioa is not enhanced.

[2025-05-10 18:20:01 #12 type] 
Type domain.Mugimendua is not enhanced.

[2025-05-10 18:20:01 #13 type] 
Type domain.Erreklamazioa is not enhanced.

[2025-05-10 18:20:01 #14 type.registry] 
New type domain.Mezua

[2025-05-10 18:20:01 #15 type.registry] 
New type domain.Erreserba

[2025-05-10 18:20:01 #16 type.registry] 
New type domain.Admin

[2025-05-10 18:20:01 #17 type.registry] 
New type domain.Bidaiaria

[2025-05-10 18:20:01 #18 type] 
Type domain.Kotxea is not enhanced.

[2025-05-10 18:20:01 #19 type] 
Type domain.Ride is not enhanced.

[2025-05-10 18:20:01 #20 type] 
Type domain.Mezua is not enhanced.

[2025-05-10 18:20:01 #21 type] 
Type domain.Erreserba is not enhanced.

[2025-05-10 18:20:01 #22 type] 
Type domain.Admin is not enhanced.

[2025-05-10 18:20:01 #23 type] 
Type domain.Bidaiaria is not enhanced.

[2025-05-10 18:20:01 #24 type.registry] 
New type domain.Alerta

[2025-05-10 18:20:01 #25 type] 
Type domain.Alerta is not enhanced.

[2025-05-10 18:20:01 #26 type.registry] 
New type java.util.Vector<java.lang.Object>

[2025-05-10 18:20:01 #27 type.registry] 
New type java.util.Vector<domain.Mugimendua>

[2025-05-10 18:20:01 #28 type.registry] 
New type java.util.Vector<domain.Balorazioa>

[2025-05-10 18:20:01 #29 type.registry] 
New type java.util.Vector<domain.Ride>

[2025-05-10 18:20:01 #30 type.registry] 
New type java.util.Vector<domain.Kotxea>

[2025-05-10 18:20:01 #31 type.registry] 
New type java.util.Vector<domain.Erreklamazioa>

[2025-05-10 18:20:01 #32 type.registry] 
New type java.util.Vector<domain.Erreserba>

[2025-05-10 18:20:01 #33 type.registry] 
New type java.util.Vector<domain.Alerta>

[2025-05-10 18:20:01 #34 type.registry] 
New type java.util.Vector<domain.Mezua>

------------------------------------------------------------------------------------------------------------------------

[2025-05-10 18:24:43 #1 store] 
Database 'C:\Users\h165p\Desktop\Ingurunea\3Iterazioa\Rides24\src\main\resources\rides.temp' is opened by 8048@LAPTOP-CF3BRR4L

[2025-05-10 18:24:43 #2 type.registry] 
New type domain.User

[2025-05-10 18:24:43 #3 type.registry] 
New type domain.Driver

[2025-05-10 18:24:43 #4 type] 
Type domain.User is not enhanced.

[2025-05-10 18:24:43 #5 type.registry] 
New type domain.Balorazioa

[2025-05-10 18:24:43 #6 type.registry] 
New type domain.Mugimendua

[2025-05-10 18:24:43 #7 type] 
Type domain.Driver is not enhanced.

[2025-05-10 18:24:43 #8 type.registry] 
New type domain.Erreklamazioa

[2025-05-10 18:24:43 #9 type.registry] 
New type domain.Kotxea

[2025-05-10 18:24:43 #10 type.registry] 
New type domain.Ride

[2025-05-10 18:24:43 #11 type] 
Type domain.Balorazioa is not enhanced.

[2025-05-10 18:24:43 #12 type] 
Type domain.Mugimendua is not enhanced.

[2025-05-10 18:24:43 #13 type] 
Type domain.Erreklamazioa is not enhanced.

[2025-05-10 18:24:43 #14 type.registry] 
New type domain.Mezua

[2025-05-10 18:24:43 #15 type.registry] 
New type domain.Erreserba

[2025-05-10 18:24:43 #16 type.registry] 
New type domain.Admin

[2025-05-10 18:24:43 #17 type.registry] 
New type domain.Bidaiaria

[2025-05-10 18:24:43 #18 type] 
Type domain.Kotxea is not enhanced.

[2025-05-10 18:24:43 #19 type] 
Type domain.Ride is not enhanced.

[2025-05-10 18:24:43 #20 type] 
Type domain.Mezua is not enhanced.

[2025-05-10 18:24:43 #21 type] 
Type domain.Erreserba is not enhanced.

[2025-05-10 18:24:43 #22 type] 
Type domain.Admin is not enhanced.

[2025-05-10 18:24:43 #23 type] 
Type domain.Bidaiaria is not enhanced.

[2025-05-10 18:24:43 #24 type.registry] 
New type domain.Alerta

[2025-05-10 18:24:43 #25 type] 
Type domain.Alerta is not enhanced.

[2025-05-10 18:24:44 #26 type.registry] 
New type java.util.Vector<java.lang.Object>

[2025-05-10 18:24:44 #27 type.registry] 
New type java.util.Vector<domain.Mugimendua>

[2025-05-10 18:24:44 #28 type.registry] 
New type java.util.Vector<domain.Balorazioa>

[2025-05-10 18:24:44 #29 type.registry] 
New type java.util.Vector<domain.Ride>

[2025-05-10 18:24:44 #30 type.registry] 
New type java.util.Vector<domain.Kotxea>

[2025-05-10 18:24:44 #31 type.registry] 
New type java.util.Vector<domain.Erreklamazioa>

[2025-05-10 18:24:44 #32 type.registry] 
New type java.util.Vector<domain.Erreserba>

[2025-05-10 18:24:44 #33 type.registry] 
New type java.util.Vector<domain.Alerta>

[2025-05-10 18:24:44 #34 type.registry] 
New type java.util.Vector<domain.Mezua>

------------------------------------------------------------------------------------------------------------------------

[2025-05-10 18:28:41 #1 store] 
Database 'C:\Users\h165p\Desktop\Ingurunea\3Iterazioa\Rides24\src\main\resources\rides.temp' is opened by 3048@LAPTOP-CF3BRR4L

[2025-05-10 18:28:42 #2 type.registry] 
New type domain.User

[2025-05-10 18:28:42 #3 type.registry] 
New type domain.Driver

[2025-05-10 18:28:42 #4 type] 
Type domain.User is not enhanced.

[2025-05-10 18:28:42 #5 type.registry] 
New type domain.Balorazioa

[2025-05-10 18:28:42 #6 type.registry] 
New type domain.Mugimendua

[2025-05-10 18:28:42 #7 type] 
Type domain.Driver is not enhanced.

[2025-05-10 18:28:42 #8 type.registry] 
New type domain.Erreklamazioa

[2025-05-10 18:28:42 #9 type.registry] 
New type domain.Kotxea

[2025-05-10 18:28:42 #10 type.registry] 
New type domain.Ride

[2025-05-10 18:28:42 #11 type] 
Type domain.Balorazioa is not enhanced.

[2025-05-10 18:28:42 #12 type] 
Type domain.Mugimendua is not enhanced.

[2025-05-10 18:28:42 #13 type] 
Type domain.Erreklamazioa is not enhanced.

[2025-05-10 18:28:42 #14 type.registry] 
New type domain.Mezua

[2025-05-10 18:28:42 #15 type.registry] 
New type domain.Erreserba

[2025-05-10 18:28:42 #16 type.registry] 
New type domain.Admin

[2025-05-10 18:28:42 #17 type.registry] 
New type domain.Bidaiaria

[2025-05-10 18:28:42 #18 type] 
Type domain.Kotxea is not enhanced.

[2025-05-10 18:28:42 #19 type] 
Type domain.Ride is not enhanced.

[2025-05-10 18:28:42 #20 type] 
Type domain.Mezua is not enhanced.

[2025-05-10 18:28:42 #21 type] 
Type domain.Erreserba is not enhanced.

[2025-05-10 18:28:42 #22 type] 
Type domain.Admin is not enhanced.

[2025-05-10 18:28:42 #23 type] 
Type domain.Bidaiaria is not enhanced.

[2025-05-10 18:28:42 #24 type.registry] 
New type domain.Alerta

[2025-05-10 18:28:42 #25 type] 
Type domain.Alerta is not enhanced.

[2025-05-10 18:28:42 #26 type.registry] 
New type java.util.Vector<java.lang.Object>

[2025-05-10 18:28:42 #27 type.registry] 
New type java.util.Vector<domain.Mugimendua>

[2025-05-10 18:28:42 #28 type.registry] 
New type java.util.Vector<domain.Balorazioa>

[2025-05-10 18:28:42 #29 type.registry] 
New type java.util.Vector<domain.Ride>

[2025-05-10 18:28:42 #30 type.registry] 
New type java.util.Vector<domain.Kotxea>

[2025-05-10 18:28:42 #31 type.registry] 
New type java.util.Vector<domain.Erreklamazioa>

[2025-05-10 18:28:42 #32 type.registry] 
New type java.util.Vector<domain.Erreserba>

[2025-05-10 18:28:42 #33 type.registry] 
New type java.util.Vector<domain.Alerta>

[2025-05-10 18:28:42 #34 type.registry] 
New type java.util.Vector<domain.Mezua>

------------------------------------------------------------------------------------------------------------------------

[2025-05-10 18:31:08 #1 store] 
Database 'C:\Users\h165p\Desktop\Ingurunea\3Iterazioa\Rides24\src\main\resources\rides.temp' is opened by 5224@LAPTOP-CF3BRR4L

[2025-05-10 18:31:09 #2 type.registry] 
New type domain.User

[2025-05-10 18:31:09 #3 type.registry] 
New type domain.Driver

[2025-05-10 18:31:09 #4 type] 
Type domain.User is not enhanced.

[2025-05-10 18:31:09 #5 type.registry] 
New type domain.Balorazioa

[2025-05-10 18:31:09 #6 type.registry] 
New type domain.Mugimendua

[2025-05-10 18:31:09 #7 type] 
Type domain.Driver is not enhanced.

[2025-05-10 18:31:09 #8 type.registry] 
New type domain.Erreklamazioa

[2025-05-10 18:31:09 #9 type.registry] 
New type domain.Kotxea

[2025-05-10 18:31:09 #10 type.registry] 
New type domain.Ride

[2025-05-10 18:31:09 #11 type] 
Type domain.Balorazioa is not enhanced.

[2025-05-10 18:31:09 #12 type] 
Type domain.Mugimendua is not enhanced.

[2025-05-10 18:31:09 #13 type] 
Type domain.Erreklamazioa is not enhanced.

[2025-05-10 18:31:09 #14 type.registry] 
New type domain.Mezua

[2025-05-10 18:31:09 #15 type.registry] 
New type domain.Erreserba

[2025-05-10 18:31:09 #16 type.registry] 
New type domain.Admin

[2025-05-10 18:31:09 #17 type.registry] 
New type domain.Bidaiaria

[2025-05-10 18:31:09 #18 type] 
Type domain.Kotxea is not enhanced.

[2025-05-10 18:31:09 #19 type] 
Type domain.Ride is not enhanced.

[2025-05-10 18:31:09 #20 type] 
Type domain.Mezua is not enhanced.

[2025-05-10 18:31:09 #21 type] 
Type domain.Erreserba is not enhanced.

[2025-05-10 18:31:09 #22 type] 
Type domain.Admin is not enhanced.

[2025-05-10 18:31:09 #23 type] 
Type domain.Bidaiaria is not enhanced.

[2025-05-10 18:31:09 #24 type.registry] 
New type domain.Alerta

[2025-05-10 18:31:09 #25 type] 
Type domain.Alerta is not enhanced.

[2025-05-10 18:31:09 #26 type.registry] 
New type java.util.Vector<java.lang.Object>

[2025-05-10 18:31:09 #27 type.registry] 
New type java.util.Vector<domain.Mugimendua>

[2025-05-10 18:31:09 #28 type.registry] 
New type java.util.Vector<domain.Balorazioa>

[2025-05-10 18:31:09 #29 type.registry] 
New type java.util.Vector<domain.Ride>

[2025-05-10 18:31:09 #30 type.registry] 
New type java.util.Vector<domain.Kotxea>

[2025-05-10 18:31:09 #31 type.registry] 
New type java.util.Vector<domain.Erreklamazioa>

[2025-05-10 18:31:09 #32 type.registry] 
New type java.util.Vector<domain.Erreserba>

[2025-05-10 18:31:09 #33 type.registry] 
New type java.util.Vector<domain.Alerta>

[2025-05-10 18:31:09 #34 type.registry] 
New type java.util.Vector<domain.Mezua>

------------------------------------------------------------------------------------------------------------------------

[2025-05-10 18:32:05 #1 store] 
Database 'C:\Users\h165p\Desktop\Ingurunea\3Iterazioa\Rides24\src\main\resources\rides.temp' is opened by 21124@LAPTOP-CF3BRR4L

[2025-05-10 18:32:06 #2 type.registry] 
New type domain.User

[2025-05-10 18:32:06 #3 type.registry] 
New type domain.Driver

[2025-05-10 18:32:06 #4 type] 
Type domain.User is not enhanced.

[2025-05-10 18:32:06 #5 type.registry] 
New type domain.Balorazioa

[2025-05-10 18:32:06 #6 type.registry] 
New type domain.Mugimendua

[2025-05-10 18:32:06 #7 type] 
Type domain.Driver is not enhanced.

[2025-05-10 18:32:06 #8 type.registry] 
New type domain.Erreklamazioa

[2025-05-10 18:32:06 #9 type.registry] 
New type domain.Kotxea

[2025-05-10 18:32:06 #10 type.registry] 
New type domain.Ride

[2025-05-10 18:32:06 #11 type] 
Type domain.Balorazioa is not enhanced.

[2025-05-10 18:32:06 #12 type] 
Type domain.Mugimendua is not enhanced.

[2025-05-10 18:32:06 #13 type] 
Type domain.Erreklamazioa is not enhanced.

[2025-05-10 18:32:06 #14 type.registry] 
New type domain.Mezua

[2025-05-10 18:32:06 #15 type.registry] 
New type domain.Erreserba

[2025-05-10 18:32:06 #16 type.registry] 
New type domain.Admin

[2025-05-10 18:32:06 #17 type.registry] 
New type domain.Bidaiaria

[2025-05-10 18:32:06 #18 type] 
Type domain.Kotxea is not enhanced.

[2025-05-10 18:32:06 #19 type] 
Type domain.Ride is not enhanced.

[2025-05-10 18:32:06 #20 type] 
Type domain.Mezua is not enhanced.

[2025-05-10 18:32:06 #21 type] 
Type domain.Erreserba is not enhanced.

[2025-05-10 18:32:06 #22 type] 
Type domain.Admin is not enhanced.

[2025-05-10 18:32:06 #23 type] 
Type domain.Bidaiaria is not enhanced.

[2025-05-10 18:32:06 #24 type.registry] 
New type domain.Alerta

[2025-05-10 18:32:06 #25 type] 
Type domain.Alerta is not enhanced.

[2025-05-10 18:32:06 #26 type.registry] 
New type java.util.Vector<java.lang.Object>

[2025-05-10 18:32:06 #27 type.registry] 
New type java.util.Vector<domain.Mugimendua>

[2025-05-10 18:32:06 #28 type.registry] 
New type java.util.Vector<domain.Balorazioa>

[2025-05-10 18:32:06 #29 type.registry] 
New type java.util.Vector<domain.Ride>

[2025-05-10 18:32:06 #30 type.registry] 
New type java.util.Vector<domain.Kotxea>

[2025-05-10 18:32:06 #31 type.registry] 
New type java.util.Vector<domain.Erreklamazioa>

[2025-05-10 18:32:06 #32 type.registry] 
New type java.util.Vector<domain.Erreserba>

[2025-05-10 18:32:06 #33 type.registry] 
New type java.util.Vector<domain.Alerta>

[2025-05-10 18:32:06 #34 type.registry] 
New type java.util.Vector<domain.Mezua>

------------------------------------------------------------------------------------------------------------------------

[2025-05-10 18:33:10 #1 store] 
Database 'C:\Users\h165p\Desktop\Ingurunea\3Iterazioa\Rides24\src\main\resources\rides.temp' is opened by 11272@LAPTOP-CF3BRR4L

[2025-05-10 18:33:10 #2 type.registry] 
New type domain.User

[2025-05-10 18:33:10 #3 type.registry] 
New type domain.Driver

[2025-05-10 18:33:10 #4 type] 
Type domain.User is not enhanced.

[2025-05-10 18:33:10 #5 type.registry] 
New type domain.Balorazioa

[2025-05-10 18:33:10 #6 type.registry] 
New type domain.Mugimendua

[2025-05-10 18:33:10 #7 type] 
Type domain.Driver is not enhanced.

[2025-05-10 18:33:10 #8 type.registry] 
New type domain.Erreklamazioa

[2025-05-10 18:33:10 #9 type.registry] 
New type domain.Kotxea

[2025-05-10 18:33:10 #10 type.registry] 
New type domain.Ride

[2025-05-10 18:33:10 #11 type] 
Type domain.Balorazioa is not enhanced.

[2025-05-10 18:33:10 #12 type] 
Type domain.Mugimendua is not enhanced.

[2025-05-10 18:33:10 #13 type] 
Type domain.Erreklamazioa is not enhanced.

[2025-05-10 18:33:10 #14 type.registry] 
New type domain.Mezua

[2025-05-10 18:33:10 #15 type.registry] 
New type domain.Erreserba

[2025-05-10 18:33:10 #16 type.registry] 
New type domain.Admin

[2025-05-10 18:33:10 #17 type.registry] 
New type domain.Bidaiaria

[2025-05-10 18:33:10 #18 type] 
Type domain.Kotxea is not enhanced.

[2025-05-10 18:33:10 #19 type] 
Type domain.Ride is not enhanced.

[2025-05-10 18:33:10 #20 type] 
Type domain.Mezua is not enhanced.

[2025-05-10 18:33:10 #21 type] 
Type domain.Erreserba is not enhanced.

[2025-05-10 18:33:10 #22 type] 
Type domain.Admin is not enhanced.

[2025-05-10 18:33:10 #23 type] 
Type domain.Bidaiaria is not enhanced.

[2025-05-10 18:33:10 #24 type.registry] 
New type domain.Alerta

[2025-05-10 18:33:10 #25 type] 
Type domain.Alerta is not enhanced.

[2025-05-10 18:33:10 #26 type.registry] 
New type java.util.Vector<java.lang.Object>

[2025-05-10 18:33:10 #27 type.registry] 
New type java.util.Vector<domain.Mugimendua>

[2025-05-10 18:33:10 #28 type.registry] 
New type java.util.Vector<domain.Balorazioa>

[2025-05-10 18:33:10 #29 type.registry] 
New type java.util.Vector<domain.Ride>

[2025-05-10 18:33:10 #30 type.registry] 
New type java.util.Vector<domain.Kotxea>

[2025-05-10 18:33:10 #31 type.registry] 
New type java.util.Vector<domain.Erreklamazioa>

[2025-05-10 18:33:10 #32 type.registry] 
New type java.util.Vector<domain.Erreserba>

[2025-05-10 18:33:10 #33 type.registry] 
New type java.util.Vector<domain.Alerta>

[2025-05-10 18:33:10 #34 type.registry] 
New type java.util.Vector<domain.Mezua>

------------------------------------------------------------------------------------------------------------------------

[2025-05-10 18:34:12 #1 store] 
Database 'C:\Users\h165p\Desktop\Ingurunea\3Iterazioa\Rides24\src\main\resources\rides.temp' is opened by 1776@LAPTOP-CF3BRR4L

[2025-05-10 18:34:13 #2 type.registry] 
New type domain.User

[2025-05-10 18:34:13 #3 type.registry] 
New type domain.Driver

[2025-05-10 18:34:13 #4 type] 
Type domain.User is not enhanced.

[2025-05-10 18:34:13 #5 type.registry] 
New type domain.Balorazioa

[2025-05-10 18:34:13 #6 type.registry] 
New type domain.Mugimendua

[2025-05-10 18:34:13 #7 type] 
Type domain.Driver is not enhanced.

[2025-05-10 18:34:13 #8 type.registry] 
New type domain.Erreklamazioa

[2025-05-10 18:34:13 #9 type.registry] 
New type domain.Kotxea

[2025-05-10 18:34:13 #10 type.registry] 
New type domain.Ride

[2025-05-10 18:34:13 #11 type] 
Type domain.Balorazioa is not enhanced.

[2025-05-10 18:34:13 #12 type] 
Type domain.Mugimendua is not enhanced.

[2025-05-10 18:34:13 #13 type] 
Type domain.Erreklamazioa is not enhanced.

[2025-05-10 18:34:13 #14 type.registry] 
New type domain.Mezua

[2025-05-10 18:34:13 #15 type.registry] 
New type domain.Erreserba

[2025-05-10 18:34:13 #16 type.registry] 
New type domain.Admin

[2025-05-10 18:34:13 #17 type.registry] 
New type domain.Bidaiaria

[2025-05-10 18:34:13 #18 type] 
Type domain.Kotxea is not enhanced.

[2025-05-10 18:34:13 #19 type] 
Type domain.Ride is not enhanced.

[2025-05-10 18:34:13 #20 type] 
Type domain.Mezua is not enhanced.

[2025-05-10 18:34:13 #21 type] 
Type domain.Erreserba is not enhanced.

[2025-05-10 18:34:13 #22 type] 
Type domain.Admin is not enhanced.

[2025-05-10 18:34:13 #23 type] 
Type domain.Bidaiaria is not enhanced.

[2025-05-10 18:34:13 #24 type.registry] 
New type domain.Alerta

[2025-05-10 18:34:13 #25 type] 
Type domain.Alerta is not enhanced.

[2025-05-10 18:34:13 #26 type.registry] 
New type java.util.Vector<java.lang.Object>

[2025-05-10 18:34:13 #27 type.registry] 
New type java.util.Vector<domain.Mugimendua>

[2025-05-10 18:34:13 #28 type.registry] 
New type java.util.Vector<domain.Balorazioa>

[2025-05-10 18:34:13 #29 type.registry] 
New type java.util.Vector<domain.Ride>

[2025-05-10 18:34:13 #30 type.registry] 
New type java.util.Vector<domain.Kotxea>

[2025-05-10 18:34:13 #31 type.registry] 
New type java.util.Vector<domain.Erreklamazioa>

[2025-05-10 18:34:13 #32 type.registry] 
New type java.util.Vector<domain.Erreserba>

[2025-05-10 18:34:13 #33 type.registry] 
New type java.util.Vector<domain.Alerta>

[2025-05-10 18:34:13 #34 type.registry] 
New type java.util.Vector<domain.Mezua>

------------------------------------------------------------------------------------------------------------------------

[2025-05-10 18:34:20 #1 store] 
Database 'C:\Users\h165p\Desktop\Ingurunea\3Iterazioa\Rides24\src\main\resources\rides.temp' is opened by 16160@LAPTOP-CF3BRR4L

[2025-05-10 18:34:21 #2 type.registry] 
New type domain.User

[2025-05-10 18:34:21 #3 type.registry] 
New type domain.Driver

[2025-05-10 18:34:21 #4 type] 
Type domain.User is not enhanced.

[2025-05-10 18:34:21 #5 type.registry] 
New type domain.Balorazioa

[2025-05-10 18:34:21 #6 type.registry] 
New type domain.Mugimendua

[2025-05-10 18:34:21 #7 type] 
Type domain.Driver is not enhanced.

[2025-05-10 18:34:21 #8 type.registry] 
New type domain.Erreklamazioa

[2025-05-10 18:34:21 #9 type.registry] 
New type domain.Kotxea

[2025-05-10 18:34:21 #10 type.registry] 
New type domain.Ride

[2025-05-10 18:34:21 #11 type] 
Type domain.Balorazioa is not enhanced.

[2025-05-10 18:34:21 #12 type] 
Type domain.Mugimendua is not enhanced.

[2025-05-10 18:34:21 #13 type] 
Type domain.Erreklamazioa is not enhanced.

[2025-05-10 18:34:21 #14 type.registry] 
New type domain.Mezua

[2025-05-10 18:34:21 #15 type.registry] 
New type domain.Erreserba

[2025-05-10 18:34:21 #16 type.registry] 
New type domain.Admin

[2025-05-10 18:34:21 #17 type.registry] 
New type domain.Bidaiaria

[2025-05-10 18:34:21 #18 type] 
Type domain.Kotxea is not enhanced.

[2025-05-10 18:34:21 #19 type] 
Type domain.Ride is not enhanced.

[2025-05-10 18:34:21 #20 type] 
Type domain.Mezua is not enhanced.

[2025-05-10 18:34:21 #21 type] 
Type domain.Erreserba is not enhanced.

[2025-05-10 18:34:21 #22 type] 
Type domain.Admin is not enhanced.

[2025-05-10 18:34:21 #23 type] 
Type domain.Bidaiaria is not enhanced.

[2025-05-10 18:34:21 #24 type.registry] 
New type domain.Alerta

[2025-05-10 18:34:21 #25 type] 
Type domain.Alerta is not enhanced.

[2025-05-10 18:34:21 #26 type.registry] 
New type java.util.Vector<java.lang.Object>

[2025-05-10 18:34:21 #27 type.registry] 
New type java.util.Vector<domain.Mugimendua>

[2025-05-10 18:34:21 #28 type.registry] 
New type java.util.Vector<domain.Balorazioa>

[2025-05-10 18:34:21 #29 type.registry] 
New type java.util.Vector<domain.Ride>

[2025-05-10 18:34:21 #30 type.registry] 
New type java.util.Vector<domain.Kotxea>

[2025-05-10 18:34:21 #31 type.registry] 
New type java.util.Vector<domain.Erreklamazioa>

[2025-05-10 18:34:21 #32 type.registry] 
New type java.util.Vector<domain.Erreserba>

[2025-05-10 18:34:21 #33 type.registry] 
New type java.util.Vector<domain.Alerta>

[2025-05-10 18:34:21 #34 type.registry] 
New type java.util.Vector<domain.Mezua>

------------------------------------------------------------------------------------------------------------------------

[2025-05-10 18:35:56 #1 store] 
Database 'C:\Users\h165p\Desktop\Ingurunea\3Iterazioa\Rides24\src\main\resources\rides.temp' is opened by 3068@LAPTOP-CF3BRR4L

[2025-05-10 18:35:57 #2 type.registry] 
New type domain.User

[2025-05-10 18:35:57 #3 type.registry] 
New type domain.Driver

[2025-05-10 18:35:57 #4 type] 
Type domain.User is not enhanced.

[2025-05-10 18:35:57 #5 type.registry] 
New type domain.Balorazioa

[2025-05-10 18:35:57 #6 type.registry] 
New type domain.Mugimendua

[2025-05-10 18:35:57 #7 type] 
Type domain.Driver is not enhanced.

[2025-05-10 18:35:57 #8 type.registry] 
New type domain.Erreklamazioa

[2025-05-10 18:35:57 #9 type.registry] 
New type domain.Kotxea

[2025-05-10 18:35:57 #10 type.registry] 
New type domain.Ride

[2025-05-10 18:35:57 #11 type] 
Type domain.Balorazioa is not enhanced.

[2025-05-10 18:35:57 #12 type] 
Type domain.Mugimendua is not enhanced.

[2025-05-10 18:35:57 #13 type] 
Type domain.Erreklamazioa is not enhanced.

[2025-05-10 18:35:57 #14 type.registry] 
New type domain.Mezua

[2025-05-10 18:35:57 #15 type.registry] 
New type domain.Erreserba

[2025-05-10 18:35:57 #16 type.registry] 
New type domain.Admin

[2025-05-10 18:35:57 #17 type.registry] 
New type domain.Bidaiaria

[2025-05-10 18:35:57 #18 type] 
Type domain.Kotxea is not enhanced.

[2025-05-10 18:35:57 #19 type] 
Type domain.Ride is not enhanced.

[2025-05-10 18:35:57 #20 type] 
Type domain.Mezua is not enhanced.

[2025-05-10 18:35:57 #21 type] 
Type domain.Erreserba is not enhanced.

[2025-05-10 18:35:57 #22 type] 
Type domain.Admin is not enhanced.

[2025-05-10 18:35:57 #23 type] 
Type domain.Bidaiaria is not enhanced.

[2025-05-10 18:35:57 #24 type.registry] 
New type domain.Alerta

[2025-05-10 18:35:57 #25 type] 
Type domain.Alerta is not enhanced.

[2025-05-10 18:35:57 #26 type.registry] 
New type java.util.Vector<java.lang.Object>

[2025-05-10 18:35:57 #27 type.registry] 
New type java.util.Vector<domain.Mugimendua>

[2025-05-10 18:35:57 #28 type.registry] 
New type java.util.Vector<domain.Balorazioa>

[2025-05-10 18:35:57 #29 type.registry] 
New type java.util.Vector<domain.Ride>

[2025-05-10 18:35:57 #30 type.registry] 
New type java.util.Vector<domain.Kotxea>

[2025-05-10 18:35:57 #31 type.registry] 
New type java.util.Vector<domain.Erreklamazioa>

[2025-05-10 18:35:57 #32 type.registry] 
New type java.util.Vector<domain.Erreserba>

[2025-05-10 18:35:57 #33 type.registry] 
New type java.util.Vector<domain.Alerta>

[2025-05-10 18:35:57 #34 type.registry] 
New type java.util.Vector<domain.Mezua>

------------------------------------------------------------------------------------------------------------------------

[2025-05-10 18:38:21 #1 store] 
Database 'C:\Users\h165p\Desktop\Ingurunea\3Iterazioa\Rides24\src\main\resources\rides.temp' is opened by 6672@LAPTOP-CF3BRR4L

[2025-05-10 18:38:21 #2 type.registry] 
New type domain.User

[2025-05-10 18:38:21 #3 type.registry] 
New type domain.Driver

[2025-05-10 18:38:21 #4 type] 
Type domain.User is not enhanced.

[2025-05-10 18:38:21 #5 type.registry] 
New type domain.Balorazioa

[2025-05-10 18:38:21 #6 type.registry] 
New type domain.Mugimendua

[2025-05-10 18:38:21 #7 type] 
Type domain.Driver is not enhanced.

[2025-05-10 18:38:21 #8 type.registry] 
New type domain.Erreklamazioa

[2025-05-10 18:38:21 #9 type.registry] 
New type domain.Kotxea

[2025-05-10 18:38:21 #10 type.registry] 
New type domain.Ride

[2025-05-10 18:38:21 #11 type] 
Type domain.Balorazioa is not enhanced.

[2025-05-10 18:38:21 #12 type] 
Type domain.Mugimendua is not enhanced.

[2025-05-10 18:38:21 #13 type] 
Type domain.Erreklamazioa is not enhanced.

[2025-05-10 18:38:21 #14 type.registry] 
New type domain.Mezua

[2025-05-10 18:38:21 #15 type.registry] 
New type domain.Erreserba

[2025-05-10 18:38:21 #16 type.registry] 
New type domain.Admin

[2025-05-10 18:38:21 #17 type.registry] 
New type domain.Bidaiaria

[2025-05-10 18:38:21 #18 type] 
Type domain.Kotxea is not enhanced.

[2025-05-10 18:38:21 #19 type] 
Type domain.Ride is not enhanced.

[2025-05-10 18:38:21 #20 type] 
Type domain.Mezua is not enhanced.

[2025-05-10 18:38:21 #21 type] 
Type domain.Erreserba is not enhanced.

[2025-05-10 18:38:21 #22 type] 
Type domain.Admin is not enhanced.

[2025-05-10 18:38:21 #23 type] 
Type domain.Bidaiaria is not enhanced.

[2025-05-10 18:38:21 #24 type.registry] 
New type domain.Alerta

[2025-05-10 18:38:21 #25 type] 
Type domain.Alerta is not enhanced.

[2025-05-10 18:38:21 #26 type.registry] 
New type java.util.Vector<java.lang.Object>

[2025-05-10 18:38:21 #27 type.registry] 
New type java.util.Vector<domain.Mugimendua>

[2025-05-10 18:38:21 #28 type.registry] 
New type java.util.Vector<domain.Balorazioa>

[2025-05-10 18:38:21 #29 type.registry] 
New type java.util.Vector<domain.Ride>

[2025-05-10 18:38:21 #30 type.registry] 
New type java.util.Vector<domain.Kotxea>

[2025-05-10 18:38:21 #31 type.registry] 
New type java.util.Vector<domain.Erreklamazioa>

[2025-05-10 18:38:21 #32 type.registry] 
New type java.util.Vector<domain.Erreserba>

[2025-05-10 18:38:21 #33 type.registry] 
New type java.util.Vector<domain.Alerta>

[2025-05-10 18:38:21 #34 type.registry] 
New type java.util.Vector<domain.Mezua>

------------------------------------------------------------------------------------------------------------------------

[2025-05-10 18:41:24 #1 store] 
Database 'C:\Users\h165p\Desktop\Ingurunea\3Iterazioa\Rides24\src\main\resources\rides.temp' is opened by 16260@LAPTOP-CF3BRR4L

[2025-05-10 18:41:24 #2 type.registry] 
New type domain.User

[2025-05-10 18:41:24 #3 type.registry] 
New type domain.Driver

[2025-05-10 18:41:24 #4 type] 
Type domain.User is not enhanced.

[2025-05-10 18:41:24 #5 type.registry] 
New type domain.Balorazioa

[2025-05-10 18:41:24 #6 type.registry] 
New type domain.Mugimendua

[2025-05-10 18:41:24 #7 type] 
Type domain.Driver is not enhanced.

[2025-05-10 18:41:24 #8 type.registry] 
New type domain.Erreklamazioa

[2025-05-10 18:41:24 #9 type.registry] 
New type domain.Kotxea

[2025-05-10 18:41:24 #10 type.registry] 
New type domain.Ride

[2025-05-10 18:41:24 #11 type] 
Type domain.Balorazioa is not enhanced.

[2025-05-10 18:41:24 #12 type] 
Type domain.Mugimendua is not enhanced.

[2025-05-10 18:41:24 #13 type] 
Type domain.Erreklamazioa is not enhanced.

[2025-05-10 18:41:24 #14 type.registry] 
New type domain.Mezua

[2025-05-10 18:41:24 #15 type.registry] 
New type domain.Erreserba

[2025-05-10 18:41:24 #16 type.registry] 
New type domain.Admin

[2025-05-10 18:41:24 #17 type.registry] 
New type domain.Bidaiaria

[2025-05-10 18:41:24 #18 type] 
Type domain.Kotxea is not enhanced.

[2025-05-10 18:41:24 #19 type] 
Type domain.Ride is not enhanced.

[2025-05-10 18:41:24 #20 type] 
Type domain.Mezua is not enhanced.

[2025-05-10 18:41:24 #21 type] 
Type domain.Erreserba is not enhanced.

[2025-05-10 18:41:24 #22 type] 
Type domain.Admin is not enhanced.

[2025-05-10 18:41:24 #23 type] 
Type domain.Bidaiaria is not enhanced.

[2025-05-10 18:41:24 #24 type.registry] 
New type domain.Alerta

[2025-05-10 18:41:24 #25 type] 
Type domain.Alerta is not enhanced.

[2025-05-10 18:41:24 #26 type.registry] 
New type java.util.Vector<java.lang.Object>

[2025-05-10 18:41:24 #27 type.registry] 
New type java.util.Vector<domain.Mugimendua>

[2025-05-10 18:41:24 #28 type.registry] 
New type java.util.Vector<domain.Balorazioa>

[2025-05-10 18:41:24 #29 type.registry] 
New type java.util.Vector<domain.Ride>

[2025-05-10 18:41:24 #30 type.registry] 
New type java.util.Vector<domain.Kotxea>

[2025-05-10 18:41:24 #31 type.registry] 
New type java.util.Vector<domain.Erreklamazioa>

[2025-05-10 18:41:24 #32 type.registry] 
New type java.util.Vector<domain.Erreserba>

[2025-05-10 18:41:24 #33 type.registry] 
New type java.util.Vector<domain.Alerta>

[2025-05-10 18:41:24 #34 type.registry] 
New type java.util.Vector<domain.Mezua>

------------------------------------------------------------------------------------------------------------------------

[2025-05-10 18:42:41 #1 store] 
Database 'C:\Users\h165p\Desktop\Ingurunea\3Iterazioa\Rides24\src\main\resources\rides.temp' is opened by 4828@LAPTOP-CF3BRR4L

[2025-05-10 18:42:42 #2 type.registry] 
New type domain.User

[2025-05-10 18:42:42 #3 type.registry] 
New type domain.Driver

[2025-05-10 18:42:42 #4 type] 
Type domain.User is not enhanced.

[2025-05-10 18:42:42 #5 type.registry] 
New type domain.Balorazioa

[2025-05-10 18:42:42 #6 type.registry] 
New type domain.Mugimendua

[2025-05-10 18:42:42 #7 type] 
Type domain.Driver is not enhanced.

[2025-05-10 18:42:42 #8 type.registry] 
New type domain.Erreklamazioa

[2025-05-10 18:42:42 #9 type.registry] 
New type domain.Kotxea

[2025-05-10 18:42:42 #10 type.registry] 
New type domain.Ride

[2025-05-10 18:42:42 #11 type] 
Type domain.Balorazioa is not enhanced.

[2025-05-10 18:42:42 #12 type] 
Type domain.Mugimendua is not enhanced.

[2025-05-10 18:42:42 #13 type] 
Type domain.Erreklamazioa is not enhanced.

[2025-05-10 18:42:42 #14 type.registry] 
New type domain.Mezua

[2025-05-10 18:42:42 #15 type.registry] 
New type domain.Erreserba

[2025-05-10 18:42:42 #16 type.registry] 
New type domain.Admin

[2025-05-10 18:42:42 #17 type.registry] 
New type domain.Bidaiaria

[2025-05-10 18:42:42 #18 type] 
Type domain.Kotxea is not enhanced.

[2025-05-10 18:42:42 #19 type] 
Type domain.Ride is not enhanced.

[2025-05-10 18:42:42 #20 type] 
Type domain.Mezua is not enhanced.

[2025-05-10 18:42:42 #21 type] 
Type domain.Erreserba is not enhanced.

[2025-05-10 18:42:42 #22 type] 
Type domain.Admin is not enhanced.

[2025-05-10 18:42:42 #23 type] 
Type domain.Bidaiaria is not enhanced.

[2025-05-10 18:42:42 #24 type.registry] 
New type domain.Alerta

[2025-05-10 18:42:42 #25 type] 
Type domain.Alerta is not enhanced.

[2025-05-10 18:42:42 #26 type.registry] 
New type java.util.Vector<java.lang.Object>

[2025-05-10 18:42:42 #27 type.registry] 
New type java.util.Vector<domain.Mugimendua>

[2025-05-10 18:42:42 #28 type.registry] 
New type java.util.Vector<domain.Balorazioa>

[2025-05-10 18:42:42 #29 type.registry] 
New type java.util.Vector<domain.Ride>

[2025-05-10 18:42:42 #30 type.registry] 
New type java.util.Vector<domain.Kotxea>

[2025-05-10 18:42:42 #31 type.registry] 
New type java.util.Vector<domain.Erreklamazioa>

[2025-05-10 18:42:42 #32 type.registry] 
New type java.util.Vector<domain.Erreserba>

[2025-05-10 18:42:42 #33 type.registry] 
New type java.util.Vector<domain.Alerta>

[2025-05-10 18:42:42 #34 type.registry] 
New type java.util.Vector<domain.Mezua>

------------------------------------------------------------------------------------------------------------------------

[2025-05-10 21:06:50 #1 store] 
Database 'C:\Users\h165p\Desktop\Ingurunea\3Iterazioa\Rides24\src\main\resources\rides.temp' is opened by 5116@LAPTOP-CF3BRR4L

[2025-05-10 21:06:50 #2 type.registry] 
New type domain.User

[2025-05-10 21:06:50 #3 type.registry] 
New type domain.Driver

[2025-05-10 21:06:50 #4 type] 
Type domain.User is not enhanced.

[2025-05-10 21:06:50 #5 type.registry] 
New type domain.Balorazioa

[2025-05-10 21:06:50 #6 type.registry] 
New type domain.Mugimendua

[2025-05-10 21:06:50 #7 type] 
Type domain.Driver is not enhanced.

[2025-05-10 21:06:50 #8 type.registry] 
New type domain.Erreklamazioa

[2025-05-10 21:06:50 #9 type.registry] 
New type domain.Kotxea

[2025-05-10 21:06:50 #10 type.registry] 
New type domain.Ride

[2025-05-10 21:06:50 #11 type] 
Type domain.Balorazioa is not enhanced.

[2025-05-10 21:06:50 #12 type] 
Type domain.Mugimendua is not enhanced.

[2025-05-10 21:06:50 #13 type] 
Type domain.Erreklamazioa is not enhanced.

[2025-05-10 21:06:50 #14 type.registry] 
New type domain.Mezua

[2025-05-10 21:06:50 #15 type.registry] 
New type domain.Erreserba

[2025-05-10 21:06:50 #16 type.registry] 
New type domain.Admin

[2025-05-10 21:06:50 #17 type.registry] 
New type domain.Bidaiaria

[2025-05-10 21:06:50 #18 type] 
Type domain.Kotxea is not enhanced.

[2025-05-10 21:06:50 #19 type] 
Type domain.Ride is not enhanced.

[2025-05-10 21:06:50 #20 type] 
Type domain.Mezua is not enhanced.

[2025-05-10 21:06:50 #21 type] 
Type domain.Erreserba is not enhanced.

[2025-05-10 21:06:50 #22 type] 
Type domain.Admin is not enhanced.

[2025-05-10 21:06:50 #23 type] 
Type domain.Bidaiaria is not enhanced.

[2025-05-10 21:06:50 #24 type.registry] 
New type domain.Alerta

[2025-05-10 21:06:50 #25 type] 
Type domain.Alerta is not enhanced.

[2025-05-10 21:06:50 #26 type.registry] 
New type java.util.Vector<java.lang.Object>

[2025-05-10 21:06:50 #27 type.registry] 
New type java.util.Vector<domain.Mugimendua>

[2025-05-10 21:06:50 #28 type.registry] 
New type java.util.Vector<domain.Balorazioa>

[2025-05-10 21:06:50 #29 type.registry] 
New type java.util.Vector<domain.Ride>

[2025-05-10 21:06:50 #30 type.registry] 
New type java.util.Vector<domain.Kotxea>

[2025-05-10 21:06:50 #31 type.registry] 
New type java.util.Vector<domain.Erreklamazioa>

[2025-05-10 21:06:50 #32 type.registry] 
New type java.util.Vector<domain.Erreserba>

[2025-05-10 21:06:50 #33 type.registry] 
New type java.util.Vector<domain.Alerta>

[2025-05-10 21:06:50 #34 type.registry] 
New type java.util.Vector<domain.Mezua>

------------------------------------------------------------------------------------------------------------------------

[2025-05-10 21:19:02 #1 store] 
Database 'C:\Users\h165p\Desktop\Ingurunea\3Iterazioa\Rides24\src\main\resources\rides.temp' is opened by 21752@LAPTOP-CF3BRR4L

[2025-05-10 21:19:02 #2 type.registry] 
New type domain.User

[2025-05-10 21:19:02 #3 type.registry] 
New type domain.Driver

[2025-05-10 21:19:02 #4 type] 
Type domain.User is not enhanced.

[2025-05-10 21:19:02 #5 type.registry] 
New type domain.Balorazioa

[2025-05-10 21:19:02 #6 type.registry] 
New type domain.Mugimendua

[2025-05-10 21:19:02 #7 type] 
Type domain.Driver is not enhanced.

[2025-05-10 21:19:02 #8 type.registry] 
New type domain.Erreklamazioa

[2025-05-10 21:19:02 #9 type.registry] 
New type domain.Kotxea

[2025-05-10 21:19:02 #10 type.registry] 
New type domain.Ride

[2025-05-10 21:19:02 #11 type] 
Type domain.Balorazioa is not enhanced.

[2025-05-10 21:19:02 #12 type] 
Type domain.Mugimendua is not enhanced.

[2025-05-10 21:19:02 #13 type] 
Type domain.Erreklamazioa is not enhanced.

[2025-05-10 21:19:02 #14 type.registry] 
New type domain.Mezua

[2025-05-10 21:19:02 #15 type.registry] 
New type domain.Erreserba

[2025-05-10 21:19:02 #16 type.registry] 
New type domain.Admin

[2025-05-10 21:19:02 #17 type.registry] 
New type domain.Bidaiaria

[2025-05-10 21:19:02 #18 type] 
Type domain.Kotxea is not enhanced.

[2025-05-10 21:19:02 #19 type] 
Type domain.Ride is not enhanced.

[2025-05-10 21:19:02 #20 type] 
Type domain.Mezua is not enhanced.

[2025-05-10 21:19:02 #21 type] 
Type domain.Erreserba is not enhanced.

[2025-05-10 21:19:02 #22 type] 
Type domain.Admin is not enhanced.

[2025-05-10 21:19:02 #23 type] 
Type domain.Bidaiaria is not enhanced.

[2025-05-10 21:19:02 #24 type.registry] 
New type domain.Alerta

[2025-05-10 21:19:02 #25 type] 
Type domain.Alerta is not enhanced.

[2025-05-10 21:19:02 #26 type.registry] 
New type java.util.Vector<java.lang.Object>

[2025-05-10 21:19:02 #27 type.registry] 
New type java.util.Vector<domain.Mugimendua>

[2025-05-10 21:19:02 #28 type.registry] 
New type java.util.Vector<domain.Balorazioa>

[2025-05-10 21:19:02 #29 type.registry] 
New type java.util.Vector<domain.Ride>

[2025-05-10 21:19:02 #30 type.registry] 
New type java.util.Vector<domain.Kotxea>

[2025-05-10 21:19:02 #31 type.registry] 
New type java.util.Vector<domain.Erreklamazioa>

[2025-05-10 21:19:02 #32 type.registry] 
New type java.util.Vector<domain.Erreserba>

[2025-05-10 21:19:02 #33 type.registry] 
New type java.util.Vector<domain.Alerta>

[2025-05-10 21:19:02 #34 type.registry] 
New type java.util.Vector<domain.Mezua>

------------------------------------------------------------------------------------------------------------------------

[2025-05-10 21:21:22 #1 store] 
Database 'C:\Users\h165p\Desktop\Ingurunea\3Iterazioa\Rides24\src\main\resources\rides.temp' is opened by 12248@LAPTOP-CF3BRR4L

[2025-05-10 21:21:22 #2 type.registry] 
New type domain.User

[2025-05-10 21:21:22 #3 type.registry] 
New type domain.Driver

[2025-05-10 21:21:22 #4 type] 
Type domain.User is not enhanced.

[2025-05-10 21:21:22 #5 type.registry] 
New type domain.Balorazioa

[2025-05-10 21:21:22 #6 type.registry] 
New type domain.Mugimendua

[2025-05-10 21:21:22 #7 type] 
Type domain.Driver is not enhanced.

[2025-05-10 21:21:22 #8 type.registry] 
New type domain.Erreklamazioa

[2025-05-10 21:21:22 #9 type.registry] 
New type domain.Kotxea

[2025-05-10 21:21:22 #10 type.registry] 
New type domain.Ride

[2025-05-10 21:21:22 #11 type] 
Type domain.Balorazioa is not enhanced.

[2025-05-10 21:21:22 #12 type] 
Type domain.Mugimendua is not enhanced.

[2025-05-10 21:21:22 #13 type] 
Type domain.Erreklamazioa is not enhanced.

[2025-05-10 21:21:23 #14 type.registry] 
New type domain.Mezua

[2025-05-10 21:21:23 #15 type.registry] 
New type domain.Erreserba

[2025-05-10 21:21:23 #16 type.registry] 
New type domain.Admin

[2025-05-10 21:21:23 #17 type.registry] 
New type domain.Bidaiaria

[2025-05-10 21:21:23 #18 type] 
Type domain.Kotxea is not enhanced.

[2025-05-10 21:21:23 #19 type] 
Type domain.Ride is not enhanced.

[2025-05-10 21:21:23 #20 type] 
Type domain.Mezua is not enhanced.

[2025-05-10 21:21:23 #21 type] 
Type domain.Erreserba is not enhanced.

[2025-05-10 21:21:23 #22 type] 
Type domain.Admin is not enhanced.

[2025-05-10 21:21:23 #23 type] 
Type domain.Bidaiaria is not enhanced.

[2025-05-10 21:21:23 #24 type.registry] 
New type domain.Alerta

[2025-05-10 21:21:23 #25 type] 
Type domain.Alerta is not enhanced.

[2025-05-10 21:21:23 #26 type.registry] 
New type java.util.Vector<java.lang.Object>

[2025-05-10 21:21:23 #27 type.registry] 
New type java.util.Vector<domain.Mugimendua>

[2025-05-10 21:21:23 #28 type.registry] 
New type java.util.Vector<domain.Balorazioa>

[2025-05-10 21:21:23 #29 type.registry] 
New type java.util.Vector<domain.Ride>

[2025-05-10 21:21:23 #30 type.registry] 
New type java.util.Vector<domain.Kotxea>

[2025-05-10 21:21:23 #31 type.registry] 
New type java.util.Vector<domain.Erreklamazioa>

[2025-05-10 21:21:23 #32 type.registry] 
New type java.util.Vector<domain.Erreserba>

[2025-05-10 21:21:23 #33 type.registry] 
New type java.util.Vector<domain.Alerta>

[2025-05-10 21:21:23 #34 type.registry] 
New type java.util.Vector<domain.Mezua>

------------------------------------------------------------------------------------------------------------------------

[2025-05-10 21:26:58 #1 store] 
Database 'C:\Users\h165p\Desktop\Ingurunea\3Iterazioa\Rides24\src\main\resources\rides.temp' is opened by 8068@LAPTOP-CF3BRR4L

[2025-05-10 21:26:58 #2 type.registry] 
New type domain.User

[2025-05-10 21:26:58 #3 type.registry] 
New type domain.Driver

[2025-05-10 21:26:58 #4 type] 
Type domain.User is not enhanced.

[2025-05-10 21:26:58 #5 type.registry] 
New type domain.Balorazioa

[2025-05-10 21:26:58 #6 type.registry] 
New type domain.Mugimendua

[2025-05-10 21:26:58 #7 type] 
Type domain.Driver is not enhanced.

[2025-05-10 21:26:58 #8 type.registry] 
New type domain.Erreklamazioa

[2025-05-10 21:26:58 #9 type.registry] 
New type domain.Kotxea

[2025-05-10 21:26:58 #10 type.registry] 
New type domain.Ride

[2025-05-10 21:26:58 #11 type] 
Type domain.Balorazioa is not enhanced.

[2025-05-10 21:26:58 #12 type] 
Type domain.Mugimendua is not enhanced.

[2025-05-10 21:26:58 #13 type] 
Type domain.Erreklamazioa is not enhanced.

[2025-05-10 21:26:58 #14 type.registry] 
New type domain.Mezua

[2025-05-10 21:26:58 #15 type.registry] 
New type domain.Erreserba

[2025-05-10 21:26:58 #16 type.registry] 
New type domain.Admin

[2025-05-10 21:26:58 #17 type.registry] 
New type domain.Bidaiaria

[2025-05-10 21:26:58 #18 type] 
Type domain.Kotxea is not enhanced.

[2025-05-10 21:26:58 #19 type] 
Type domain.Ride is not enhanced.

[2025-05-10 21:26:58 #20 type] 
Type domain.Mezua is not enhanced.

[2025-05-10 21:26:58 #21 type] 
Type domain.Erreserba is not enhanced.

[2025-05-10 21:26:58 #22 type] 
Type domain.Admin is not enhanced.

[2025-05-10 21:26:58 #23 type] 
Type domain.Bidaiaria is not enhanced.

[2025-05-10 21:26:58 #24 type.registry] 
New type domain.Alerta

[2025-05-10 21:26:58 #25 type] 
Type domain.Alerta is not enhanced.

[2025-05-10 21:26:58 #26 type.registry] 
New type java.util.Vector<java.lang.Object>

[2025-05-10 21:26:58 #27 type.registry] 
New type java.util.Vector<domain.Mugimendua>

[2025-05-10 21:26:58 #28 type.registry] 
New type java.util.Vector<domain.Balorazioa>

[2025-05-10 21:26:58 #29 type.registry] 
New type java.util.Vector<domain.Ride>

[2025-05-10 21:26:58 #30 type.registry] 
New type java.util.Vector<domain.Kotxea>

[2025-05-10 21:26:58 #31 type.registry] 
New type java.util.Vector<domain.Erreklamazioa>

[2025-05-10 21:26:58 #32 type.registry] 
New type java.util.Vector<domain.Erreserba>

[2025-05-10 21:26:58 #33 type.registry] 
New type java.util.Vector<domain.Alerta>

[2025-05-10 21:26:58 #34 type.registry] 
New type java.util.Vector<domain.Mezua>

