------------------------------------------------------------------------------------------------------------------------

[2025-02-17 19:21:00 #1 store] 
Database 'E:\作业\24-25\SI\SI__\Rides24copy2\src\main\resources\rides.temp' is opened by 1440@暗影精灵8

[2025-02-17 19:21:00 #2 type.registry] 
New type domain.User

[2025-02-17 19:21:00 #3 type.registry] 
New type domain.Driver

[2025-02-17 19:21:00 #4 type] 
Type domain.Driver is not enhanced.

[2025-02-17 19:21:00 #5 type.registry] 
New type domain.Ride

[2025-02-17 19:21:00 #6 type] 
Type domain.Ride is not enhanced.

[2025-02-17 19:21:00 #7 type.registry] 
New type java.util.Vector<java.lang.Object>

[2025-02-17 19:21:00 #8 type.registry] 
New type java.util.Vector<domain.Ride>

------------------------------------------------------------------------------------------------------------------------

[2025-02-17 19:21:16 #1 store] 
Database 'E:\作业\24-25\SI\SI__\Rides24copy2\src\main\resources\rides.temp' is opened by 10864@暗影精灵8

[2025-02-17 19:21:16 #2 type.registry] 
New type domain.User

[2025-02-17 19:21:16 #3 type.registry] 
New type domain.Driver

[2025-02-17 19:21:16 #4 type] 
Type domain.Driver is not enhanced.

[2025-02-17 19:21:16 #5 type.registry] 
New type domain.Ride

[2025-02-17 19:21:16 #6 type] 
Type domain.Ride is not enhanced.

[2025-02-17 19:21:16 #7 type.registry] 
New type java.util.Vector<java.lang.Object>

[2025-02-17 19:21:16 #8 type.registry] 
New type java.util.Vector<domain.Ride>

------------------------------------------------------------------------------------------------------------------------

[2025-02-17 19:22:26 #1 store] 
Database 'E:\作业\24-25\SI\SI__\Rides24copy2\src\main\resources\rides.temp' is opened by 16428@暗影精灵8

[2025-02-17 19:22:26 #2 type.registry] 
New type domain.User

[2025-02-17 19:22:26 #3 type.registry] 
New type domain.Driver

[2025-02-17 19:22:26 #4 type] 
Type domain.Driver is not enhanced.

[2025-02-17 19:22:26 #5 type.registry] 
New type domain.Ride

[2025-02-17 19:22:26 #6 type] 
Type domain.Ride is not enhanced.

[2025-02-17 19:22:26 #7 type.registry] 
New type java.util.Vector<java.lang.Object>

[2025-02-17 19:22:26 #8 type.registry] 
New type java.util.Vector<domain.Ride>

------------------------------------------------------------------------------------------------------------------------

[2025-02-17 19:25:30 #1 store] 
Database 'E:\作业\24-25\SI\SI__\Rides24copy2\src\main\resources\rides.temp' is opened by 11624@暗影精灵8

[2025-02-17 19:25:30 #2 type.registry] 
New type domain.User

[2025-02-17 19:25:30 #3 type.registry] 
New type domain.Driver

[2025-02-17 19:25:30 #4 type] 
Type domain.Driver is not enhanced.

[2025-02-17 19:25:30 #5 type.registry] 
New type domain.Ride

[2025-02-17 19:25:30 #6 type] 
Type domain.Ride is not enhanced.

[2025-02-17 19:25:30 #7 type.registry] 
New type java.util.Vector<java.lang.Object>

[2025-02-17 19:25:30 #8 type.registry] 
New type java.util.Vector<domain.Ride>

------------------------------------------------------------------------------------------------------------------------

[2025-02-17 19:27:28 #1 store] 
Database 'E:\作业\24-25\SI\SI__\Rides24copy2\src\main\resources\rides.temp' is opened by 2556@暗影精灵8

[2025-02-17 19:27:29 #2 type.registry] 
New type domain.User

[2025-02-17 19:27:29 #3 type.registry] 
New type domain.Driver

[2025-02-17 19:27:29 #4 type] 
Type domain.Driver is not enhanced.

[2025-02-17 19:27:29 #5 type.registry] 
New type domain.Ride

[2025-02-17 19:27:29 #6 type] 
Type domain.Ride is not enhanced.

[2025-02-17 19:27:29 #7 type.registry] 
New type java.util.Vector<java.lang.Object>

[2025-02-17 19:27:29 #8 type.registry] 
New type java.util.Vector<domain.Ride>

------------------------------------------------------------------------------------------------------------------------

[2025-02-17 19:28:07 #1 store] 
Database 'E:\作业\24-25\SI\SI__\Rides24copy2\src\main\resources\rides.temp' is opened by 12068@暗影精灵8

[2025-02-17 19:28:07 #2 type.registry] 
New type domain.User

[2025-02-17 19:28:07 #3 type.registry] 
New type domain.Driver

[2025-02-17 19:28:07 #4 type] 
Type domain.Driver is not enhanced.

[2025-02-17 19:28:07 #5 type.registry] 
New type domain.Ride

[2025-02-17 19:28:07 #6 type] 
Type domain.Ride is not enhanced.

[2025-02-17 19:28:07 #7 type.registry] 
New type java.util.Vector<java.lang.Object>

[2025-02-17 19:28:07 #8 type.registry] 
New type java.util.Vector<domain.Ride>

------------------------------------------------------------------------------------------------------------------------

[2025-02-17 19:28:15 #1 store] 
Database 'E:\作业\24-25\SI\SI__\Rides24copy2\src\main\resources\rides.temp' is opened by 10040@暗影精灵8

[2025-02-17 19:28:15 #2 type.registry] 
New type domain.User

[2025-02-17 19:28:15 #3 type.registry] 
New type domain.Driver

[2025-02-17 19:28:15 #4 type] 
Type domain.Driver is not enhanced.

[2025-02-17 19:28:15 #5 type.registry] 
New type domain.Ride

[2025-02-17 19:28:15 #6 type] 
Type domain.Ride is not enhanced.

[2025-02-17 19:28:15 #7 type.registry] 
New type java.util.Vector<java.lang.Object>

[2025-02-17 19:28:15 #8 type.registry] 
New type java.util.Vector<domain.Ride>

------------------------------------------------------------------------------------------------------------------------

[2025-02-17 19:31:46 #1 store] 
Database 'E:\作业\24-25\SI\SI__\Rides24copy2\src\main\resources\rides.temp' is opened by 3440@暗影精灵8

[2025-02-17 19:31:46 #2 type.registry] 
New type domain.User

[2025-02-17 19:31:46 #3 type.registry] 
New type domain.Driver

[2025-02-17 19:31:46 #4 type] 
Type domain.Driver is not enhanced.

[2025-02-17 19:31:46 #5 type.registry] 
New type domain.Ride

[2025-02-17 19:31:46 #6 type] 
Type domain.Ride is not enhanced.

[2025-02-17 19:31:46 #7 type.registry] 
New type java.util.Vector<java.lang.Object>

[2025-02-17 19:31:46 #8 type.registry] 
New type java.util.Vector<domain.Ride>

------------------------------------------------------------------------------------------------------------------------

[2025-02-17 19:32:11 #1 store] 
Database 'E:\作业\24-25\SI\SI__\Rides24copy2\src\main\resources\rides.temp' is opened by 17940@暗影精灵8

[2025-02-17 19:32:11 #2 type.registry] 
New type domain.User

[2025-02-17 19:32:11 #3 type.registry] 
New type domain.Driver

[2025-02-17 19:32:11 #4 type] 
Type domain.Driver is not enhanced.

[2025-02-17 19:32:11 #5 type.registry] 
New type domain.Ride

[2025-02-17 19:32:11 #6 type] 
Type domain.Ride is not enhanced.

[2025-02-17 19:32:11 #7 type.registry] 
New type java.util.Vector<java.lang.Object>

[2025-02-17 19:32:11 #8 type.registry] 
New type java.util.Vector<domain.Ride>

------------------------------------------------------------------------------------------------------------------------

[2025-02-17 19:41:36 #1 store] 
Database 'E:\作业\24-25\SI\SI__\Rides24copy3\src\main\resources\rides.temp' is opened by 5092@暗影精灵8

[2025-02-17 19:41:36 #2 type.registry] 
New type domain.User

[2025-02-17 19:41:36 #3 type.registry] 
New type domain.Driver

[2025-02-17 19:41:36 #4 type] 
Type domain.Driver is not enhanced.

[2025-02-17 19:41:36 #5 type.registry] 
New type domain.Ride

[2025-02-17 19:41:36 #6 type] 
Type domain.Ride is not enhanced.

[2025-02-17 19:41:36 #7 type.registry] 
New type java.util.Vector<java.lang.Object>

[2025-02-17 19:41:36 #8 type.registry] 
New type java.util.Vector<domain.Ride>

------------------------------------------------------------------------------------------------------------------------

[2025-02-17 19:42:50 #1 store] 
Database 'E:\作业\24-25\SI\SI__\Rides24copy3\src\main\resources\rides.temp' is opened by 8216@暗影精灵8

[2025-02-17 19:42:50 #2 type.registry] 
New type domain.User

[2025-02-17 19:42:50 #3 type.registry] 
New type domain.Driver

[2025-02-17 19:42:50 #4 type] 
Type domain.Driver is not enhanced.

[2025-02-17 19:42:50 #5 type.registry] 
New type domain.Ride

[2025-02-17 19:42:50 #6 type] 
Type domain.Ride is not enhanced.

[2025-02-17 19:42:50 #7 type.registry] 
New type java.util.Vector<java.lang.Object>

[2025-02-17 19:42:50 #8 type.registry] 
New type java.util.Vector<domain.Ride>

------------------------------------------------------------------------------------------------------------------------

[2025-02-17 19:44:02 #1 store] 
Database 'E:\作业\24-25\SI\SI__\Rides24copy3\src\main\resources\rides.temp' is opened by 2568@暗影精灵8

[2025-02-17 19:44:02 #2 type.registry] 
New type domain.User

[2025-02-17 19:44:02 #3 type.registry] 
New type domain.Driver

[2025-02-17 19:44:02 #4 type] 
Type domain.Driver is not enhanced.

[2025-02-17 19:44:02 #5 type.registry] 
New type domain.Ride

[2025-02-17 19:44:02 #6 type] 
Type domain.Ride is not enhanced.

[2025-02-17 19:44:02 #7 type.registry] 
New type java.util.Vector<java.lang.Object>

[2025-02-17 19:44:02 #8 type.registry] 
New type java.util.Vector<domain.Ride>

------------------------------------------------------------------------------------------------------------------------

[2025-02-17 19:44:25 #1 store] 
Database 'E:\作业\24-25\SI\SI__\Rides24copy3\src\main\resources\rides.temp' is opened by 18704@暗影精灵8

[2025-02-17 19:44:25 #2 type.registry] 
New type domain.User

[2025-02-17 19:44:25 #3 type.registry] 
New type domain.Driver

[2025-02-17 19:44:25 #4 type] 
Type domain.Driver is not enhanced.

[2025-02-17 19:44:25 #5 type.registry] 
New type domain.Ride

[2025-02-17 19:44:25 #6 type] 
Type domain.Ride is not enhanced.

[2025-02-17 19:44:25 #7 type.registry] 
New type java.util.Vector<java.lang.Object>

[2025-02-17 19:44:25 #8 type.registry] 
New type java.util.Vector<domain.Ride>

------------------------------------------------------------------------------------------------------------------------

[2025-02-17 19:46:19 #1 store] 
Database 'E:\作业\24-25\SI\SI__\Rides24copy3\src\main\resources\rides.temp' is opened by 12616@暗影精灵8

[2025-02-17 19:46:19 #2 type.registry] 
New type domain.User

[2025-02-17 19:46:19 #3 type.registry] 
New type domain.Driver

[2025-02-17 19:46:19 #4 type] 
Type domain.Driver is not enhanced.

[2025-02-17 19:46:19 #5 type.registry] 
New type domain.Ride

[2025-02-17 19:46:19 #6 type] 
Type domain.Ride is not enhanced.

[2025-02-17 19:46:19 #7 type.registry] 
New type java.util.Vector<java.lang.Object>

[2025-02-17 19:46:19 #8 type.registry] 
New type java.util.Vector<domain.Ride>

------------------------------------------------------------------------------------------------------------------------

[2025-02-17 19:47:46 #1 store] 
Database 'E:\作业\24-25\SI\SI__\Rides24copy3\src\main\resources\rides.temp' is opened by 16076@暗影精灵8

[2025-02-17 19:47:46 #2 type.registry] 
New type domain.User

[2025-02-17 19:47:46 #3 type.registry] 
New type domain.Driver

[2025-02-17 19:47:46 #4 type] 
Type domain.Driver is not enhanced.

[2025-02-17 19:47:46 #5 type.registry] 
New type domain.Ride

[2025-02-17 19:47:46 #6 type] 
Type domain.Ride is not enhanced.

[2025-02-17 19:47:46 #7 type.registry] 
New type java.util.Vector<java.lang.Object>

[2025-02-17 19:47:46 #8 type.registry] 
New type java.util.Vector<domain.Ride>

------------------------------------------------------------------------------------------------------------------------

[2025-02-17 19:49:03 #1 store] 
Database 'E:\作业\24-25\SI\SI__\Rides24copy3\src\main\resources\rides.temp' is opened by 11332@暗影精灵8

[2025-02-17 19:49:03 #2 type.registry] 
New type domain.User

[2025-02-17 19:49:03 #3 type.registry] 
New type domain.Driver

[2025-02-17 19:49:03 #4 type] 
Type domain.Driver is not enhanced.

[2025-02-17 19:49:03 #5 type.registry] 
New type domain.Ride

[2025-02-17 19:49:03 #6 type] 
Type domain.Ride is not enhanced.

[2025-02-17 19:49:03 #7 type.registry] 
New type java.util.Vector<java.lang.Object>

[2025-02-17 19:49:03 #8 type.registry] 
New type java.util.Vector<domain.Ride>

------------------------------------------------------------------------------------------------------------------------

[2025-02-17 19:52:51 #1 store] 
Database 'E:\作业\24-25\SI\SI__\Rides24copy3\src\main\resources\rides.temp' is opened by 18376@暗影精灵8

[2025-02-17 19:52:51 #2 type.registry] 
New type domain.User

[2025-02-17 19:52:51 #3 type.registry] 
New type domain.Driver

[2025-02-17 19:52:51 #4 type] 
Type domain.Driver is not enhanced.

[2025-02-17 19:52:51 #5 type.registry] 
New type domain.Ride

[2025-02-17 19:52:51 #6 type] 
Type domain.Ride is not enhanced.

[2025-02-17 19:52:51 #7 type.registry] 
New type java.util.Vector<java.lang.Object>

[2025-02-17 19:52:51 #8 type.registry] 
New type java.util.Vector<domain.Ride>

------------------------------------------------------------------------------------------------------------------------

[2025-02-17 19:54:25 #1 store] 
Database 'E:\作业\24-25\SI\SI__\Rides24copy3\src\main\resources\rides.temp' is opened by 3468@暗影精灵8

[2025-02-17 19:54:25 #2 type.registry] 
New type domain.User

[2025-02-17 19:54:25 #3 type.registry] 
New type domain.Driver

[2025-02-17 19:54:25 #4 type] 
Type domain.Driver is not enhanced.

[2025-02-17 19:54:25 #5 type.registry] 
New type domain.Ride

[2025-02-17 19:54:25 #6 type] 
Type domain.Ride is not enhanced.

[2025-02-17 19:54:25 #7 type.registry] 
New type java.util.Vector<java.lang.Object>

[2025-02-17 19:54:25 #8 type.registry] 
New type java.util.Vector<domain.Ride>

------------------------------------------------------------------------------------------------------------------------

[2025-02-17 19:59:21 #1 store] 
Database 'E:\作业\24-25\SI\SI__\Rides24copy3\src\main\resources\rides.temp' is opened by 4316@暗影精灵8

[2025-02-17 19:59:21 #2 type.registry] 
New type domain.User

[2025-02-17 19:59:21 #3 type.registry] 
New type domain.Driver

[2025-02-17 19:59:21 #4 type] 
Type domain.Driver is not enhanced.

[2025-02-17 19:59:21 #5 type.registry] 
New type domain.Ride

[2025-02-17 19:59:21 #6 type] 
Type domain.Ride is not enhanced.

[2025-02-17 19:59:21 #7 type.registry] 
New type java.util.Vector<java.lang.Object>

[2025-02-17 19:59:21 #8 type.registry] 
New type java.util.Vector<domain.Ride>

------------------------------------------------------------------------------------------------------------------------

[2025-02-17 20:00:08 #1 store] 
Database 'E:\作业\24-25\SI\SI__\Rides24copy3\src\main\resources\rides.temp' is opened by 2584@暗影精灵8

[2025-02-17 20:00:08 #2 type.registry] 
New type domain.User

[2025-02-17 20:00:08 #3 type.registry] 
New type domain.Driver

[2025-02-17 20:00:08 #4 type] 
Type domain.Driver is not enhanced.

[2025-02-17 20:00:08 #5 type.registry] 
New type domain.Ride

[2025-02-17 20:00:08 #6 type] 
Type domain.Ride is not enhanced.

[2025-02-17 20:00:09 #7 type.registry] 
New type java.util.Vector<java.lang.Object>

[2025-02-17 20:00:09 #8 type.registry] 
New type java.util.Vector<domain.Ride>

------------------------------------------------------------------------------------------------------------------------

[2025-02-17 20:04:38 #1 store] 
Database 'E:\作业\24-25\SI\SI__\Rides24copy3\src\main\resources\rides.temp' is opened by 11112@暗影精灵8

[2025-02-17 20:04:38 #2 type.registry] 
New type domain.User

[2025-02-17 20:04:38 #3 type.registry] 
New type domain.Driver

[2025-02-17 20:04:38 #4 type] 
Type domain.Driver is not enhanced.

[2025-02-17 20:04:38 #5 type.registry] 
New type domain.Ride

[2025-02-17 20:04:38 #6 type] 
Type domain.Ride is not enhanced.

[2025-02-17 20:04:38 #7 type.registry] 
New type java.util.Vector<java.lang.Object>

[2025-02-17 20:04:38 #8 type.registry] 
New type java.util.Vector<domain.Ride>

------------------------------------------------------------------------------------------------------------------------

[2025-02-17 20:05:07 #1 store] 
Database 'E:\作业\24-25\SI\SI__\Rides24copy3\src\main\resources\rides.temp' is opened by 14052@暗影精灵8

[2025-02-17 20:05:07 #2 type.registry] 
New type domain.User

[2025-02-17 20:05:07 #3 type.registry] 
New type domain.Driver

[2025-02-17 20:05:07 #4 type] 
Type domain.Driver is not enhanced.

[2025-02-17 20:05:07 #5 type.registry] 
New type domain.Ride

[2025-02-17 20:05:07 #6 type] 
Type domain.Ride is not enhanced.

[2025-02-17 20:05:07 #7 type.registry] 
New type java.util.Vector<java.lang.Object>

[2025-02-17 20:05:07 #8 type.registry] 
New type java.util.Vector<domain.Ride>

