------------------------------------------------------------------------------------------------------------------------

[2025-05-12 14:50:01 #1 store] 
Database 'E:\作业\24-25\SI\3iterazio\Rides24\src\main\resources\rides.temp' is opened by 15308@暗影精灵8

[2025-05-12 14:50:01 #2 type.registry] 
New type domain.User

[2025-05-12 14:50:01 #3 type.registry] 
New type domain.Driver

[2025-05-12 14:50:01 #4 type] 
Type domain.User is not enhanced.

[2025-05-12 14:50:01 #5 type.registry] 
New type domain.Balorazioa

[2025-05-12 14:50:01 #6 type.registry] 
New type domain.Mugimendua

[2025-05-12 14:50:01 #7 type] 
Type domain.Driver is not enhanced.

[2025-05-12 14:50:01 #8 type.registry] 
New type domain.Erreklamazioa

[2025-05-12 14:50:01 #9 type.registry] 
New type domain.Kotxea

[2025-05-12 14:50:01 #10 type.registry] 
New type domain.Ride

[2025-05-12 14:50:01 #11 type] 
Type domain.Balorazioa is not enhanced.

[2025-05-12 14:50:01 #12 type] 
Type domain.Mugimendua is not enhanced.

[2025-05-12 14:50:01 #13 type] 
Type domain.Erreklamazioa is not enhanced.

[2025-05-12 14:50:01 #14 type.registry] 
New type domain.Mezua

[2025-05-12 14:50:01 #15 type.registry] 
New type domain.Erreserba

[2025-05-12 14:50:01 #16 type.registry] 
New type domain.Admin

[2025-05-12 14:50:01 #17 type.registry] 
New type domain.Bidaiaria

[2025-05-12 14:50:01 #18 type] 
Type domain.Kotxea is not enhanced.

[2025-05-12 14:50:01 #19 type] 
Type domain.Ride is not enhanced.

[2025-05-12 14:50:01 #20 type] 
Type domain.Mezua is not enhanced.

[2025-05-12 14:50:01 #21 type] 
Type domain.Erreserba is not enhanced.

[2025-05-12 14:50:01 #22 type] 
Type domain.Admin is not enhanced.

[2025-05-12 14:50:01 #23 type] 
Type domain.Bidaiaria is not enhanced.

[2025-05-12 14:50:01 #24 type.registry] 
New type domain.Alerta

[2025-05-12 14:50:01 #25 type] 
Type domain.Alerta is not enhanced.

[2025-05-12 14:50:01 #26 type.registry] 
New type java.util.Vector<java.lang.Object>

[2025-05-12 14:50:01 #27 type.registry] 
New type java.util.Vector<domain.Mugimendua>

[2025-05-12 14:50:01 #28 type.registry] 
New type java.util.Vector<domain.Balorazioa>

[2025-05-12 14:50:01 #29 type.registry] 
New type java.util.Vector<domain.Ride>

[2025-05-12 14:50:01 #30 type.registry] 
New type java.util.Vector<domain.Kotxea>

[2025-05-12 14:50:01 #31 type.registry] 
New type java.util.Vector<domain.Erreklamazioa>

[2025-05-12 14:50:01 #32 type.registry] 
New type java.util.Vector<domain.Erreserba>

[2025-05-12 14:50:01 #33 type.registry] 
New type java.util.Vector<domain.Alerta>

[2025-05-12 14:50:01 #34 type.registry] 
New type java.util.Vector<domain.Mezua>

