------------------------------------------------------------------------------------------------------------------------

[2025-05-06 14:48:52 #1 store] 
Database 'C:\Users\h165p\Desktop\Ingurunea\3Iterazioa\Rides24\src\main\resources\rides.temp' is opened by 10852@LAPTOP-CF3BRR4L

[2025-05-06 14:48:52 #2 type.registry] 
New type domain.User

[2025-05-06 14:48:52 #3 type.registry] 
New type domain.Driver

[2025-05-06 14:48:52 #4 type] 
Type domain.User is not enhanced.

[2025-05-06 14:48:52 #5 type.registry] 
New type domain.Erreklamazioa

[2025-05-06 14:48:52 #6 type.registry] 
New type domain.Balorazioa

[2025-05-06 14:48:52 #7 type.registry] 
New type domain.Mugimendua

[2025-05-06 14:48:52 #8 type] 
Type domain.Driver is not enhanced.

[2025-05-06 14:48:52 #9 type.registry] 
New type domain.Kotxea

[2025-05-06 14:48:52 #10 type.registry] 
New type domain.Ride

[2025-05-06 14:48:52 #11 type] 
Type domain.Erreklamazioa is not enhanced.

[2025-05-06 14:48:52 #12 type.registry] 
New type domain.Admin

[2025-05-06 14:48:52 #13 type.registry] 
New type domain.Bidaiaria

[2025-05-06 14:48:52 #14 type] 
Type domain.Balorazioa is not enhanced.

[2025-05-06 14:48:52 #15 type] 
Type domain.Mugimendua is not enhanced.

[2025-05-06 14:48:52 #16 type] 
Type domain.Kotxea is not enhanced.

[2025-05-06 14:48:52 #17 type] 
Type domain.Ride is not enhanced.

[2025-05-06 14:48:52 #18 type.registry] 
New type domain.Erreserba

[2025-05-06 14:48:52 #19 type] 
Type domain.Admin is not enhanced.

[2025-05-06 14:48:52 #20 type] 
Type domain.Bidaiaria is not enhanced.

[2025-05-06 14:48:52 #21 type] 
Type domain.Erreserba is not enhanced.

[2025-05-06 14:48:52 #22 type.registry] 
New type java.util.Vector<java.lang.Object>

[2025-05-06 14:48:52 #23 type.registry] 
New type java.util.Vector<domain.Mugimendua>

[2025-05-06 14:48:52 #24 type.registry] 
New type java.util.Vector<domain.Balorazioa>

[2025-05-06 14:48:52 #25 type.registry] 
New type java.util.Vector<domain.Erreklamazioa>

[2025-05-06 14:48:52 #26 type.registry] 
New type java.util.Vector<domain.Ride>

[2025-05-06 14:48:52 #27 type.registry] 
New type java.util.Vector<domain.Kotxea>

[2025-05-06 14:48:52 #28 type.registry] 
New type java.util.Vector<domain.Erreserba>

------------------------------------------------------------------------------------------------------------------------

[2025-05-06 15:05:28 #1 store] 
Database 'C:\Users\h165p\Desktop\Ingurunea\3Iterazioa\Rides24\src\main\resources\rides.temp' is opened by 22320@LAPTOP-CF3BRR4L

[2025-05-06 15:05:28 #2 type.registry] 
New type domain.User

[2025-05-06 15:05:28 #3 type.registry] 
New type domain.Driver

[2025-05-06 15:05:28 #4 type] 
Type domain.User is not enhanced.

[2025-05-06 15:05:28 #5 type.registry] 
New type domain.Erreklamazioa

[2025-05-06 15:05:28 #6 type.registry] 
New type domain.Balorazioa

[2025-05-06 15:05:28 #7 type.registry] 
New type domain.Mugimendua

[2025-05-06 15:05:28 #8 type] 
Type domain.Driver is not enhanced.

[2025-05-06 15:05:28 #9 type.registry] 
New type domain.Kotxea

[2025-05-06 15:05:28 #10 type.registry] 
New type domain.Ride

[2025-05-06 15:05:28 #11 type] 
Type domain.Erreklamazioa is not enhanced.

[2025-05-06 15:05:28 #12 type.registry] 
New type domain.Admin

[2025-05-06 15:05:28 #13 type.registry] 
New type domain.Bidaiaria

[2025-05-06 15:05:28 #14 type] 
Type domain.Balorazioa is not enhanced.

[2025-05-06 15:05:28 #15 type] 
Type domain.Mugimendua is not enhanced.

[2025-05-06 15:05:28 #16 type] 
Type domain.Kotxea is not enhanced.

[2025-05-06 15:05:28 #17 type] 
Type domain.Ride is not enhanced.

[2025-05-06 15:05:28 #18 type.registry] 
New type domain.Erreserba

[2025-05-06 15:05:28 #19 type] 
Type domain.Admin is not enhanced.

[2025-05-06 15:05:28 #20 type] 
Type domain.Bidaiaria is not enhanced.

[2025-05-06 15:05:28 #21 type] 
Type domain.Erreserba is not enhanced.

[2025-05-06 15:05:28 #22 type.registry] 
New type java.util.Vector<java.lang.Object>

[2025-05-06 15:05:28 #23 type.registry] 
New type java.util.Vector<domain.Mugimendua>

[2025-05-06 15:05:28 #24 type.registry] 
New type java.util.Vector<domain.Balorazioa>

[2025-05-06 15:05:28 #25 type.registry] 
New type java.util.Vector<domain.Erreklamazioa>

[2025-05-06 15:05:28 #26 type.registry] 
New type java.util.Vector<domain.Ride>

[2025-05-06 15:05:28 #27 type.registry] 
New type java.util.Vector<domain.Kotxea>

[2025-05-06 15:05:28 #28 type.registry] 
New type java.util.Vector<domain.Erreserba>

------------------------------------------------------------------------------------------------------------------------

[2025-05-06 15:10:34 #1 store] 
Database 'C:\Users\h165p\Desktop\Ingurunea\3Iterazioa\Rides24\src\main\resources\rides.temp' is opened by 24572@LAPTOP-CF3BRR4L

[2025-05-06 15:10:34 #2 type.registry] 
New type domain.User

[2025-05-06 15:10:34 #3 type.registry] 
New type domain.Driver

[2025-05-06 15:10:34 #4 type] 
Type domain.User is not enhanced.

[2025-05-06 15:10:34 #5 type.registry] 
New type domain.Erreklamazioa

[2025-05-06 15:10:34 #6 type.registry] 
New type domain.Balorazioa

[2025-05-06 15:10:34 #7 type.registry] 
New type domain.Mugimendua

[2025-05-06 15:10:34 #8 type] 
Type domain.Driver is not enhanced.

[2025-05-06 15:10:34 #9 type.registry] 
New type domain.Kotxea

[2025-05-06 15:10:34 #10 type.registry] 
New type domain.Ride

[2025-05-06 15:10:34 #11 type] 
Type domain.Erreklamazioa is not enhanced.

[2025-05-06 15:10:34 #12 type.registry] 
New type domain.Admin

[2025-05-06 15:10:34 #13 type.registry] 
New type domain.Bidaiaria

[2025-05-06 15:10:34 #14 type] 
Type domain.Balorazioa is not enhanced.

[2025-05-06 15:10:34 #15 type] 
Type domain.Mugimendua is not enhanced.

[2025-05-06 15:10:34 #16 type] 
Type domain.Kotxea is not enhanced.

[2025-05-06 15:10:34 #17 type] 
Type domain.Ride is not enhanced.

[2025-05-06 15:10:34 #18 type.registry] 
New type domain.Erreserba

[2025-05-06 15:10:34 #19 type] 
Type domain.Admin is not enhanced.

[2025-05-06 15:10:34 #20 type] 
Type domain.Bidaiaria is not enhanced.

[2025-05-06 15:10:34 #21 type] 
Type domain.Erreserba is not enhanced.

[2025-05-06 15:10:34 #22 type.registry] 
New type java.util.Vector<java.lang.Object>

[2025-05-06 15:10:34 #23 type.registry] 
New type java.util.Vector<domain.Mugimendua>

[2025-05-06 15:10:34 #24 type.registry] 
New type java.util.Vector<domain.Balorazioa>

[2025-05-06 15:10:34 #25 type.registry] 
New type java.util.Vector<domain.Erreklamazioa>

[2025-05-06 15:10:34 #26 type.registry] 
New type java.util.Vector<domain.Ride>

[2025-05-06 15:10:34 #27 type.registry] 
New type java.util.Vector<domain.Kotxea>

[2025-05-06 15:10:34 #28 type.registry] 
New type java.util.Vector<domain.Erreserba>

------------------------------------------------------------------------------------------------------------------------

[2025-05-06 15:11:10 #1 store] 
Database 'C:\Users\h165p\Desktop\Ingurunea\3Iterazioa\Rides24\src\main\resources\rides.temp' is opened by 15344@LAPTOP-CF3BRR4L

[2025-05-06 15:11:10 #2 type.registry] 
New type domain.User

[2025-05-06 15:11:10 #3 type.registry] 
New type domain.Driver

[2025-05-06 15:11:10 #4 type] 
Type domain.User is not enhanced.

[2025-05-06 15:11:10 #5 type.registry] 
New type domain.Erreklamazioa

[2025-05-06 15:11:10 #6 type.registry] 
New type domain.Balorazioa

[2025-05-06 15:11:10 #7 type.registry] 
New type domain.Mugimendua

[2025-05-06 15:11:10 #8 type] 
Type domain.Driver is not enhanced.

[2025-05-06 15:11:10 #9 type.registry] 
New type domain.Kotxea

[2025-05-06 15:11:10 #10 type.registry] 
New type domain.Ride

[2025-05-06 15:11:10 #11 type] 
Type domain.Erreklamazioa is not enhanced.

[2025-05-06 15:11:10 #12 type.registry] 
New type domain.Admin

[2025-05-06 15:11:10 #13 type.registry] 
New type domain.Bidaiaria

[2025-05-06 15:11:10 #14 type] 
Type domain.Balorazioa is not enhanced.

[2025-05-06 15:11:10 #15 type] 
Type domain.Mugimendua is not enhanced.

[2025-05-06 15:11:10 #16 type] 
Type domain.Kotxea is not enhanced.

[2025-05-06 15:11:10 #17 type] 
Type domain.Ride is not enhanced.

[2025-05-06 15:11:10 #18 type.registry] 
New type domain.Erreserba

[2025-05-06 15:11:10 #19 type] 
Type domain.Admin is not enhanced.

[2025-05-06 15:11:10 #20 type] 
Type domain.Bidaiaria is not enhanced.

[2025-05-06 15:11:10 #21 type] 
Type domain.Erreserba is not enhanced.

[2025-05-06 15:11:10 #22 type.registry] 
New type java.util.Vector<java.lang.Object>

[2025-05-06 15:11:10 #23 type.registry] 
New type java.util.Vector<domain.Mugimendua>

[2025-05-06 15:11:10 #24 type.registry] 
New type java.util.Vector<domain.Balorazioa>

[2025-05-06 15:11:10 #25 type.registry] 
New type java.util.Vector<domain.Erreklamazioa>

[2025-05-06 15:11:10 #26 type.registry] 
New type java.util.Vector<domain.Ride>

[2025-05-06 15:11:10 #27 type.registry] 
New type java.util.Vector<domain.Kotxea>

[2025-05-06 15:11:10 #28 type.registry] 
New type java.util.Vector<domain.Erreserba>

------------------------------------------------------------------------------------------------------------------------

[2025-05-06 15:17:51 #1 store] 
Database 'C:\Users\h165p\Desktop\Ingurunea\3Iterazioa\Rides24\src\main\resources\rides.temp' is opened by 15632@LAPTOP-CF3BRR4L

[2025-05-06 15:17:51 #2 type.registry] 
New type domain.User

[2025-05-06 15:17:51 #3 type.registry] 
New type domain.Driver

[2025-05-06 15:17:51 #4 type] 
Type domain.User is not enhanced.

[2025-05-06 15:17:51 #5 type.registry] 
New type domain.Erreklamazioa

[2025-05-06 15:17:51 #6 type.registry] 
New type domain.Balorazioa

[2025-05-06 15:17:51 #7 type.registry] 
New type domain.Mugimendua

[2025-05-06 15:17:51 #8 type] 
Type domain.Driver is not enhanced.

[2025-05-06 15:17:51 #9 type.registry] 
New type domain.Kotxea

[2025-05-06 15:17:51 #10 type.registry] 
New type domain.Ride

[2025-05-06 15:17:51 #11 type] 
Type domain.Erreklamazioa is not enhanced.

[2025-05-06 15:17:51 #12 type.registry] 
New type domain.Admin

[2025-05-06 15:17:51 #13 type.registry] 
New type domain.Bidaiaria

[2025-05-06 15:17:51 #14 type] 
Type domain.Balorazioa is not enhanced.

[2025-05-06 15:17:51 #15 type] 
Type domain.Mugimendua is not enhanced.

[2025-05-06 15:17:51 #16 type] 
Type domain.Kotxea is not enhanced.

[2025-05-06 15:17:51 #17 type] 
Type domain.Ride is not enhanced.

[2025-05-06 15:17:51 #18 type.registry] 
New type domain.Erreserba

[2025-05-06 15:17:51 #19 type] 
Type domain.Admin is not enhanced.

[2025-05-06 15:17:51 #20 type] 
Type domain.Bidaiaria is not enhanced.

[2025-05-06 15:17:51 #21 type] 
Type domain.Erreserba is not enhanced.

[2025-05-06 15:17:51 #22 type.registry] 
New type java.util.Vector<java.lang.Object>

[2025-05-06 15:17:51 #23 type.registry] 
New type java.util.Vector<domain.Mugimendua>

[2025-05-06 15:17:51 #24 type.registry] 
New type java.util.Vector<domain.Balorazioa>

[2025-05-06 15:17:51 #25 type.registry] 
New type java.util.Vector<domain.Erreklamazioa>

[2025-05-06 15:17:51 #26 type.registry] 
New type java.util.Vector<domain.Ride>

[2025-05-06 15:17:51 #27 type.registry] 
New type java.util.Vector<domain.Kotxea>

[2025-05-06 15:17:51 #28 type.registry] 
New type java.util.Vector<domain.Erreserba>

------------------------------------------------------------------------------------------------------------------------

[2025-05-06 15:19:45 #1 store] 
Database 'C:\Users\h165p\Desktop\Ingurunea\3Iterazioa\Rides24\src\main\resources\rides.temp' is opened by 10304@LAPTOP-CF3BRR4L

[2025-05-06 15:19:46 #2 type.registry] 
New type domain.User

[2025-05-06 15:19:46 #3 type.registry] 
New type domain.Driver

[2025-05-06 15:19:46 #4 type] 
Type domain.User is not enhanced.

[2025-05-06 15:19:46 #5 type.registry] 
New type domain.Erreklamazioa

[2025-05-06 15:19:46 #6 type.registry] 
New type domain.Balorazioa

[2025-05-06 15:19:46 #7 type.registry] 
New type domain.Mugimendua

[2025-05-06 15:19:46 #8 type] 
Type domain.Driver is not enhanced.

[2025-05-06 15:19:46 #9 type.registry] 
New type domain.Kotxea

[2025-05-06 15:19:46 #10 type.registry] 
New type domain.Ride

[2025-05-06 15:19:46 #11 type] 
Type domain.Erreklamazioa is not enhanced.

[2025-05-06 15:19:46 #12 type.registry] 
New type domain.Admin

[2025-05-06 15:19:46 #13 type.registry] 
New type domain.Bidaiaria

[2025-05-06 15:19:46 #14 type] 
Type domain.Balorazioa is not enhanced.

[2025-05-06 15:19:46 #15 type] 
Type domain.Mugimendua is not enhanced.

[2025-05-06 15:19:46 #16 type] 
Type domain.Kotxea is not enhanced.

[2025-05-06 15:19:46 #17 type] 
Type domain.Ride is not enhanced.

[2025-05-06 15:19:46 #18 type.registry] 
New type domain.Erreserba

[2025-05-06 15:19:46 #19 type] 
Type domain.Admin is not enhanced.

[2025-05-06 15:19:46 #20 type] 
Type domain.Bidaiaria is not enhanced.

[2025-05-06 15:19:46 #21 type] 
Type domain.Erreserba is not enhanced.

[2025-05-06 15:19:46 #22 type.registry] 
New type java.util.Vector<java.lang.Object>

[2025-05-06 15:19:46 #23 type.registry] 
New type java.util.Vector<domain.Mugimendua>

[2025-05-06 15:19:46 #24 type.registry] 
New type java.util.Vector<domain.Balorazioa>

[2025-05-06 15:19:46 #25 type.registry] 
New type java.util.Vector<domain.Erreklamazioa>

[2025-05-06 15:19:46 #26 type.registry] 
New type java.util.Vector<domain.Ride>

[2025-05-06 15:19:46 #27 type.registry] 
New type java.util.Vector<domain.Kotxea>

[2025-05-06 15:19:46 #28 type.registry] 
New type java.util.Vector<domain.Erreserba>

------------------------------------------------------------------------------------------------------------------------

[2025-05-06 15:21:49 #1 store] 
Database 'C:\Users\h165p\Desktop\Ingurunea\3Iterazioa\Rides24\src\main\resources\rides.temp' is opened by 21376@LAPTOP-CF3BRR4L

[2025-05-06 15:21:49 #2 type.registry] 
New type domain.User

[2025-05-06 15:21:49 #3 type.registry] 
New type domain.Driver

[2025-05-06 15:21:49 #4 type] 
Type domain.User is not enhanced.

[2025-05-06 15:21:49 #5 type.registry] 
New type domain.Erreklamazioa

[2025-05-06 15:21:49 #6 type.registry] 
New type domain.Balorazioa

[2025-05-06 15:21:49 #7 type.registry] 
New type domain.Mugimendua

[2025-05-06 15:21:49 #8 type] 
Type domain.Driver is not enhanced.

[2025-05-06 15:21:49 #9 type.registry] 
New type domain.Kotxea

[2025-05-06 15:21:49 #10 type.registry] 
New type domain.Ride

[2025-05-06 15:21:49 #11 type] 
Type domain.Erreklamazioa is not enhanced.

[2025-05-06 15:21:49 #12 type.registry] 
New type domain.Admin

[2025-05-06 15:21:49 #13 type.registry] 
New type domain.Bidaiaria

[2025-05-06 15:21:49 #14 type] 
Type domain.Balorazioa is not enhanced.

[2025-05-06 15:21:49 #15 type] 
Type domain.Mugimendua is not enhanced.

[2025-05-06 15:21:49 #16 type] 
Type domain.Kotxea is not enhanced.

[2025-05-06 15:21:49 #17 type] 
Type domain.Ride is not enhanced.

[2025-05-06 15:21:49 #18 type.registry] 
New type domain.Erreserba

[2025-05-06 15:21:49 #19 type] 
Type domain.Admin is not enhanced.

[2025-05-06 15:21:49 #20 type] 
Type domain.Bidaiaria is not enhanced.

[2025-05-06 15:21:49 #21 type] 
Type domain.Erreserba is not enhanced.

[2025-05-06 15:21:49 #22 type.registry] 
New type java.util.Vector<java.lang.Object>

[2025-05-06 15:21:49 #23 type.registry] 
New type java.util.Vector<domain.Mugimendua>

[2025-05-06 15:21:49 #24 type.registry] 
New type java.util.Vector<domain.Balorazioa>

[2025-05-06 15:21:49 #25 type.registry] 
New type java.util.Vector<domain.Erreklamazioa>

[2025-05-06 15:21:49 #26 type.registry] 
New type java.util.Vector<domain.Ride>

[2025-05-06 15:21:49 #27 type.registry] 
New type java.util.Vector<domain.Kotxea>

[2025-05-06 15:21:49 #28 type.registry] 
New type java.util.Vector<domain.Erreserba>

------------------------------------------------------------------------------------------------------------------------

[2025-05-06 15:22:02 #1 store] 
Database 'C:\Users\h165p\Desktop\Ingurunea\3Iterazioa\Rides24\src\main\resources\rides.temp' is opened by 13544@LAPTOP-CF3BRR4L

[2025-05-06 15:22:02 #2 type.registry] 
New type domain.User

[2025-05-06 15:22:02 #3 type.registry] 
New type domain.Driver

[2025-05-06 15:22:02 #4 type] 
Type domain.User is not enhanced.

[2025-05-06 15:22:02 #5 type.registry] 
New type domain.Erreklamazioa

[2025-05-06 15:22:02 #6 type.registry] 
New type domain.Balorazioa

[2025-05-06 15:22:02 #7 type.registry] 
New type domain.Mugimendua

[2025-05-06 15:22:02 #8 type] 
Type domain.Driver is not enhanced.

[2025-05-06 15:22:02 #9 type.registry] 
New type domain.Kotxea

[2025-05-06 15:22:02 #10 type.registry] 
New type domain.Ride

[2025-05-06 15:22:02 #11 type] 
Type domain.Erreklamazioa is not enhanced.

[2025-05-06 15:22:02 #12 type.registry] 
New type domain.Admin

[2025-05-06 15:22:02 #13 type.registry] 
New type domain.Bidaiaria

[2025-05-06 15:22:02 #14 type] 
Type domain.Balorazioa is not enhanced.

[2025-05-06 15:22:02 #15 type] 
Type domain.Mugimendua is not enhanced.

[2025-05-06 15:22:02 #16 type] 
Type domain.Kotxea is not enhanced.

[2025-05-06 15:22:02 #17 type] 
Type domain.Ride is not enhanced.

[2025-05-06 15:22:02 #18 type.registry] 
New type domain.Erreserba

[2025-05-06 15:22:02 #19 type] 
Type domain.Admin is not enhanced.

[2025-05-06 15:22:02 #20 type] 
Type domain.Bidaiaria is not enhanced.

[2025-05-06 15:22:02 #21 type] 
Type domain.Erreserba is not enhanced.

[2025-05-06 15:22:02 #22 type.registry] 
New type java.util.Vector<java.lang.Object>

[2025-05-06 15:22:02 #23 type.registry] 
New type java.util.Vector<domain.Mugimendua>

[2025-05-06 15:22:02 #24 type.registry] 
New type java.util.Vector<domain.Balorazioa>

[2025-05-06 15:22:02 #25 type.registry] 
New type java.util.Vector<domain.Erreklamazioa>

[2025-05-06 15:22:02 #26 type.registry] 
New type java.util.Vector<domain.Ride>

[2025-05-06 15:22:02 #27 type.registry] 
New type java.util.Vector<domain.Kotxea>

[2025-05-06 15:22:02 #28 type.registry] 
New type java.util.Vector<domain.Erreserba>

------------------------------------------------------------------------------------------------------------------------

[2025-05-06 15:22:19 #1 store] 
Database 'C:\Users\h165p\Desktop\Ingurunea\3Iterazioa\Rides24\src\main\resources\rides.temp' is opened by 9156@LAPTOP-CF3BRR4L

[2025-05-06 15:22:19 #2 type.registry] 
New type domain.User

[2025-05-06 15:22:19 #3 type.registry] 
New type domain.Driver

[2025-05-06 15:22:19 #4 type] 
Type domain.User is not enhanced.

[2025-05-06 15:22:19 #5 type.registry] 
New type domain.Erreklamazioa

[2025-05-06 15:22:19 #6 type.registry] 
New type domain.Balorazioa

[2025-05-06 15:22:19 #7 type.registry] 
New type domain.Mugimendua

[2025-05-06 15:22:19 #8 type] 
Type domain.Driver is not enhanced.

[2025-05-06 15:22:19 #9 type.registry] 
New type domain.Kotxea

[2025-05-06 15:22:19 #10 type.registry] 
New type domain.Ride

[2025-05-06 15:22:19 #11 type] 
Type domain.Erreklamazioa is not enhanced.

[2025-05-06 15:22:19 #12 type.registry] 
New type domain.Admin

[2025-05-06 15:22:19 #13 type.registry] 
New type domain.Bidaiaria

[2025-05-06 15:22:19 #14 type] 
Type domain.Balorazioa is not enhanced.

[2025-05-06 15:22:19 #15 type] 
Type domain.Mugimendua is not enhanced.

[2025-05-06 15:22:19 #16 type] 
Type domain.Kotxea is not enhanced.

[2025-05-06 15:22:19 #17 type] 
Type domain.Ride is not enhanced.

[2025-05-06 15:22:19 #18 type.registry] 
New type domain.Erreserba

[2025-05-06 15:22:19 #19 type] 
Type domain.Admin is not enhanced.

[2025-05-06 15:22:19 #20 type] 
Type domain.Bidaiaria is not enhanced.

[2025-05-06 15:22:19 #21 type] 
Type domain.Erreserba is not enhanced.

[2025-05-06 15:22:19 #22 type.registry] 
New type java.util.Vector<java.lang.Object>

[2025-05-06 15:22:19 #23 type.registry] 
New type java.util.Vector<domain.Mugimendua>

[2025-05-06 15:22:19 #24 type.registry] 
New type java.util.Vector<domain.Balorazioa>

[2025-05-06 15:22:19 #25 type.registry] 
New type java.util.Vector<domain.Erreklamazioa>

[2025-05-06 15:22:19 #26 type.registry] 
New type java.util.Vector<domain.Ride>

[2025-05-06 15:22:19 #27 type.registry] 
New type java.util.Vector<domain.Kotxea>

[2025-05-06 15:22:19 #28 type.registry] 
New type java.util.Vector<domain.Erreserba>

