------------------------------------------------------------------------------------------------------------------------

[2025-04-29 17:26:02 #1 store] 
Database 'C:\Users\h165p\Desktop\Ingurunea\2Iterazioa\Rides24\src\main\resources\rides.temp' is opened by 21376@LAPTOP-CF3BRR4L

[2025-04-29 17:26:03 #2 type.registry] 
New type domain.User

[2025-04-29 17:26:03 #3 type.registry] 
New type domain.Driver

[2025-04-29 17:26:03 #4 type] 
Type domain.User is not enhanced.

[2025-04-29 17:26:03 #5 type.registry] 
New type domain.Mugimendua

[2025-04-29 17:26:03 #6 type] 
Type domain.Driver is not enhanced.

[2025-04-29 17:26:03 #7 type.registry] 
New type domain.Kotxea

[2025-04-29 17:26:03 #8 type.registry] 
New type domain.Ride

[2025-04-29 17:26:03 #9 type] 
Type domain.Mugimendua is not enhanced.

[2025-04-29 17:26:03 #10 type] 
Type domain.Kotxea is not enhanced.

[2025-04-29 17:26:03 #11 type] 
Type domain.Ride is not enhanced.

[2025-04-29 17:26:03 #12 type.registry] 
New type domain.Erreserba

[2025-04-29 17:26:03 #13 type] 
Type domain.Erreserba is not enhanced.

[2025-04-29 17:26:03 #14 type.registry] 
New type domain.Bidaiaria

[2025-04-29 17:26:03 #15 type] 
Type domain.Bidaiaria is not enhanced.

[2025-04-29 17:26:03 #16 type.registry] 
New type java.util.Vector<java.lang.Object>

[2025-04-29 17:26:03 #17 type.registry] 
New type java.util.Vector<domain.Mugimendua>

[2025-04-29 17:26:03 #18 type.registry] 
New type java.util.Vector<domain.Ride>

[2025-04-29 17:26:03 #19 type.registry] 
New type java.util.Vector<domain.Kotxea>

[2025-04-29 17:26:03 #20 type.registry] 
New type java.util.Vector<domain.Erreserba>

------------------------------------------------------------------------------------------------------------------------

[2025-04-29 17:27:35 #1 store] 
Database 'C:\Users\h165p\Desktop\Ingurunea\2Iterazioa\Rides24\src\main\resources\rides.temp' is opened by 21596@LAPTOP-CF3BRR4L

[2025-04-29 17:27:35 #2 type.registry] 
New type domain.User

[2025-04-29 17:27:35 #3 type.registry] 
New type domain.Driver

[2025-04-29 17:27:35 #4 type] 
Type domain.User is not enhanced.

[2025-04-29 17:27:35 #5 type.registry] 
New type domain.Mugimendua

[2025-04-29 17:27:35 #6 type] 
Type domain.Driver is not enhanced.

[2025-04-29 17:27:35 #7 type.registry] 
New type domain.Kotxea

[2025-04-29 17:27:35 #8 type.registry] 
New type domain.Ride

[2025-04-29 17:27:35 #9 type] 
Type domain.Mugimendua is not enhanced.

[2025-04-29 17:27:35 #10 type] 
Type domain.Kotxea is not enhanced.

[2025-04-29 17:27:35 #11 type] 
Type domain.Ride is not enhanced.

[2025-04-29 17:27:35 #12 type.registry] 
New type domain.Erreserba

[2025-04-29 17:27:35 #13 type] 
Type domain.Erreserba is not enhanced.

[2025-04-29 17:27:35 #14 type.registry] 
New type domain.Bidaiaria

[2025-04-29 17:27:35 #15 type] 
Type domain.Bidaiaria is not enhanced.

[2025-04-29 17:27:35 #16 type.registry] 
New type java.util.Vector<java.lang.Object>

[2025-04-29 17:27:35 #17 type.registry] 
New type java.util.Vector<domain.Mugimendua>

[2025-04-29 17:27:35 #18 type.registry] 
New type java.util.Vector<domain.Ride>

[2025-04-29 17:27:35 #19 type.registry] 
New type java.util.Vector<domain.Kotxea>

[2025-04-29 17:27:35 #20 type.registry] 
New type java.util.Vector<domain.Erreserba>

------------------------------------------------------------------------------------------------------------------------

[2025-04-29 17:39:32 #1 store] 
Database 'C:\Users\h165p\Desktop\Ingurunea\2Iterazioa\Rides24\src\main\resources\rides.temp' is opened by 10964@LAPTOP-CF3BRR4L

[2025-04-29 17:39:32 #2 type.registry] 
New type domain.User

[2025-04-29 17:39:32 #3 type.registry] 
New type domain.Driver

[2025-04-29 17:39:32 #4 type] 
Type domain.User is not enhanced.

[2025-04-29 17:39:32 #5 type.registry] 
New type domain.Mugimendua

[2025-04-29 17:39:32 #6 type] 
Type domain.Driver is not enhanced.

[2025-04-29 17:39:32 #7 type.registry] 
New type domain.Kotxea

[2025-04-29 17:39:32 #8 type.registry] 
New type domain.Ride

[2025-04-29 17:39:32 #9 type] 
Type domain.Mugimendua is not enhanced.

[2025-04-29 17:39:32 #10 type] 
Type domain.Kotxea is not enhanced.

[2025-04-29 17:39:32 #11 type] 
Type domain.Ride is not enhanced.

[2025-04-29 17:39:32 #12 type.registry] 
New type domain.Erreserba

[2025-04-29 17:39:32 #13 type] 
Type domain.Erreserba is not enhanced.

[2025-04-29 17:39:32 #14 type.registry] 
New type domain.Bidaiaria

[2025-04-29 17:39:32 #15 type] 
Type domain.Bidaiaria is not enhanced.

[2025-04-29 17:39:32 #16 type.registry] 
New type java.util.Vector<java.lang.Object>

[2025-04-29 17:39:32 #17 type.registry] 
New type java.util.Vector<domain.Mugimendua>

[2025-04-29 17:39:32 #18 type.registry] 
New type java.util.Vector<domain.Ride>

[2025-04-29 17:39:32 #19 type.registry] 
New type java.util.Vector<domain.Kotxea>

[2025-04-29 17:39:32 #20 type.registry] 
New type java.util.Vector<domain.Erreserba>

------------------------------------------------------------------------------------------------------------------------

[2025-04-29 18:01:17 #1 store] 
Database 'C:\Users\h165p\Desktop\Ingurunea\2Iterazioa\Rides24\src\main\resources\rides.temp' is opened by 14772@LAPTOP-CF3BRR4L

[2025-04-29 18:01:17 #2 type.registry] 
New type domain.User

[2025-04-29 18:01:17 #3 type.registry] 
New type domain.Driver

[2025-04-29 18:01:17 #4 type] 
Type domain.User is not enhanced.

[2025-04-29 18:01:17 #5 type.registry] 
New type domain.Mugimendua

[2025-04-29 18:01:17 #6 type] 
Type domain.Driver is not enhanced.

[2025-04-29 18:01:17 #7 type.registry] 
New type domain.Kotxea

[2025-04-29 18:01:17 #8 type.registry] 
New type domain.Ride

[2025-04-29 18:01:17 #9 type] 
Type domain.Mugimendua is not enhanced.

[2025-04-29 18:01:17 #10 type] 
Type domain.Kotxea is not enhanced.

[2025-04-29 18:01:17 #11 type] 
Type domain.Ride is not enhanced.

[2025-04-29 18:01:17 #12 type.registry] 
New type domain.Erreserba

[2025-04-29 18:01:17 #13 type] 
Type domain.Erreserba is not enhanced.

[2025-04-29 18:01:17 #14 type.registry] 
New type domain.Bidaiaria

[2025-04-29 18:01:17 #15 type] 
Type domain.Bidaiaria is not enhanced.

[2025-04-29 18:01:17 #16 type.registry] 
New type java.util.Vector<java.lang.Object>

[2025-04-29 18:01:17 #17 type.registry] 
New type java.util.Vector<domain.Mugimendua>

[2025-04-29 18:01:17 #18 type.registry] 
New type java.util.Vector<domain.Ride>

[2025-04-29 18:01:17 #19 type.registry] 
New type java.util.Vector<domain.Kotxea>

[2025-04-29 18:01:17 #20 type.registry] 
New type java.util.Vector<domain.Erreserba>

------------------------------------------------------------------------------------------------------------------------

[2025-04-29 18:02:19 #1 store] 
Database 'C:\Users\h165p\Desktop\Ingurunea\2Iterazioa\Rides24\src\main\resources\rides.temp' is opened by 21480@LAPTOP-CF3BRR4L

[2025-04-29 18:02:19 #2 type.registry] 
New type domain.User

[2025-04-29 18:02:19 #3 type.registry] 
New type domain.Driver

[2025-04-29 18:02:19 #4 type] 
Type domain.User is not enhanced.

[2025-04-29 18:02:19 #5 type.registry] 
New type domain.Mugimendua

[2025-04-29 18:02:19 #6 type] 
Type domain.Driver is not enhanced.

[2025-04-29 18:02:19 #7 type.registry] 
New type domain.Kotxea

[2025-04-29 18:02:19 #8 type.registry] 
New type domain.Ride

[2025-04-29 18:02:19 #9 type] 
Type domain.Mugimendua is not enhanced.

[2025-04-29 18:02:19 #10 type] 
Type domain.Kotxea is not enhanced.

[2025-04-29 18:02:19 #11 type] 
Type domain.Ride is not enhanced.

[2025-04-29 18:02:19 #12 type.registry] 
New type domain.Erreserba

[2025-04-29 18:02:19 #13 type] 
Type domain.Erreserba is not enhanced.

[2025-04-29 18:02:19 #14 type.registry] 
New type domain.Bidaiaria

[2025-04-29 18:02:19 #15 type] 
Type domain.Bidaiaria is not enhanced.

[2025-04-29 18:02:19 #16 type.registry] 
New type java.util.Vector<java.lang.Object>

[2025-04-29 18:02:19 #17 type.registry] 
New type java.util.Vector<domain.Mugimendua>

[2025-04-29 18:02:19 #18 type.registry] 
New type java.util.Vector<domain.Ride>

[2025-04-29 18:02:19 #19 type.registry] 
New type java.util.Vector<domain.Kotxea>

[2025-04-29 18:02:19 #20 type.registry] 
New type java.util.Vector<domain.Erreserba>

------------------------------------------------------------------------------------------------------------------------

[2025-04-29 18:05:51 #1 store] 
Database 'C:\Users\h165p\Desktop\Ingurunea\2Iterazioa\Rides24\src\main\resources\rides.temp' is opened by 21616@LAPTOP-CF3BRR4L

[2025-04-29 18:05:51 #2 type.registry] 
New type domain.User

[2025-04-29 18:05:51 #3 type.registry] 
New type domain.Driver

[2025-04-29 18:05:51 #4 type] 
Type domain.User is not enhanced.

[2025-04-29 18:05:51 #5 type.registry] 
New type domain.Mugimendua

[2025-04-29 18:05:51 #6 type] 
Type domain.Driver is not enhanced.

[2025-04-29 18:05:51 #7 type.registry] 
New type domain.Kotxea

[2025-04-29 18:05:51 #8 type.registry] 
New type domain.Ride

[2025-04-29 18:05:51 #9 type] 
Type domain.Mugimendua is not enhanced.

[2025-04-29 18:05:51 #10 type] 
Type domain.Kotxea is not enhanced.

[2025-04-29 18:05:51 #11 type] 
Type domain.Ride is not enhanced.

[2025-04-29 18:05:51 #12 type.registry] 
New type domain.Erreserba

[2025-04-29 18:05:51 #13 type] 
Type domain.Erreserba is not enhanced.

[2025-04-29 18:05:51 #14 type.registry] 
New type domain.Bidaiaria

[2025-04-29 18:05:51 #15 type] 
Type domain.Bidaiaria is not enhanced.

[2025-04-29 18:05:51 #16 type.registry] 
New type java.util.Vector<java.lang.Object>

[2025-04-29 18:05:51 #17 type.registry] 
New type java.util.Vector<domain.Mugimendua>

[2025-04-29 18:05:51 #18 type.registry] 
New type java.util.Vector<domain.Ride>

[2025-04-29 18:05:51 #19 type.registry] 
New type java.util.Vector<domain.Kotxea>

[2025-04-29 18:05:51 #20 type.registry] 
New type java.util.Vector<domain.Erreserba>

------------------------------------------------------------------------------------------------------------------------

[2025-04-29 18:07:05 #1 store] 
Database 'C:\Users\h165p\Desktop\Ingurunea\2Iterazioa\Rides24\src\main\resources\rides.temp' is opened by 6492@LAPTOP-CF3BRR4L

[2025-04-29 18:07:05 #2 type.registry] 
New type domain.User

[2025-04-29 18:07:05 #3 type.registry] 
New type domain.Driver

[2025-04-29 18:07:05 #4 type] 
Type domain.User is not enhanced.

[2025-04-29 18:07:05 #5 type.registry] 
New type domain.Mugimendua

[2025-04-29 18:07:05 #6 type] 
Type domain.Driver is not enhanced.

[2025-04-29 18:07:05 #7 type.registry] 
New type domain.Kotxea

[2025-04-29 18:07:05 #8 type.registry] 
New type domain.Ride

[2025-04-29 18:07:05 #9 type] 
Type domain.Mugimendua is not enhanced.

[2025-04-29 18:07:05 #10 type] 
Type domain.Kotxea is not enhanced.

[2025-04-29 18:07:05 #11 type] 
Type domain.Ride is not enhanced.

[2025-04-29 18:07:05 #12 type.registry] 
New type domain.Erreserba

[2025-04-29 18:07:05 #13 type] 
Type domain.Erreserba is not enhanced.

[2025-04-29 18:07:05 #14 type.registry] 
New type domain.Bidaiaria

[2025-04-29 18:07:05 #15 type] 
Type domain.Bidaiaria is not enhanced.

[2025-04-29 18:07:05 #16 type.registry] 
New type java.util.Vector<java.lang.Object>

[2025-04-29 18:07:05 #17 type.registry] 
New type java.util.Vector<domain.Mugimendua>

[2025-04-29 18:07:05 #18 type.registry] 
New type java.util.Vector<domain.Ride>

[2025-04-29 18:07:05 #19 type.registry] 
New type java.util.Vector<domain.Kotxea>

[2025-04-29 18:07:05 #20 type.registry] 
New type java.util.Vector<domain.Erreserba>

------------------------------------------------------------------------------------------------------------------------

[2025-04-29 18:08:51 #1 store] 
Database 'C:\Users\h165p\Desktop\Ingurunea\2Iterazioa\Rides24\src\main\resources\rides.temp' is opened by 4968@LAPTOP-CF3BRR4L

[2025-04-29 18:08:52 #2 type.registry] 
New type domain.User

[2025-04-29 18:08:52 #3 type.registry] 
New type domain.Driver

[2025-04-29 18:08:52 #4 type] 
Type domain.User is not enhanced.

[2025-04-29 18:08:52 #5 type.registry] 
New type domain.Mugimendua

[2025-04-29 18:08:52 #6 type] 
Type domain.Driver is not enhanced.

[2025-04-29 18:08:52 #7 type.registry] 
New type domain.Kotxea

[2025-04-29 18:08:52 #8 type.registry] 
New type domain.Ride

[2025-04-29 18:08:52 #9 type] 
Type domain.Mugimendua is not enhanced.

[2025-04-29 18:08:52 #10 type] 
Type domain.Kotxea is not enhanced.

[2025-04-29 18:08:52 #11 type] 
Type domain.Ride is not enhanced.

[2025-04-29 18:08:52 #12 type.registry] 
New type domain.Erreserba

[2025-04-29 18:08:52 #13 type] 
Type domain.Erreserba is not enhanced.

[2025-04-29 18:08:52 #14 type.registry] 
New type domain.Bidaiaria

[2025-04-29 18:08:52 #15 type] 
Type domain.Bidaiaria is not enhanced.

[2025-04-29 18:08:52 #16 type.registry] 
New type java.util.Vector<java.lang.Object>

[2025-04-29 18:08:52 #17 type.registry] 
New type java.util.Vector<domain.Mugimendua>

[2025-04-29 18:08:52 #18 type.registry] 
New type java.util.Vector<domain.Ride>

[2025-04-29 18:08:52 #19 type.registry] 
New type java.util.Vector<domain.Kotxea>

[2025-04-29 18:08:52 #20 type.registry] 
New type java.util.Vector<domain.Erreserba>

------------------------------------------------------------------------------------------------------------------------

[2025-04-29 18:09:19 #1 store] 
Database 'C:\Users\h165p\Desktop\Ingurunea\2Iterazioa\Rides24\src\main\resources\rides.temp' is opened by 11120@LAPTOP-CF3BRR4L

[2025-04-29 18:09:19 #2 type.registry] 
New type domain.User

[2025-04-29 18:09:19 #3 type.registry] 
New type domain.Driver

[2025-04-29 18:09:19 #4 type] 
Type domain.User is not enhanced.

[2025-04-29 18:09:19 #5 type.registry] 
New type domain.Mugimendua

[2025-04-29 18:09:19 #6 type] 
Type domain.Driver is not enhanced.

[2025-04-29 18:09:19 #7 type.registry] 
New type domain.Kotxea

[2025-04-29 18:09:19 #8 type.registry] 
New type domain.Ride

[2025-04-29 18:09:19 #9 type] 
Type domain.Mugimendua is not enhanced.

[2025-04-29 18:09:19 #10 type] 
Type domain.Kotxea is not enhanced.

[2025-04-29 18:09:19 #11 type] 
Type domain.Ride is not enhanced.

[2025-04-29 18:09:19 #12 type.registry] 
New type domain.Erreserba

[2025-04-29 18:09:19 #13 type] 
Type domain.Erreserba is not enhanced.

[2025-04-29 18:09:19 #14 type.registry] 
New type domain.Bidaiaria

[2025-04-29 18:09:19 #15 type] 
Type domain.Bidaiaria is not enhanced.

[2025-04-29 18:09:19 #16 type.registry] 
New type java.util.Vector<java.lang.Object>

[2025-04-29 18:09:19 #17 type.registry] 
New type java.util.Vector<domain.Mugimendua>

[2025-04-29 18:09:19 #18 type.registry] 
New type java.util.Vector<domain.Ride>

[2025-04-29 18:09:19 #19 type.registry] 
New type java.util.Vector<domain.Kotxea>

[2025-04-29 18:09:19 #20 type.registry] 
New type java.util.Vector<domain.Erreserba>

------------------------------------------------------------------------------------------------------------------------

[2025-04-29 18:23:22 #1 store] 
Database 'C:\Users\h165p\Desktop\Ingurunea\2Iterazioa\Rides24\src\main\resources\rides.temp' is opened by 20752@LAPTOP-CF3BRR4L

[2025-04-29 18:23:22 #2 type.registry] 
New type domain.User

[2025-04-29 18:23:22 #3 type.registry] 
New type domain.Driver

[2025-04-29 18:23:22 #4 type] 
Type domain.User is not enhanced.

[2025-04-29 18:23:22 #5 type.registry] 
New type domain.Mugimendua

[2025-04-29 18:23:22 #6 type] 
Type domain.Driver is not enhanced.

[2025-04-29 18:23:22 #7 type.registry] 
New type domain.Kotxea

[2025-04-29 18:23:22 #8 type.registry] 
New type domain.Ride

[2025-04-29 18:23:22 #9 type] 
Type domain.Mugimendua is not enhanced.

[2025-04-29 18:23:22 #10 type] 
Type domain.Kotxea is not enhanced.

[2025-04-29 18:23:22 #11 type] 
Type domain.Ride is not enhanced.

[2025-04-29 18:23:22 #12 type.registry] 
New type domain.Erreserba

[2025-04-29 18:23:22 #13 type] 
Type domain.Erreserba is not enhanced.

[2025-04-29 18:23:22 #14 type.registry] 
New type domain.Bidaiaria

[2025-04-29 18:23:22 #15 type] 
Type domain.Bidaiaria is not enhanced.

[2025-04-29 18:23:22 #16 type.registry] 
New type java.util.Vector<java.lang.Object>

[2025-04-29 18:23:22 #17 type.registry] 
New type java.util.Vector<domain.Mugimendua>

[2025-04-29 18:23:22 #18 type.registry] 
New type java.util.Vector<domain.Ride>

[2025-04-29 18:23:22 #19 type.registry] 
New type java.util.Vector<domain.Kotxea>

[2025-04-29 18:23:22 #20 type.registry] 
New type java.util.Vector<domain.Erreserba>

------------------------------------------------------------------------------------------------------------------------

[2025-04-29 18:27:10 #1 store] 
Database 'C:\Users\h165p\Desktop\Ingurunea\2Iterazioa\Rides24\src\main\resources\rides.temp' is opened by 16616@LAPTOP-CF3BRR4L

[2025-04-29 18:27:10 #2 type.registry] 
New type domain.User

[2025-04-29 18:27:10 #3 type.registry] 
New type domain.Driver

[2025-04-29 18:27:10 #4 type] 
Type domain.User is not enhanced.

[2025-04-29 18:27:10 #5 type.registry] 
New type domain.Mugimendua

[2025-04-29 18:27:10 #6 type] 
Type domain.Driver is not enhanced.

[2025-04-29 18:27:10 #7 type.registry] 
New type domain.Kotxea

[2025-04-29 18:27:10 #8 type.registry] 
New type domain.Ride

[2025-04-29 18:27:10 #9 type] 
Type domain.Mugimendua is not enhanced.

[2025-04-29 18:27:10 #10 type] 
Type domain.Kotxea is not enhanced.

[2025-04-29 18:27:10 #11 type] 
Type domain.Ride is not enhanced.

[2025-04-29 18:27:10 #12 type.registry] 
New type domain.Erreserba

[2025-04-29 18:27:10 #13 type] 
Type domain.Erreserba is not enhanced.

[2025-04-29 18:27:10 #14 type.registry] 
New type domain.Bidaiaria

[2025-04-29 18:27:10 #15 type] 
Type domain.Bidaiaria is not enhanced.

[2025-04-29 18:27:10 #16 type.registry] 
New type java.util.Vector<java.lang.Object>

[2025-04-29 18:27:10 #17 type.registry] 
New type java.util.Vector<domain.Mugimendua>

[2025-04-29 18:27:10 #18 type.registry] 
New type java.util.Vector<domain.Ride>

[2025-04-29 18:27:10 #19 type.registry] 
New type java.util.Vector<domain.Kotxea>

[2025-04-29 18:27:10 #20 type.registry] 
New type java.util.Vector<domain.Erreserba>

------------------------------------------------------------------------------------------------------------------------

[2025-04-29 18:28:49 #1 store] 
Database 'C:\Users\h165p\Desktop\Ingurunea\2Iterazioa\Rides24\src\main\resources\rides.temp' is opened by 18576@LAPTOP-CF3BRR4L

[2025-04-29 18:28:50 #2 type.registry] 
New type domain.User

[2025-04-29 18:28:50 #3 type.registry] 
New type domain.Driver

[2025-04-29 18:28:50 #4 type] 
Type domain.User is not enhanced.

[2025-04-29 18:28:50 #5 type.registry] 
New type domain.Mugimendua

[2025-04-29 18:28:50 #6 type] 
Type domain.Driver is not enhanced.

[2025-04-29 18:28:50 #7 type.registry] 
New type domain.Kotxea

[2025-04-29 18:28:50 #8 type.registry] 
New type domain.Ride

[2025-04-29 18:28:50 #9 type] 
Type domain.Mugimendua is not enhanced.

[2025-04-29 18:28:50 #10 type] 
Type domain.Kotxea is not enhanced.

[2025-04-29 18:28:50 #11 type] 
Type domain.Ride is not enhanced.

[2025-04-29 18:28:50 #12 type.registry] 
New type domain.Erreserba

[2025-04-29 18:28:50 #13 type] 
Type domain.Erreserba is not enhanced.

[2025-04-29 18:28:50 #14 type.registry] 
New type domain.Bidaiaria

[2025-04-29 18:28:50 #15 type] 
Type domain.Bidaiaria is not enhanced.

[2025-04-29 18:28:50 #16 type.registry] 
New type java.util.Vector<java.lang.Object>

[2025-04-29 18:28:50 #17 type.registry] 
New type java.util.Vector<domain.Mugimendua>

[2025-04-29 18:28:50 #18 type.registry] 
New type java.util.Vector<domain.Ride>

[2025-04-29 18:28:50 #19 type.registry] 
New type java.util.Vector<domain.Kotxea>

[2025-04-29 18:28:50 #20 type.registry] 
New type java.util.Vector<domain.Erreserba>

------------------------------------------------------------------------------------------------------------------------

[2025-04-29 18:36:18 #1 store] 
Database 'C:\Users\h165p\Desktop\Ingurunea\2Iterazioa\Rides24\src\main\resources\rides.temp' is opened by 8928@LAPTOP-CF3BRR4L

[2025-04-29 18:36:18 #2 type.registry] 
New type domain.User

[2025-04-29 18:36:18 #3 type.registry] 
New type domain.Driver

[2025-04-29 18:36:18 #4 type] 
Type domain.User is not enhanced.

[2025-04-29 18:36:18 #5 type.registry] 
New type domain.Mugimendua

[2025-04-29 18:36:18 #6 type] 
Type domain.Driver is not enhanced.

[2025-04-29 18:36:18 #7 type.registry] 
New type domain.Kotxea

[2025-04-29 18:36:18 #8 type.registry] 
New type domain.Ride

[2025-04-29 18:36:18 #9 type] 
Type domain.Mugimendua is not enhanced.

[2025-04-29 18:36:18 #10 type] 
Type domain.Kotxea is not enhanced.

[2025-04-29 18:36:18 #11 type] 
Type domain.Ride is not enhanced.

[2025-04-29 18:36:18 #12 type.registry] 
New type domain.Erreserba

[2025-04-29 18:36:18 #13 type] 
Type domain.Erreserba is not enhanced.

[2025-04-29 18:36:18 #14 type.registry] 
New type domain.Bidaiaria

[2025-04-29 18:36:18 #15 type] 
Type domain.Bidaiaria is not enhanced.

[2025-04-29 18:36:18 #16 type.registry] 
New type java.util.Vector<java.lang.Object>

[2025-04-29 18:36:18 #17 type.registry] 
New type java.util.Vector<domain.Mugimendua>

[2025-04-29 18:36:18 #18 type.registry] 
New type java.util.Vector<domain.Ride>

[2025-04-29 18:36:18 #19 type.registry] 
New type java.util.Vector<domain.Kotxea>

[2025-04-29 18:36:18 #20 type.registry] 
New type java.util.Vector<domain.Erreserba>

------------------------------------------------------------------------------------------------------------------------

[2025-04-29 18:38:41 #1 store] 
Database 'C:\Users\h165p\Desktop\Ingurunea\2Iterazioa\Rides24\src\main\resources\rides.temp' is opened by 14620@LAPTOP-CF3BRR4L

[2025-04-29 18:38:41 #2 type.registry] 
New type domain.User

[2025-04-29 18:38:41 #3 type.registry] 
New type domain.Driver

[2025-04-29 18:38:41 #4 type] 
Type domain.User is not enhanced.

[2025-04-29 18:38:41 #5 type.registry] 
New type domain.Mugimendua

[2025-04-29 18:38:41 #6 type] 
Type domain.Driver is not enhanced.

[2025-04-29 18:38:41 #7 type.registry] 
New type domain.Kotxea

[2025-04-29 18:38:41 #8 type.registry] 
New type domain.Ride

[2025-04-29 18:38:41 #9 type] 
Type domain.Mugimendua is not enhanced.

[2025-04-29 18:38:41 #10 type] 
Type domain.Kotxea is not enhanced.

[2025-04-29 18:38:41 #11 type] 
Type domain.Ride is not enhanced.

[2025-04-29 18:38:41 #12 type.registry] 
New type domain.Erreserba

[2025-04-29 18:38:41 #13 type] 
Type domain.Erreserba is not enhanced.

[2025-04-29 18:38:41 #14 type.registry] 
New type domain.Bidaiaria

[2025-04-29 18:38:41 #15 type] 
Type domain.Bidaiaria is not enhanced.

[2025-04-29 18:38:41 #16 type.registry] 
New type java.util.Vector<java.lang.Object>

[2025-04-29 18:38:41 #17 type.registry] 
New type java.util.Vector<domain.Mugimendua>

[2025-04-29 18:38:41 #18 type.registry] 
New type java.util.Vector<domain.Ride>

[2025-04-29 18:38:41 #19 type.registry] 
New type java.util.Vector<domain.Kotxea>

[2025-04-29 18:38:41 #20 type.registry] 
New type java.util.Vector<domain.Erreserba>

------------------------------------------------------------------------------------------------------------------------

[2025-04-29 18:40:09 #1 store] 
Database 'C:\Users\h165p\Desktop\Ingurunea\2Iterazioa\Rides24\src\main\resources\rides.temp' is opened by 13636@LAPTOP-CF3BRR4L

[2025-04-29 18:40:09 #2 type.registry] 
New type domain.User

[2025-04-29 18:40:09 #3 type.registry] 
New type domain.Driver

[2025-04-29 18:40:09 #4 type] 
Type domain.User is not enhanced.

[2025-04-29 18:40:09 #5 type.registry] 
New type domain.Mugimendua

[2025-04-29 18:40:09 #6 type] 
Type domain.Driver is not enhanced.

[2025-04-29 18:40:09 #7 type.registry] 
New type domain.Kotxea

[2025-04-29 18:40:09 #8 type.registry] 
New type domain.Ride

[2025-04-29 18:40:09 #9 type] 
Type domain.Mugimendua is not enhanced.

[2025-04-29 18:40:09 #10 type] 
Type domain.Kotxea is not enhanced.

[2025-04-29 18:40:09 #11 type] 
Type domain.Ride is not enhanced.

[2025-04-29 18:40:09 #12 type.registry] 
New type domain.Erreserba

[2025-04-29 18:40:09 #13 type] 
Type domain.Erreserba is not enhanced.

[2025-04-29 18:40:09 #14 type.registry] 
New type domain.Bidaiaria

[2025-04-29 18:40:09 #15 type] 
Type domain.Bidaiaria is not enhanced.

[2025-04-29 18:40:09 #16 type.registry] 
New type java.util.Vector<java.lang.Object>

[2025-04-29 18:40:09 #17 type.registry] 
New type java.util.Vector<domain.Mugimendua>

[2025-04-29 18:40:09 #18 type.registry] 
New type java.util.Vector<domain.Ride>

[2025-04-29 18:40:09 #19 type.registry] 
New type java.util.Vector<domain.Kotxea>

[2025-04-29 18:40:09 #20 type.registry] 
New type java.util.Vector<domain.Erreserba>

------------------------------------------------------------------------------------------------------------------------

[2025-04-29 18:42:31 #1 store] 
Database 'C:\Users\h165p\Desktop\Ingurunea\2Iterazioa\Rides24\src\main\resources\rides.temp' is opened by 400@LAPTOP-CF3BRR4L

[2025-04-29 18:42:32 #2 type.registry] 
New type domain.User

[2025-04-29 18:42:32 #3 type.registry] 
New type domain.Driver

[2025-04-29 18:42:32 #4 type] 
Type domain.User is not enhanced.

[2025-04-29 18:42:32 #5 type.registry] 
New type domain.Mugimendua

[2025-04-29 18:42:32 #6 type] 
Type domain.Driver is not enhanced.

[2025-04-29 18:42:32 #7 type.registry] 
New type domain.Kotxea

[2025-04-29 18:42:32 #8 type.registry] 
New type domain.Ride

[2025-04-29 18:42:32 #9 type] 
Type domain.Mugimendua is not enhanced.

[2025-04-29 18:42:32 #10 type] 
Type domain.Kotxea is not enhanced.

[2025-04-29 18:42:32 #11 type] 
Type domain.Ride is not enhanced.

[2025-04-29 18:42:32 #12 type.registry] 
New type domain.Erreserba

[2025-04-29 18:42:32 #13 type] 
Type domain.Erreserba is not enhanced.

[2025-04-29 18:42:32 #14 type.registry] 
New type domain.Bidaiaria

[2025-04-29 18:42:32 #15 type] 
Type domain.Bidaiaria is not enhanced.

[2025-04-29 18:42:32 #16 type.registry] 
New type java.util.Vector<java.lang.Object>

[2025-04-29 18:42:32 #17 type.registry] 
New type java.util.Vector<domain.Mugimendua>

[2025-04-29 18:42:32 #18 type.registry] 
New type java.util.Vector<domain.Ride>

[2025-04-29 18:42:32 #19 type.registry] 
New type java.util.Vector<domain.Kotxea>

[2025-04-29 18:42:32 #20 type.registry] 
New type java.util.Vector<domain.Erreserba>

------------------------------------------------------------------------------------------------------------------------

[2025-04-29 18:44:33 #1 store] 
Database 'C:\Users\h165p\Desktop\Ingurunea\2Iterazioa\Rides24\src\main\resources\rides.temp' is opened by 18760@LAPTOP-CF3BRR4L

[2025-04-29 18:44:33 #2 type.registry] 
New type domain.User

[2025-04-29 18:44:33 #3 type.registry] 
New type domain.Driver

[2025-04-29 18:44:33 #4 type] 
Type domain.User is not enhanced.

[2025-04-29 18:44:33 #5 type.registry] 
New type domain.Mugimendua

[2025-04-29 18:44:33 #6 type] 
Type domain.Driver is not enhanced.

[2025-04-29 18:44:33 #7 type.registry] 
New type domain.Kotxea

[2025-04-29 18:44:33 #8 type.registry] 
New type domain.Ride

[2025-04-29 18:44:33 #9 type] 
Type domain.Mugimendua is not enhanced.

[2025-04-29 18:44:33 #10 type] 
Type domain.Kotxea is not enhanced.

[2025-04-29 18:44:33 #11 type] 
Type domain.Ride is not enhanced.

[2025-04-29 18:44:33 #12 type.registry] 
New type domain.Erreserba

[2025-04-29 18:44:33 #13 type] 
Type domain.Erreserba is not enhanced.

[2025-04-29 18:44:33 #14 type.registry] 
New type domain.Bidaiaria

[2025-04-29 18:44:33 #15 type] 
Type domain.Bidaiaria is not enhanced.

[2025-04-29 18:44:33 #16 type.registry] 
New type java.util.Vector<java.lang.Object>

[2025-04-29 18:44:33 #17 type.registry] 
New type java.util.Vector<domain.Mugimendua>

[2025-04-29 18:44:33 #18 type.registry] 
New type java.util.Vector<domain.Ride>

[2025-04-29 18:44:33 #19 type.registry] 
New type java.util.Vector<domain.Kotxea>

[2025-04-29 18:44:33 #20 type.registry] 
New type java.util.Vector<domain.Erreserba>

------------------------------------------------------------------------------------------------------------------------

[2025-04-29 18:55:08 #1 store] 
Database 'C:\Users\h165p\Desktop\Ingurunea\2Iterazioa\Rides24\src\main\resources\rides.temp' is opened by 21508@LAPTOP-CF3BRR4L

[2025-04-29 18:55:08 #2 type.registry] 
New type domain.User

[2025-04-29 18:55:08 #3 type.registry] 
New type domain.Driver

[2025-04-29 18:55:08 #4 type] 
Type domain.User is not enhanced.

[2025-04-29 18:55:08 #5 type.registry] 
New type domain.Mugimendua

[2025-04-29 18:55:08 #6 type] 
Type domain.Driver is not enhanced.

[2025-04-29 18:55:08 #7 type.registry] 
New type domain.Kotxea

[2025-04-29 18:55:08 #8 type.registry] 
New type domain.Ride

[2025-04-29 18:55:08 #9 type] 
Type domain.Mugimendua is not enhanced.

[2025-04-29 18:55:08 #10 type] 
Type domain.Kotxea is not enhanced.

[2025-04-29 18:55:08 #11 type] 
Type domain.Ride is not enhanced.

[2025-04-29 18:55:08 #12 type.registry] 
New type domain.Erreserba

[2025-04-29 18:55:08 #13 type] 
Type domain.Erreserba is not enhanced.

[2025-04-29 18:55:08 #14 type.registry] 
New type domain.Bidaiaria

[2025-04-29 18:55:08 #15 type] 
Type domain.Bidaiaria is not enhanced.

[2025-04-29 18:55:08 #16 type.registry] 
New type java.util.Vector<java.lang.Object>

[2025-04-29 18:55:08 #17 type.registry] 
New type java.util.Vector<domain.Mugimendua>

[2025-04-29 18:55:08 #18 type.registry] 
New type java.util.Vector<domain.Ride>

[2025-04-29 18:55:08 #19 type.registry] 
New type java.util.Vector<domain.Kotxea>

[2025-04-29 18:55:08 #20 type.registry] 
New type java.util.Vector<domain.Erreserba>

------------------------------------------------------------------------------------------------------------------------

[2025-04-29 19:03:43 #1 store] 
Database 'C:\Users\h165p\Desktop\Ingurunea\2Iterazioa\Rides24\src\main\resources\rides.temp' is opened by 10796@LAPTOP-CF3BRR4L

[2025-04-29 19:03:43 #2 type.registry] 
New type domain.User

[2025-04-29 19:03:43 #3 type.registry] 
New type domain.Driver

[2025-04-29 19:03:43 #4 type] 
Type domain.User is not enhanced.

[2025-04-29 19:03:43 #5 type.registry] 
New type domain.Mugimendua

[2025-04-29 19:03:43 #6 type] 
Type domain.Driver is not enhanced.

[2025-04-29 19:03:43 #7 type.registry] 
New type domain.Kotxea

[2025-04-29 19:03:43 #8 type.registry] 
New type domain.Ride

[2025-04-29 19:03:43 #9 type] 
Type domain.Mugimendua is not enhanced.

[2025-04-29 19:03:43 #10 type] 
Type domain.Kotxea is not enhanced.

[2025-04-29 19:03:43 #11 type] 
Type domain.Ride is not enhanced.

[2025-04-29 19:03:43 #12 type.registry] 
New type domain.Erreserba

[2025-04-29 19:03:43 #13 type] 
Type domain.Erreserba is not enhanced.

[2025-04-29 19:03:43 #14 type.registry] 
New type domain.Bidaiaria

[2025-04-29 19:03:43 #15 type] 
Type domain.Bidaiaria is not enhanced.

[2025-04-29 19:03:43 #16 type.registry] 
New type java.util.Vector<java.lang.Object>

[2025-04-29 19:03:43 #17 type.registry] 
New type java.util.Vector<domain.Mugimendua>

[2025-04-29 19:03:43 #18 type.registry] 
New type java.util.Vector<domain.Ride>

[2025-04-29 19:03:43 #19 type.registry] 
New type java.util.Vector<domain.Kotxea>

[2025-04-29 19:03:43 #20 type.registry] 
New type java.util.Vector<domain.Erreserba>

------------------------------------------------------------------------------------------------------------------------

[2025-04-29 19:14:40 #1 store] 
Database 'C:\Users\h165p\Desktop\Ingurunea\2Iterazioa\Rides24\src\main\resources\rides.temp' is opened by 16964@LAPTOP-CF3BRR4L

[2025-04-29 19:14:41 #2 type.registry] 
New type domain.User

[2025-04-29 19:14:41 #3 type.registry] 
New type domain.Driver

[2025-04-29 19:14:41 #4 type] 
Type domain.User is not enhanced.

[2025-04-29 19:14:41 #5 type.registry] 
New type domain.Mugimendua

[2025-04-29 19:14:41 #6 type] 
Type domain.Driver is not enhanced.

[2025-04-29 19:14:41 #7 type.registry] 
New type domain.Kotxea

[2025-04-29 19:14:41 #8 type.registry] 
New type domain.Ride

[2025-04-29 19:14:41 #9 type] 
Type domain.Mugimendua is not enhanced.

[2025-04-29 19:14:41 #10 type] 
Type domain.Kotxea is not enhanced.

[2025-04-29 19:14:41 #11 type] 
Type domain.Ride is not enhanced.

[2025-04-29 19:14:41 #12 type.registry] 
New type domain.Erreserba

[2025-04-29 19:14:41 #13 type] 
Type domain.Erreserba is not enhanced.

[2025-04-29 19:14:41 #14 type.registry] 
New type domain.Bidaiaria

[2025-04-29 19:14:41 #15 type] 
Type domain.Bidaiaria is not enhanced.

[2025-04-29 19:14:41 #16 type.registry] 
New type java.util.Vector<java.lang.Object>

[2025-04-29 19:14:41 #17 type.registry] 
New type java.util.Vector<domain.Mugimendua>

[2025-04-29 19:14:41 #18 type.registry] 
New type java.util.Vector<domain.Ride>

[2025-04-29 19:14:41 #19 type.registry] 
New type java.util.Vector<domain.Kotxea>

[2025-04-29 19:14:41 #20 type.registry] 
New type java.util.Vector<domain.Erreserba>

------------------------------------------------------------------------------------------------------------------------

[2025-04-29 19:21:23 #1 store] 
Database 'C:\Users\h165p\Desktop\Ingurunea\2Iterazioa\Rides24\src\main\resources\rides.temp' is opened by 4388@LAPTOP-CF3BRR4L

[2025-04-29 19:21:23 #2 type.registry] 
New type domain.User

[2025-04-29 19:21:23 #3 type.registry] 
New type domain.Driver

[2025-04-29 19:21:23 #4 type] 
Type domain.User is not enhanced.

[2025-04-29 19:21:23 #5 type.registry] 
New type domain.Mugimendua

[2025-04-29 19:21:23 #6 type] 
Type domain.Driver is not enhanced.

[2025-04-29 19:21:23 #7 type.registry] 
New type domain.Kotxea

[2025-04-29 19:21:23 #8 type.registry] 
New type domain.Ride

[2025-04-29 19:21:23 #9 type] 
Type domain.Mugimendua is not enhanced.

[2025-04-29 19:21:23 #10 type] 
Type domain.Kotxea is not enhanced.

[2025-04-29 19:21:23 #11 type] 
Type domain.Ride is not enhanced.

[2025-04-29 19:21:23 #12 type.registry] 
New type domain.Erreserba

[2025-04-29 19:21:23 #13 type] 
Type domain.Erreserba is not enhanced.

[2025-04-29 19:21:23 #14 type.registry] 
New type domain.Bidaiaria

[2025-04-29 19:21:23 #15 type] 
Type domain.Bidaiaria is not enhanced.

[2025-04-29 19:21:23 #16 type.registry] 
New type java.util.Vector<java.lang.Object>

[2025-04-29 19:21:23 #17 type.registry] 
New type java.util.Vector<domain.Mugimendua>

[2025-04-29 19:21:23 #18 type.registry] 
New type java.util.Vector<domain.Ride>

[2025-04-29 19:21:23 #19 type.registry] 
New type java.util.Vector<domain.Kotxea>

[2025-04-29 19:21:23 #20 type.registry] 
New type java.util.Vector<domain.Erreserba>

------------------------------------------------------------------------------------------------------------------------

[2025-04-29 19:40:55 #1 store] 
Database 'C:\Users\h165p\Desktop\Ingurunea\2Iterazioa\Rides24\src\main\resources\rides.temp' is opened by 12440@LAPTOP-CF3BRR4L

[2025-04-29 19:40:55 #2 type.registry] 
New type domain.User

[2025-04-29 19:40:55 #3 type.registry] 
New type domain.Driver

[2025-04-29 19:40:55 #4 type] 
Type domain.User is not enhanced.

[2025-04-29 19:40:55 #5 type.registry] 
New type domain.Mugimendua

[2025-04-29 19:40:55 #6 type] 
Type domain.Driver is not enhanced.

[2025-04-29 19:40:55 #7 type.registry] 
New type domain.Kotxea

[2025-04-29 19:40:55 #8 type.registry] 
New type domain.Ride

[2025-04-29 19:40:55 #9 type] 
Type domain.Mugimendua is not enhanced.

[2025-04-29 19:40:55 #10 type] 
Type domain.Kotxea is not enhanced.

[2025-04-29 19:40:55 #11 type] 
Type domain.Ride is not enhanced.

[2025-04-29 19:40:55 #12 type.registry] 
New type domain.Erreserba

[2025-04-29 19:40:55 #13 type] 
Type domain.Erreserba is not enhanced.

[2025-04-29 19:40:55 #14 type.registry] 
New type domain.Bidaiaria

[2025-04-29 19:40:55 #15 type] 
Type domain.Bidaiaria is not enhanced.

[2025-04-29 19:40:55 #16 type.registry] 
New type java.util.Vector<java.lang.Object>

[2025-04-29 19:40:55 #17 type.registry] 
New type java.util.Vector<domain.Mugimendua>

[2025-04-29 19:40:55 #18 type.registry] 
New type java.util.Vector<domain.Ride>

[2025-04-29 19:40:55 #19 type.registry] 
New type java.util.Vector<domain.Kotxea>

[2025-04-29 19:40:55 #20 type.registry] 
New type java.util.Vector<domain.Erreserba>

------------------------------------------------------------------------------------------------------------------------

[2025-04-29 19:41:56 #1 store] 
Database 'C:\Users\h165p\Desktop\Ingurunea\2Iterazioa\Rides24\src\main\resources\rides.temp' is opened by 1792@LAPTOP-CF3BRR4L

[2025-04-29 19:41:56 #2 type.registry] 
New type domain.User

[2025-04-29 19:41:56 #3 type.registry] 
New type domain.Driver

[2025-04-29 19:41:56 #4 type] 
Type domain.User is not enhanced.

[2025-04-29 19:41:56 #5 type.registry] 
New type domain.Mugimendua

[2025-04-29 19:41:56 #6 type] 
Type domain.Driver is not enhanced.

[2025-04-29 19:41:56 #7 type.registry] 
New type domain.Kotxea

[2025-04-29 19:41:56 #8 type.registry] 
New type domain.Ride

[2025-04-29 19:41:56 #9 type] 
Type domain.Mugimendua is not enhanced.

[2025-04-29 19:41:56 #10 type] 
Type domain.Kotxea is not enhanced.

[2025-04-29 19:41:56 #11 type] 
Type domain.Ride is not enhanced.

[2025-04-29 19:41:56 #12 type.registry] 
New type domain.Erreserba

[2025-04-29 19:41:56 #13 type] 
Type domain.Erreserba is not enhanced.

[2025-04-29 19:41:56 #14 type.registry] 
New type domain.Bidaiaria

[2025-04-29 19:41:56 #15 type] 
Type domain.Bidaiaria is not enhanced.

[2025-04-29 19:41:56 #16 type.registry] 
New type java.util.Vector<java.lang.Object>

[2025-04-29 19:41:56 #17 type.registry] 
New type java.util.Vector<domain.Mugimendua>

[2025-04-29 19:41:56 #18 type.registry] 
New type java.util.Vector<domain.Ride>

[2025-04-29 19:41:56 #19 type.registry] 
New type java.util.Vector<domain.Kotxea>

[2025-04-29 19:41:56 #20 type.registry] 
New type java.util.Vector<domain.Erreserba>

