------------------------------------------------------------------------------------------------------------------------

[2025-03-28 11:09:39 #1 store] 
Database 'C:\Users\aitzo\OneDrive\Ordenagailua\2iterazioa\Rides24\src\main\resources\rides.temp' is opened by 9604@LAPTOP-MQ5TRB4R

[2025-03-28 11:09:40 #2 type.registry] 
New type domain.User

[2025-03-28 11:09:40 #3 type.registry] 
New type domain.Driver

[2025-03-28 11:09:40 #4 type] 
Type domain.User is not enhanced.

[2025-03-28 11:09:40 #5 type.registry] 
New type domain.Mugimendua

[2025-03-28 11:09:40 #6 type] 
Type domain.Driver is not enhanced.

[2025-03-28 11:09:40 #7 type.registry] 
New type domain.Kotxea

[2025-03-28 11:09:40 #8 type.registry] 
New type domain.Ride

[2025-03-28 11:09:40 #9 type] 
Type domain.Mugimendua is not enhanced.

[2025-03-28 11:09:40 #10 type] 
Type domain.Kotxea is not enhanced.

[2025-03-28 11:09:40 #11 type] 
Type domain.Ride is not enhanced.

[2025-03-28 11:09:40 #12 type.registry] 
New type domain.Erreserba

[2025-03-28 11:09:40 #13 type] 
Type domain.Erreserba is not enhanced.

[2025-03-28 11:09:40 #14 type.registry] 
New type domain.Bidaiaria

[2025-03-28 11:09:40 #15 type] 
Type domain.Bidaiaria is not enhanced.

[2025-03-28 11:09:40 #16 type.registry] 
New type java.util.Vector<java.lang.Object>

[2025-03-28 11:09:40 #17 type.registry] 
New type java.util.Vector<domain.Mugimendua>

[2025-03-28 11:09:40 #18 type.registry] 
New type java.util.Vector<domain.Ride>

[2025-03-28 11:09:40 #19 type.registry] 
New type java.util.Vector<domain.Kotxea>

[2025-03-28 11:09:40 #20 type.registry] 
New type java.util.Vector<domain.Erreserba>

------------------------------------------------------------------------------------------------------------------------

[2025-03-28 11:16:58 #1 store] 
Database 'C:\Users\aitzo\OneDrive\Ordenagailua\2iterazioa\Rides24\src\main\resources\rides.temp' is opened by 5500@LAPTOP-MQ5TRB4R

[2025-03-28 11:16:58 #2 type.registry] 
New type domain.User

[2025-03-28 11:16:58 #3 type.registry] 
New type domain.Driver

[2025-03-28 11:16:58 #4 type] 
Type domain.User is not enhanced.

[2025-03-28 11:16:58 #5 type.registry] 
New type domain.Mugimendua

[2025-03-28 11:16:58 #6 type] 
Type domain.Driver is not enhanced.

[2025-03-28 11:16:58 #7 type.registry] 
New type domain.Kotxea

[2025-03-28 11:16:58 #8 type.registry] 
New type domain.Ride

[2025-03-28 11:16:58 #9 type] 
Type domain.Mugimendua is not enhanced.

[2025-03-28 11:16:58 #10 type] 
Type domain.Kotxea is not enhanced.

[2025-03-28 11:16:58 #11 type] 
Type domain.Ride is not enhanced.

[2025-03-28 11:16:58 #12 type.registry] 
New type domain.Erreserba

[2025-03-28 11:16:58 #13 type] 
Type domain.Erreserba is not enhanced.

[2025-03-28 11:16:58 #14 type.registry] 
New type domain.Bidaiaria

[2025-03-28 11:16:58 #15 type] 
Type domain.Bidaiaria is not enhanced.

[2025-03-28 11:16:58 #16 type.registry] 
New type java.util.Vector<java.lang.Object>

[2025-03-28 11:16:58 #17 type.registry] 
New type java.util.Vector<domain.Mugimendua>

[2025-03-28 11:16:58 #18 type.registry] 
New type java.util.Vector<domain.Ride>

[2025-03-28 11:16:58 #19 type.registry] 
New type java.util.Vector<domain.Kotxea>

[2025-03-28 11:16:58 #20 type.registry] 
New type java.util.Vector<domain.Erreserba>

------------------------------------------------------------------------------------------------------------------------

[2025-03-28 11:21:31 #1 store] 
Database 'C:\Users\aitzo\OneDrive\Ordenagailua\2iterazioa\Rides24\src\main\resources\rides.temp' is opened by 18152@LAPTOP-MQ5TRB4R

[2025-03-28 11:21:32 #2 type.registry] 
New type domain.User

[2025-03-28 11:21:32 #3 type.registry] 
New type domain.Driver

[2025-03-28 11:21:32 #4 type] 
Type domain.User is not enhanced.

[2025-03-28 11:21:32 #5 type.registry] 
New type domain.Mugimendua

[2025-03-28 11:21:32 #6 type] 
Type domain.Driver is not enhanced.

[2025-03-28 11:21:32 #7 type.registry] 
New type domain.Kotxea

[2025-03-28 11:21:32 #8 type.registry] 
New type domain.Ride

[2025-03-28 11:21:32 #9 type] 
Type domain.Mugimendua is not enhanced.

[2025-03-28 11:21:32 #10 type] 
Type domain.Kotxea is not enhanced.

[2025-03-28 11:21:32 #11 type] 
Type domain.Ride is not enhanced.

[2025-03-28 11:21:32 #12 type.registry] 
New type domain.Erreserba

[2025-03-28 11:21:32 #13 type] 
Type domain.Erreserba is not enhanced.

[2025-03-28 11:21:32 #14 type.registry] 
New type domain.Bidaiaria

[2025-03-28 11:21:32 #15 type] 
Type domain.Bidaiaria is not enhanced.

[2025-03-28 11:21:32 #16 type.registry] 
New type java.util.Vector<java.lang.Object>

[2025-03-28 11:21:32 #17 type.registry] 
New type java.util.Vector<domain.Mugimendua>

[2025-03-28 11:21:32 #18 type.registry] 
New type java.util.Vector<domain.Ride>

[2025-03-28 11:21:32 #19 type.registry] 
New type java.util.Vector<domain.Kotxea>

[2025-03-28 11:21:32 #20 type.registry] 
New type java.util.Vector<domain.Erreserba>

