------------------------------------------------------------------------------------------------------------------------

[2025-04-02 17:07:16 #1 store] 
Database 'C:\Users\h165p\Desktop\Ingurunea\2Iterazioa\Rides24\src\main\resources\rides.temp' is opened by 868@LAPTOP-CF3BRR4L

[2025-04-02 17:07:16 #2 type.registry] 
New type domain.User

[2025-04-02 17:07:16 #3 type.registry] 
New type domain.Driver

[2025-04-02 17:07:16 #4 type] 
Type domain.User is not enhanced.

[2025-04-02 17:07:16 #5 type.registry] 
New type domain.Mugimendua

[2025-04-02 17:07:16 #6 type] 
Type domain.Driver is not enhanced.

[2025-04-02 17:07:16 #7 type.registry] 
New type domain.Kotxea

[2025-04-02 17:07:16 #8 type.registry] 
New type domain.Ride

[2025-04-02 17:07:16 #9 type] 
Type domain.Mugimendua is not enhanced.

[2025-04-02 17:07:16 #10 type] 
Type domain.Kotxea is not enhanced.

[2025-04-02 17:07:16 #11 type] 
Type domain.Ride is not enhanced.

[2025-04-02 17:07:16 #12 type.registry] 
New type domain.Erreserba

[2025-04-02 17:07:16 #13 type] 
Type domain.Erreserba is not enhanced.

[2025-04-02 17:07:16 #14 type.registry] 
New type domain.Bidaiaria

[2025-04-02 17:07:16 #15 type] 
Type domain.Bidaiaria is not enhanced.

[2025-04-02 17:07:16 #16 type.registry] 
New type java.util.Vector<java.lang.Object>

[2025-04-02 17:07:16 #17 type.registry] 
New type java.util.Vector<domain.Mugimendua>

[2025-04-02 17:07:16 #18 type.registry] 
New type java.util.Vector<domain.Ride>

[2025-04-02 17:07:16 #19 type.registry] 
New type java.util.Vector<domain.Kotxea>

[2025-04-02 17:07:16 #20 type.registry] 
New type java.util.Vector<domain.Erreserba>

------------------------------------------------------------------------------------------------------------------------

[2025-04-02 17:10:10 #1 store] 
Database 'C:\Users\h165p\Desktop\Ingurunea\2Iterazioa\Rides24\src\main\resources\rides.temp' is opened by 10344@LAPTOP-CF3BRR4L

[2025-04-02 17:10:11 #2 type.registry] 
New type domain.User

[2025-04-02 17:10:11 #3 type.registry] 
New type domain.Driver

[2025-04-02 17:10:11 #4 type] 
Type domain.User is not enhanced.

[2025-04-02 17:10:11 #5 type.registry] 
New type domain.Mugimendua

[2025-04-02 17:10:11 #6 type] 
Type domain.Driver is not enhanced.

[2025-04-02 17:10:11 #7 type.registry] 
New type domain.Kotxea

[2025-04-02 17:10:11 #8 type.registry] 
New type domain.Ride

[2025-04-02 17:10:11 #9 type] 
Type domain.Mugimendua is not enhanced.

[2025-04-02 17:10:11 #10 type] 
Type domain.Kotxea is not enhanced.

[2025-04-02 17:10:11 #11 type] 
Type domain.Ride is not enhanced.

[2025-04-02 17:10:11 #12 type.registry] 
New type domain.Erreserba

[2025-04-02 17:10:11 #13 type] 
Type domain.Erreserba is not enhanced.

[2025-04-02 17:10:11 #14 type.registry] 
New type domain.Bidaiaria

[2025-04-02 17:10:11 #15 type] 
Type domain.Bidaiaria is not enhanced.

[2025-04-02 17:10:11 #16 type.registry] 
New type java.util.Vector<java.lang.Object>

[2025-04-02 17:10:11 #17 type.registry] 
New type java.util.Vector<domain.Mugimendua>

[2025-04-02 17:10:11 #18 type.registry] 
New type java.util.Vector<domain.Ride>

[2025-04-02 17:10:11 #19 type.registry] 
New type java.util.Vector<domain.Kotxea>

[2025-04-02 17:10:11 #20 type.registry] 
New type java.util.Vector<domain.Erreserba>

------------------------------------------------------------------------------------------------------------------------

[2025-04-02 17:11:20 #1 store] 
Database 'C:\Users\h165p\Desktop\Ingurunea\2Iterazioa\Rides24\src\main\resources\rides.temp' is opened by 12680@LAPTOP-CF3BRR4L

[2025-04-02 17:11:20 #2 type.registry] 
New type domain.User

[2025-04-02 17:11:20 #3 type.registry] 
New type domain.Driver

[2025-04-02 17:11:20 #4 type] 
Type domain.User is not enhanced.

[2025-04-02 17:11:20 #5 type.registry] 
New type domain.Mugimendua

[2025-04-02 17:11:20 #6 type] 
Type domain.Driver is not enhanced.

[2025-04-02 17:11:20 #7 type.registry] 
New type domain.Kotxea

[2025-04-02 17:11:20 #8 type.registry] 
New type domain.Ride

[2025-04-02 17:11:20 #9 type] 
Type domain.Mugimendua is not enhanced.

[2025-04-02 17:11:20 #10 type] 
Type domain.Kotxea is not enhanced.

[2025-04-02 17:11:20 #11 type] 
Type domain.Ride is not enhanced.

[2025-04-02 17:11:20 #12 type.registry] 
New type domain.Erreserba

[2025-04-02 17:11:20 #13 type] 
Type domain.Erreserba is not enhanced.

[2025-04-02 17:11:20 #14 type.registry] 
New type domain.Bidaiaria

[2025-04-02 17:11:20 #15 type] 
Type domain.Bidaiaria is not enhanced.

[2025-04-02 17:11:20 #16 type.registry] 
New type java.util.Vector<java.lang.Object>

[2025-04-02 17:11:20 #17 type.registry] 
New type java.util.Vector<domain.Mugimendua>

[2025-04-02 17:11:20 #18 type.registry] 
New type java.util.Vector<domain.Ride>

[2025-04-02 17:11:20 #19 type.registry] 
New type java.util.Vector<domain.Kotxea>

[2025-04-02 17:11:20 #20 type.registry] 
New type java.util.Vector<domain.Erreserba>

------------------------------------------------------------------------------------------------------------------------

[2025-04-02 17:31:59 #1 store] 
Database 'C:\Users\h165p\Desktop\Ingurunea\2Iterazioa\Rides24\src\main\resources\rides.temp' is opened by 10636@LAPTOP-CF3BRR4L

[2025-04-02 17:31:59 #2 type.registry] 
New type domain.User

[2025-04-02 17:31:59 #3 type.registry] 
New type domain.Driver

[2025-04-02 17:31:59 #4 type] 
Type domain.User is not enhanced.

[2025-04-02 17:31:59 #5 type.registry] 
New type domain.Mugimendua

[2025-04-02 17:31:59 #6 type] 
Type domain.Driver is not enhanced.

[2025-04-02 17:31:59 #7 type.registry] 
New type domain.Kotxea

[2025-04-02 17:31:59 #8 type.registry] 
New type domain.Ride

[2025-04-02 17:31:59 #9 type] 
Type domain.Mugimendua is not enhanced.

[2025-04-02 17:31:59 #10 type] 
Type domain.Kotxea is not enhanced.

[2025-04-02 17:31:59 #11 type] 
Type domain.Ride is not enhanced.

[2025-04-02 17:31:59 #12 type.registry] 
New type domain.Erreserba

[2025-04-02 17:31:59 #13 type] 
Type domain.Erreserba is not enhanced.

[2025-04-02 17:31:59 #14 type.registry] 
New type domain.Bidaiaria

[2025-04-02 17:31:59 #15 type] 
Type domain.Bidaiaria is not enhanced.

[2025-04-02 17:31:59 #16 type.registry] 
New type java.util.Vector<java.lang.Object>

[2025-04-02 17:31:59 #17 type.registry] 
New type java.util.Vector<domain.Mugimendua>

[2025-04-02 17:31:59 #18 type.registry] 
New type java.util.Vector<domain.Ride>

[2025-04-02 17:31:59 #19 type.registry] 
New type java.util.Vector<domain.Kotxea>

[2025-04-02 17:31:59 #20 type.registry] 
New type java.util.Vector<domain.Erreserba>

------------------------------------------------------------------------------------------------------------------------

[2025-04-02 17:34:26 #1 store] 
Database 'C:\Users\h165p\Desktop\Ingurunea\2Iterazioa\Rides24\src\main\resources\rides.temp' is opened by 19460@LAPTOP-CF3BRR4L

[2025-04-02 17:34:26 #2 type.registry] 
New type domain.User

[2025-04-02 17:34:26 #3 type.registry] 
New type domain.Driver

[2025-04-02 17:34:26 #4 type] 
Type domain.User is not enhanced.

[2025-04-02 17:34:26 #5 type.registry] 
New type domain.Mugimendua

[2025-04-02 17:34:26 #6 type] 
Type domain.Driver is not enhanced.

[2025-04-02 17:34:26 #7 type.registry] 
New type domain.Kotxea

[2025-04-02 17:34:26 #8 type.registry] 
New type domain.Ride

[2025-04-02 17:34:26 #9 type] 
Type domain.Mugimendua is not enhanced.

[2025-04-02 17:34:26 #10 type] 
Type domain.Kotxea is not enhanced.

[2025-04-02 17:34:26 #11 type] 
Type domain.Ride is not enhanced.

[2025-04-02 17:34:26 #12 type.registry] 
New type domain.Erreserba

[2025-04-02 17:34:26 #13 type] 
Type domain.Erreserba is not enhanced.

[2025-04-02 17:34:26 #14 type.registry] 
New type domain.Bidaiaria

[2025-04-02 17:34:26 #15 type] 
Type domain.Bidaiaria is not enhanced.

[2025-04-02 17:34:26 #16 type.registry] 
New type java.util.Vector<java.lang.Object>

[2025-04-02 17:34:26 #17 type.registry] 
New type java.util.Vector<domain.Mugimendua>

[2025-04-02 17:34:26 #18 type.registry] 
New type java.util.Vector<domain.Ride>

[2025-04-02 17:34:26 #19 type.registry] 
New type java.util.Vector<domain.Kotxea>

[2025-04-02 17:34:26 #20 type.registry] 
New type java.util.Vector<domain.Erreserba>

------------------------------------------------------------------------------------------------------------------------

[2025-04-02 17:35:38 #1 store] 
Database 'C:\Users\h165p\Desktop\Ingurunea\2Iterazioa\Rides24\src\main\resources\rides.temp' is opened by 8612@LAPTOP-CF3BRR4L

[2025-04-02 17:35:39 #2 type.registry] 
New type domain.User

[2025-04-02 17:35:39 #3 type.registry] 
New type domain.Driver

[2025-04-02 17:35:39 #4 type] 
Type domain.User is not enhanced.

[2025-04-02 17:35:39 #5 type.registry] 
New type domain.Mugimendua

[2025-04-02 17:35:39 #6 type] 
Type domain.Driver is not enhanced.

[2025-04-02 17:35:39 #7 type.registry] 
New type domain.Kotxea

[2025-04-02 17:35:39 #8 type.registry] 
New type domain.Ride

[2025-04-02 17:35:39 #9 type] 
Type domain.Mugimendua is not enhanced.

[2025-04-02 17:35:39 #10 type] 
Type domain.Kotxea is not enhanced.

[2025-04-02 17:35:39 #11 type] 
Type domain.Ride is not enhanced.

[2025-04-02 17:35:39 #12 type.registry] 
New type domain.Erreserba

[2025-04-02 17:35:39 #13 type] 
Type domain.Erreserba is not enhanced.

[2025-04-02 17:35:39 #14 type.registry] 
New type domain.Bidaiaria

[2025-04-02 17:35:39 #15 type] 
Type domain.Bidaiaria is not enhanced.

[2025-04-02 17:35:39 #16 type.registry] 
New type java.util.Vector<java.lang.Object>

[2025-04-02 17:35:39 #17 type.registry] 
New type java.util.Vector<domain.Mugimendua>

[2025-04-02 17:35:39 #18 type.registry] 
New type java.util.Vector<domain.Ride>

[2025-04-02 17:35:39 #19 type.registry] 
New type java.util.Vector<domain.Kotxea>

[2025-04-02 17:35:39 #20 type.registry] 
New type java.util.Vector<domain.Erreserba>

------------------------------------------------------------------------------------------------------------------------

[2025-04-02 17:40:26 #1 store] 
Database 'C:\Users\h165p\Desktop\Ingurunea\2Iterazioa\Rides24\src\main\resources\rides.temp' is opened by 7980@LAPTOP-CF3BRR4L

[2025-04-02 17:40:26 #2 type.registry] 
New type domain.User

[2025-04-02 17:40:26 #3 type.registry] 
New type domain.Driver

[2025-04-02 17:40:26 #4 type] 
Type domain.User is not enhanced.

[2025-04-02 17:40:26 #5 type.registry] 
New type domain.Mugimendua

[2025-04-02 17:40:26 #6 type] 
Type domain.Driver is not enhanced.

[2025-04-02 17:40:26 #7 type.registry] 
New type domain.Kotxea

[2025-04-02 17:40:26 #8 type.registry] 
New type domain.Ride

[2025-04-02 17:40:26 #9 type] 
Type domain.Mugimendua is not enhanced.

[2025-04-02 17:40:26 #10 type] 
Type domain.Kotxea is not enhanced.

[2025-04-02 17:40:26 #11 type] 
Type domain.Ride is not enhanced.

[2025-04-02 17:40:26 #12 type.registry] 
New type domain.Erreserba

[2025-04-02 17:40:26 #13 type] 
Type domain.Erreserba is not enhanced.

[2025-04-02 17:40:26 #14 type.registry] 
New type domain.Bidaiaria

[2025-04-02 17:40:26 #15 type] 
Type domain.Bidaiaria is not enhanced.

[2025-04-02 17:40:26 #16 type.registry] 
New type java.util.Vector<java.lang.Object>

[2025-04-02 17:40:26 #17 type.registry] 
New type java.util.Vector<domain.Mugimendua>

[2025-04-02 17:40:26 #18 type.registry] 
New type java.util.Vector<domain.Ride>

[2025-04-02 17:40:26 #19 type.registry] 
New type java.util.Vector<domain.Kotxea>

[2025-04-02 17:40:26 #20 type.registry] 
New type java.util.Vector<domain.Erreserba>

------------------------------------------------------------------------------------------------------------------------

[2025-04-02 17:41:32 #1 store] 
Database 'C:\Users\h165p\Desktop\Ingurunea\2Iterazioa\Rides24\src\main\resources\rides.temp' is opened by 2488@LAPTOP-CF3BRR4L

[2025-04-02 17:41:33 #2 type.registry] 
New type domain.User

[2025-04-02 17:41:33 #3 type.registry] 
New type domain.Driver

[2025-04-02 17:41:33 #4 type] 
Type domain.User is not enhanced.

[2025-04-02 17:41:33 #5 type.registry] 
New type domain.Mugimendua

[2025-04-02 17:41:33 #6 type] 
Type domain.Driver is not enhanced.

[2025-04-02 17:41:33 #7 type.registry] 
New type domain.Kotxea

[2025-04-02 17:41:33 #8 type.registry] 
New type domain.Ride

[2025-04-02 17:41:33 #9 type] 
Type domain.Mugimendua is not enhanced.

[2025-04-02 17:41:33 #10 type] 
Type domain.Kotxea is not enhanced.

[2025-04-02 17:41:33 #11 type] 
Type domain.Ride is not enhanced.

[2025-04-02 17:41:33 #12 type.registry] 
New type domain.Erreserba

[2025-04-02 17:41:33 #13 type] 
Type domain.Erreserba is not enhanced.

[2025-04-02 17:41:33 #14 type.registry] 
New type domain.Bidaiaria

[2025-04-02 17:41:33 #15 type] 
Type domain.Bidaiaria is not enhanced.

[2025-04-02 17:41:33 #16 type.registry] 
New type java.util.Vector<java.lang.Object>

[2025-04-02 17:41:33 #17 type.registry] 
New type java.util.Vector<domain.Mugimendua>

[2025-04-02 17:41:33 #18 type.registry] 
New type java.util.Vector<domain.Ride>

[2025-04-02 17:41:33 #19 type.registry] 
New type java.util.Vector<domain.Kotxea>

[2025-04-02 17:41:33 #20 type.registry] 
New type java.util.Vector<domain.Erreserba>

------------------------------------------------------------------------------------------------------------------------

[2025-04-02 17:45:32 #1 store] 
Database 'C:\Users\h165p\Desktop\Ingurunea\2Iterazioa\Rides24\src\main\resources\rides.temp' is opened by 14788@LAPTOP-CF3BRR4L

[2025-04-02 17:45:32 #2 type.registry] 
New type domain.User

[2025-04-02 17:45:32 #3 type.registry] 
New type domain.Driver

[2025-04-02 17:45:32 #4 type] 
Type domain.User is not enhanced.

[2025-04-02 17:45:32 #5 type.registry] 
New type domain.Mugimendua

[2025-04-02 17:45:32 #6 type] 
Type domain.Driver is not enhanced.

[2025-04-02 17:45:32 #7 type.registry] 
New type domain.Kotxea

[2025-04-02 17:45:32 #8 type.registry] 
New type domain.Ride

[2025-04-02 17:45:32 #9 type] 
Type domain.Mugimendua is not enhanced.

[2025-04-02 17:45:32 #10 type] 
Type domain.Kotxea is not enhanced.

[2025-04-02 17:45:32 #11 type] 
Type domain.Ride is not enhanced.

[2025-04-02 17:45:32 #12 type.registry] 
New type domain.Erreserba

[2025-04-02 17:45:32 #13 type] 
Type domain.Erreserba is not enhanced.

[2025-04-02 17:45:32 #14 type.registry] 
New type domain.Bidaiaria

[2025-04-02 17:45:32 #15 type] 
Type domain.Bidaiaria is not enhanced.

[2025-04-02 17:45:32 #16 type.registry] 
New type java.util.Vector<java.lang.Object>

[2025-04-02 17:45:32 #17 type.registry] 
New type java.util.Vector<domain.Mugimendua>

[2025-04-02 17:45:32 #18 type.registry] 
New type java.util.Vector<domain.Ride>

[2025-04-02 17:45:32 #19 type.registry] 
New type java.util.Vector<domain.Kotxea>

[2025-04-02 17:45:32 #20 type.registry] 
New type java.util.Vector<domain.Erreserba>

