------------------------------------------------------------------------------------------------------------------------

[2025-03-27 15:14:11 #1 store] 
Database 'C:\Users\h165p\Desktop\Ingurunea\2Iterazioa_ETIKETAK\Rides24\src\main\resources\rides.temp' is opened by 736@LAPTOP-CF3BRR4L

[2025-03-27 15:14:11 #2 type.registry] 
New type domain.User

[2025-03-27 15:14:11 #3 type.registry] 
New type domain.Driver

[2025-03-27 15:14:11 #4 type] 
Type domain.User is not enhanced.

[2025-03-27 15:14:11 #5 type.registry] 
New type domain.Mugimendua

[2025-03-27 15:14:11 #6 type] 
Type domain.Driver is not enhanced.

[2025-03-27 15:14:11 #7 type.registry] 
New type domain.Kotxea

[2025-03-27 15:14:11 #8 type.registry] 
New type domain.Ride

[2025-03-27 15:14:11 #9 type] 
Type domain.Mugimendua is not enhanced.

[2025-03-27 15:14:11 #10 type] 
Type domain.Kotxea is not enhanced.

[2025-03-27 15:14:11 #11 type] 
Type domain.Ride is not enhanced.

[2025-03-27 15:14:11 #12 type.registry] 
New type domain.Erreserba

[2025-03-27 15:14:11 #13 type] 
Type domain.Erreserba is not enhanced.

[2025-03-27 15:14:11 #14 type.registry] 
New type domain.Bidaiaria

[2025-03-27 15:14:11 #15 type] 
Type domain.Bidaiaria is not enhanced.

[2025-03-27 15:14:11 #16 type.registry] 
New type java.util.Vector<java.lang.Object>

[2025-03-27 15:14:11 #17 type.registry] 
New type java.util.Vector<domain.Mugimendua>

[2025-03-27 15:14:11 #18 type.registry] 
New type java.util.Vector<domain.Ride>

[2025-03-27 15:14:11 #19 type.registry] 
New type java.util.Vector<domain.Kotxea>

[2025-03-27 15:14:11 #20 type.registry] 
New type java.util.Vector<domain.Erreserba>

------------------------------------------------------------------------------------------------------------------------

[2025-03-27 16:50:44 #1 store] 
Database 'C:\Users\h165p\Desktop\Ingurunea\2Iterazioa_ETIKETAK\Rides24\src\main\resources\rides.temp' is opened by 18296@LAPTOP-CF3BRR4L

[2025-03-27 16:50:45 #2 type.registry] 
New type domain.User

[2025-03-27 16:50:45 #3 type.registry] 
New type domain.Driver

[2025-03-27 16:50:45 #4 type] 
Type domain.User is not enhanced.

[2025-03-27 16:50:45 #5 type.registry] 
New type domain.Mugimendua

[2025-03-27 16:50:45 #6 type] 
Type domain.Driver is not enhanced.

[2025-03-27 16:50:45 #7 type.registry] 
New type domain.Kotxea

[2025-03-27 16:50:45 #8 type.registry] 
New type domain.Ride

[2025-03-27 16:50:45 #9 type] 
Type domain.Mugimendua is not enhanced.

[2025-03-27 16:50:45 #10 type] 
Type domain.Kotxea is not enhanced.

[2025-03-27 16:50:45 #11 type] 
Type domain.Ride is not enhanced.

[2025-03-27 16:50:45 #12 type.registry] 
New type domain.Erreserba

[2025-03-27 16:50:45 #13 type] 
Type domain.Erreserba is not enhanced.

[2025-03-27 16:50:45 #14 type.registry] 
New type domain.Bidaiaria

[2025-03-27 16:50:45 #15 type] 
Type domain.Bidaiaria is not enhanced.

[2025-03-27 16:50:45 #16 type.registry] 
New type java.util.Vector<java.lang.Object>

[2025-03-27 16:50:45 #17 type.registry] 
New type java.util.Vector<domain.Mugimendua>

[2025-03-27 16:50:45 #18 type.registry] 
New type java.util.Vector<domain.Ride>

[2025-03-27 16:50:45 #19 type.registry] 
New type java.util.Vector<domain.Kotxea>

[2025-03-27 16:50:45 #20 type.registry] 
New type java.util.Vector<domain.Erreserba>

------------------------------------------------------------------------------------------------------------------------

[2025-03-27 17:15:51 #1 store] 
Database 'C:\Users\h165p\Desktop\Ingurunea\2Iterazioa_ETIKETAK\Rides24\src\main\resources\rides.temp' is opened by 21200@LAPTOP-CF3BRR4L

[2025-03-27 17:15:51 #2 type.registry] 
New type domain.User

[2025-03-27 17:15:51 #3 type.registry] 
New type domain.Driver

[2025-03-27 17:15:51 #4 type] 
Type domain.User is not enhanced.

[2025-03-27 17:15:51 #5 type.registry] 
New type domain.Mugimendua

[2025-03-27 17:15:51 #6 type] 
Type domain.Driver is not enhanced.

[2025-03-27 17:15:51 #7 type.registry] 
New type domain.Kotxea

[2025-03-27 17:15:52 #8 type.registry] 
New type domain.Ride

[2025-03-27 17:15:52 #9 type] 
Type domain.Mugimendua is not enhanced.

[2025-03-27 17:15:52 #10 type] 
Type domain.Kotxea is not enhanced.

[2025-03-27 17:15:52 #11 type] 
Type domain.Ride is not enhanced.

[2025-03-27 17:15:52 #12 type.registry] 
New type domain.Erreserba

[2025-03-27 17:15:52 #13 type] 
Type domain.Erreserba is not enhanced.

[2025-03-27 17:15:52 #14 type.registry] 
New type domain.Bidaiaria

[2025-03-27 17:15:52 #15 type] 
Type domain.Bidaiaria is not enhanced.

[2025-03-27 17:15:52 #16 type.registry] 
New type java.util.Vector<java.lang.Object>

[2025-03-27 17:15:52 #17 type.registry] 
New type java.util.Vector<domain.Mugimendua>

[2025-03-27 17:15:52 #18 type.registry] 
New type java.util.Vector<domain.Ride>

[2025-03-27 17:15:52 #19 type.registry] 
New type java.util.Vector<domain.Kotxea>

[2025-03-27 17:15:52 #20 type.registry] 
New type java.util.Vector<domain.Erreserba>

------------------------------------------------------------------------------------------------------------------------

[2025-03-27 17:21:06 #1 store] 
Database 'C:\Users\h165p\Desktop\Ingurunea\2Iterazioa_ETIKETAK\Rides24\src\main\resources\rides.temp' is opened by 20384@LAPTOP-CF3BRR4L

[2025-03-27 17:21:06 #2 type.registry] 
New type domain.User

[2025-03-27 17:21:06 #3 type.registry] 
New type domain.Driver

[2025-03-27 17:21:06 #4 type] 
Type domain.User is not enhanced.

[2025-03-27 17:21:06 #5 type.registry] 
New type domain.Mugimendua

[2025-03-27 17:21:06 #6 type] 
Type domain.Driver is not enhanced.

[2025-03-27 17:21:06 #7 type.registry] 
New type domain.Kotxea

[2025-03-27 17:21:06 #8 type.registry] 
New type domain.Ride

[2025-03-27 17:21:06 #9 type] 
Type domain.Mugimendua is not enhanced.

[2025-03-27 17:21:06 #10 type] 
Type domain.Kotxea is not enhanced.

[2025-03-27 17:21:06 #11 type] 
Type domain.Ride is not enhanced.

[2025-03-27 17:21:06 #12 type.registry] 
New type domain.Erreserba

[2025-03-27 17:21:06 #13 type] 
Type domain.Erreserba is not enhanced.

[2025-03-27 17:21:06 #14 type.registry] 
New type domain.Bidaiaria

[2025-03-27 17:21:06 #15 type] 
Type domain.Bidaiaria is not enhanced.

[2025-03-27 17:21:06 #16 type.registry] 
New type java.util.Vector<java.lang.Object>

[2025-03-27 17:21:06 #17 type.registry] 
New type java.util.Vector<domain.Mugimendua>

[2025-03-27 17:21:06 #18 type.registry] 
New type java.util.Vector<domain.Ride>

[2025-03-27 17:21:06 #19 type.registry] 
New type java.util.Vector<domain.Kotxea>

[2025-03-27 17:21:06 #20 type.registry] 
New type java.util.Vector<domain.Erreserba>

------------------------------------------------------------------------------------------------------------------------

[2025-03-27 17:22:11 #1 store] 
Database 'C:\Users\h165p\Desktop\Ingurunea\2Iterazioa_ETIKETAK\Rides24\src\main\resources\rides.temp' is opened by 20776@LAPTOP-CF3BRR4L

[2025-03-27 17:22:11 #2 type.registry] 
New type domain.User

[2025-03-27 17:22:11 #3 type.registry] 
New type domain.Driver

[2025-03-27 17:22:11 #4 type] 
Type domain.User is not enhanced.

[2025-03-27 17:22:11 #5 type.registry] 
New type domain.Mugimendua

[2025-03-27 17:22:11 #6 type] 
Type domain.Driver is not enhanced.

[2025-03-27 17:22:11 #7 type.registry] 
New type domain.Kotxea

[2025-03-27 17:22:11 #8 type.registry] 
New type domain.Ride

[2025-03-27 17:22:11 #9 type] 
Type domain.Mugimendua is not enhanced.

[2025-03-27 17:22:11 #10 type] 
Type domain.Kotxea is not enhanced.

[2025-03-27 17:22:11 #11 type] 
Type domain.Ride is not enhanced.

[2025-03-27 17:22:11 #12 type.registry] 
New type domain.Erreserba

[2025-03-27 17:22:11 #13 type] 
Type domain.Erreserba is not enhanced.

[2025-03-27 17:22:11 #14 type.registry] 
New type domain.Bidaiaria

[2025-03-27 17:22:11 #15 type] 
Type domain.Bidaiaria is not enhanced.

[2025-03-27 17:22:11 #16 type.registry] 
New type java.util.Vector<java.lang.Object>

[2025-03-27 17:22:11 #17 type.registry] 
New type java.util.Vector<domain.Mugimendua>

[2025-03-27 17:22:11 #18 type.registry] 
New type java.util.Vector<domain.Ride>

[2025-03-27 17:22:11 #19 type.registry] 
New type java.util.Vector<domain.Kotxea>

[2025-03-27 17:22:11 #20 type.registry] 
New type java.util.Vector<domain.Erreserba>

------------------------------------------------------------------------------------------------------------------------

[2025-03-27 17:26:03 #1 store] 
Database 'C:\Users\h165p\Desktop\Ingurunea\2Iterazioa_ETIKETAK\Rides24\src\main\resources\rides.temp' is opened by 3684@LAPTOP-CF3BRR4L

[2025-03-27 17:26:03 #2 type.registry] 
New type domain.User

[2025-03-27 17:26:03 #3 type.registry] 
New type domain.Driver

[2025-03-27 17:26:03 #4 type] 
Type domain.User is not enhanced.

[2025-03-27 17:26:03 #5 type.registry] 
New type domain.Mugimendua

[2025-03-27 17:26:03 #6 type] 
Type domain.Driver is not enhanced.

[2025-03-27 17:26:03 #7 type.registry] 
New type domain.Kotxea

[2025-03-27 17:26:03 #8 type.registry] 
New type domain.Ride

[2025-03-27 17:26:03 #9 type] 
Type domain.Mugimendua is not enhanced.

[2025-03-27 17:26:03 #10 type] 
Type domain.Kotxea is not enhanced.

[2025-03-27 17:26:03 #11 type] 
Type domain.Ride is not enhanced.

[2025-03-27 17:26:03 #12 type.registry] 
New type domain.Erreserba

[2025-03-27 17:26:03 #13 type] 
Type domain.Erreserba is not enhanced.

[2025-03-27 17:26:03 #14 type.registry] 
New type domain.Bidaiaria

[2025-03-27 17:26:03 #15 type] 
Type domain.Bidaiaria is not enhanced.

[2025-03-27 17:26:03 #16 type.registry] 
New type java.util.Vector<java.lang.Object>

[2025-03-27 17:26:03 #17 type.registry] 
New type java.util.Vector<domain.Mugimendua>

[2025-03-27 17:26:03 #18 type.registry] 
New type java.util.Vector<domain.Ride>

[2025-03-27 17:26:03 #19 type.registry] 
New type java.util.Vector<domain.Kotxea>

[2025-03-27 17:26:03 #20 type.registry] 
New type java.util.Vector<domain.Erreserba>

------------------------------------------------------------------------------------------------------------------------

[2025-03-27 17:34:09 #1 store] 
Database 'C:\Users\h165p\Desktop\Ingurunea\2Iterazioa_ETIKETAK\Rides24\src\main\resources\rides.temp' is opened by 19400@LAPTOP-CF3BRR4L

[2025-03-27 17:34:09 #2 type.registry] 
New type domain.User

[2025-03-27 17:34:09 #3 type.registry] 
New type domain.Driver

[2025-03-27 17:34:09 #4 type] 
Type domain.User is not enhanced.

[2025-03-27 17:34:09 #5 type.registry] 
New type domain.Mugimendua

[2025-03-27 17:34:09 #6 type] 
Type domain.Driver is not enhanced.

[2025-03-27 17:34:09 #7 type.registry] 
New type domain.Kotxea

[2025-03-27 17:34:09 #8 type.registry] 
New type domain.Ride

[2025-03-27 17:34:09 #9 type] 
Type domain.Mugimendua is not enhanced.

[2025-03-27 17:34:09 #10 type] 
Type domain.Kotxea is not enhanced.

[2025-03-27 17:34:09 #11 type] 
Type domain.Ride is not enhanced.

[2025-03-27 17:34:09 #12 type.registry] 
New type domain.Erreserba

[2025-03-27 17:34:09 #13 type] 
Type domain.Erreserba is not enhanced.

[2025-03-27 17:34:09 #14 type.registry] 
New type domain.Bidaiaria

[2025-03-27 17:34:09 #15 type] 
Type domain.Bidaiaria is not enhanced.

[2025-03-27 17:34:09 #16 type.registry] 
New type java.util.Vector<java.lang.Object>

[2025-03-27 17:34:09 #17 type.registry] 
New type java.util.Vector<domain.Mugimendua>

[2025-03-27 17:34:09 #18 type.registry] 
New type java.util.Vector<domain.Ride>

[2025-03-27 17:34:09 #19 type.registry] 
New type java.util.Vector<domain.Kotxea>

[2025-03-27 17:34:09 #20 type.registry] 
New type java.util.Vector<domain.Erreserba>

------------------------------------------------------------------------------------------------------------------------

[2025-03-27 17:35:11 #1 store] 
Database 'C:\Users\h165p\Desktop\Ingurunea\2Iterazioa_ETIKETAK\Rides24\src\main\resources\rides.temp' is opened by 15984@LAPTOP-CF3BRR4L

[2025-03-27 17:35:11 #2 type.registry] 
New type domain.User

[2025-03-27 17:35:11 #3 type.registry] 
New type domain.Driver

[2025-03-27 17:35:11 #4 type] 
Type domain.User is not enhanced.

[2025-03-27 17:35:11 #5 type.registry] 
New type domain.Mugimendua

[2025-03-27 17:35:11 #6 type] 
Type domain.Driver is not enhanced.

[2025-03-27 17:35:11 #7 type.registry] 
New type domain.Kotxea

[2025-03-27 17:35:11 #8 type.registry] 
New type domain.Ride

[2025-03-27 17:35:11 #9 type] 
Type domain.Mugimendua is not enhanced.

[2025-03-27 17:35:11 #10 type] 
Type domain.Kotxea is not enhanced.

[2025-03-27 17:35:11 #11 type] 
Type domain.Ride is not enhanced.

[2025-03-27 17:35:11 #12 type.registry] 
New type domain.Erreserba

[2025-03-27 17:35:11 #13 type] 
Type domain.Erreserba is not enhanced.

[2025-03-27 17:35:11 #14 type.registry] 
New type domain.Bidaiaria

[2025-03-27 17:35:11 #15 type] 
Type domain.Bidaiaria is not enhanced.

[2025-03-27 17:35:11 #16 type.registry] 
New type java.util.Vector<java.lang.Object>

[2025-03-27 17:35:11 #17 type.registry] 
New type java.util.Vector<domain.Mugimendua>

[2025-03-27 17:35:11 #18 type.registry] 
New type java.util.Vector<domain.Ride>

[2025-03-27 17:35:11 #19 type.registry] 
New type java.util.Vector<domain.Kotxea>

[2025-03-27 17:35:11 #20 type.registry] 
New type java.util.Vector<domain.Erreserba>

------------------------------------------------------------------------------------------------------------------------

[2025-03-27 17:37:48 #1 store] 
Database 'C:\Users\h165p\Desktop\Ingurunea\2Iterazioa_ETIKETAK\Rides24\src\main\resources\rides.temp' is opened by 23644@LAPTOP-CF3BRR4L

[2025-03-27 17:37:48 #2 type.registry] 
New type domain.User

[2025-03-27 17:37:48 #3 type.registry] 
New type domain.Driver

[2025-03-27 17:37:48 #4 type] 
Type domain.User is not enhanced.

[2025-03-27 17:37:48 #5 type.registry] 
New type domain.Mugimendua

[2025-03-27 17:37:48 #6 type] 
Type domain.Driver is not enhanced.

[2025-03-27 17:37:48 #7 type.registry] 
New type domain.Kotxea

[2025-03-27 17:37:48 #8 type.registry] 
New type domain.Ride

[2025-03-27 17:37:48 #9 type] 
Type domain.Mugimendua is not enhanced.

[2025-03-27 17:37:48 #10 type] 
Type domain.Kotxea is not enhanced.

[2025-03-27 17:37:48 #11 type] 
Type domain.Ride is not enhanced.

[2025-03-27 17:37:48 #12 type.registry] 
New type domain.Erreserba

[2025-03-27 17:37:48 #13 type] 
Type domain.Erreserba is not enhanced.

[2025-03-27 17:37:48 #14 type.registry] 
New type domain.Bidaiaria

[2025-03-27 17:37:48 #15 type] 
Type domain.Bidaiaria is not enhanced.

[2025-03-27 17:37:48 #16 type.registry] 
New type java.util.Vector<java.lang.Object>

[2025-03-27 17:37:48 #17 type.registry] 
New type java.util.Vector<domain.Mugimendua>

[2025-03-27 17:37:48 #18 type.registry] 
New type java.util.Vector<domain.Ride>

[2025-03-27 17:37:48 #19 type.registry] 
New type java.util.Vector<domain.Kotxea>

[2025-03-27 17:37:48 #20 type.registry] 
New type java.util.Vector<domain.Erreserba>

------------------------------------------------------------------------------------------------------------------------

[2025-03-27 17:46:03 #1 store] 
Database 'C:\Users\h165p\Desktop\Ingurunea\2Iterazioa_ETIKETAK\Rides24\src\main\resources\rides.temp' is opened by 20180@LAPTOP-CF3BRR4L

[2025-03-27 17:46:03 #2 type.registry] 
New type domain.User

[2025-03-27 17:46:03 #3 type.registry] 
New type domain.Driver

[2025-03-27 17:46:03 #4 type] 
Type domain.User is not enhanced.

[2025-03-27 17:46:03 #5 type.registry] 
New type domain.Mugimendua

[2025-03-27 17:46:03 #6 type] 
Type domain.Driver is not enhanced.

[2025-03-27 17:46:03 #7 type.registry] 
New type domain.Kotxea

[2025-03-27 17:46:03 #8 type.registry] 
New type domain.Ride

[2025-03-27 17:46:03 #9 type] 
Type domain.Mugimendua is not enhanced.

[2025-03-27 17:46:03 #10 type] 
Type domain.Kotxea is not enhanced.

[2025-03-27 17:46:03 #11 type] 
Type domain.Ride is not enhanced.

[2025-03-27 17:46:03 #12 type.registry] 
New type domain.Erreserba

[2025-03-27 17:46:03 #13 type] 
Type domain.Erreserba is not enhanced.

[2025-03-27 17:46:03 #14 type.registry] 
New type domain.Bidaiaria

[2025-03-27 17:46:03 #15 type] 
Type domain.Bidaiaria is not enhanced.

[2025-03-27 17:46:03 #16 type.registry] 
New type java.util.Vector<java.lang.Object>

[2025-03-27 17:46:03 #17 type.registry] 
New type java.util.Vector<domain.Mugimendua>

[2025-03-27 17:46:03 #18 type.registry] 
New type java.util.Vector<domain.Ride>

[2025-03-27 17:46:03 #19 type.registry] 
New type java.util.Vector<domain.Kotxea>

[2025-03-27 17:46:03 #20 type.registry] 
New type java.util.Vector<domain.Erreserba>

------------------------------------------------------------------------------------------------------------------------

[2025-03-27 17:47:21 #1 store] 
Database 'C:\Users\h165p\Desktop\Ingurunea\2Iterazioa_ETIKETAK\Rides24\src\main\resources\rides.temp' is opened by 14836@LAPTOP-CF3BRR4L

[2025-03-27 17:47:21 #2 type.registry] 
New type domain.User

[2025-03-27 17:47:21 #3 type.registry] 
New type domain.Driver

[2025-03-27 17:47:21 #4 type] 
Type domain.User is not enhanced.

[2025-03-27 17:47:21 #5 type.registry] 
New type domain.Mugimendua

[2025-03-27 17:47:21 #6 type] 
Type domain.Driver is not enhanced.

[2025-03-27 17:47:21 #7 type.registry] 
New type domain.Kotxea

[2025-03-27 17:47:21 #8 type.registry] 
New type domain.Ride

[2025-03-27 17:47:21 #9 type] 
Type domain.Mugimendua is not enhanced.

[2025-03-27 17:47:21 #10 type] 
Type domain.Kotxea is not enhanced.

[2025-03-27 17:47:21 #11 type] 
Type domain.Ride is not enhanced.

[2025-03-27 17:47:21 #12 type.registry] 
New type domain.Erreserba

[2025-03-27 17:47:21 #13 type] 
Type domain.Erreserba is not enhanced.

[2025-03-27 17:47:21 #14 type.registry] 
New type domain.Bidaiaria

[2025-03-27 17:47:21 #15 type] 
Type domain.Bidaiaria is not enhanced.

[2025-03-27 17:47:21 #16 type.registry] 
New type java.util.Vector<java.lang.Object>

[2025-03-27 17:47:21 #17 type.registry] 
New type java.util.Vector<domain.Mugimendua>

[2025-03-27 17:47:21 #18 type.registry] 
New type java.util.Vector<domain.Ride>

[2025-03-27 17:47:21 #19 type.registry] 
New type java.util.Vector<domain.Kotxea>

[2025-03-27 17:47:21 #20 type.registry] 
New type java.util.Vector<domain.Erreserba>

------------------------------------------------------------------------------------------------------------------------

[2025-03-27 17:50:53 #1 store] 
Database 'C:\Users\h165p\Desktop\Ingurunea\2Iterazioa_ETIKETAK\Rides24\src\main\resources\rides.temp' is opened by 22992@LAPTOP-CF3BRR4L

[2025-03-27 17:50:53 #2 type.registry] 
New type domain.User

[2025-03-27 17:50:53 #3 type.registry] 
New type domain.Driver

[2025-03-27 17:50:53 #4 type] 
Type domain.User is not enhanced.

[2025-03-27 17:50:53 #5 type.registry] 
New type domain.Mugimendua

[2025-03-27 17:50:53 #6 type] 
Type domain.Driver is not enhanced.

[2025-03-27 17:50:53 #7 type.registry] 
New type domain.Kotxea

[2025-03-27 17:50:53 #8 type.registry] 
New type domain.Ride

[2025-03-27 17:50:53 #9 type] 
Type domain.Mugimendua is not enhanced.

[2025-03-27 17:50:53 #10 type] 
Type domain.Kotxea is not enhanced.

[2025-03-27 17:50:53 #11 type] 
Type domain.Ride is not enhanced.

[2025-03-27 17:50:53 #12 type.registry] 
New type domain.Erreserba

[2025-03-27 17:50:53 #13 type] 
Type domain.Erreserba is not enhanced.

[2025-03-27 17:50:53 #14 type.registry] 
New type domain.Bidaiaria

[2025-03-27 17:50:53 #15 type] 
Type domain.Bidaiaria is not enhanced.

[2025-03-27 17:50:53 #16 type.registry] 
New type java.util.Vector<java.lang.Object>

[2025-03-27 17:50:53 #17 type.registry] 
New type java.util.Vector<domain.Mugimendua>

[2025-03-27 17:50:53 #18 type.registry] 
New type java.util.Vector<domain.Ride>

[2025-03-27 17:50:53 #19 type.registry] 
New type java.util.Vector<domain.Kotxea>

[2025-03-27 17:50:53 #20 type.registry] 
New type java.util.Vector<domain.Erreserba>

------------------------------------------------------------------------------------------------------------------------

[2025-03-27 17:53:15 #1 store] 
Database 'C:\Users\h165p\Desktop\Ingurunea\2Iterazioa_ETIKETAK\Rides24\src\main\resources\rides.temp' is opened by 12140@LAPTOP-CF3BRR4L

[2025-03-27 17:53:15 #2 type.registry] 
New type domain.User

[2025-03-27 17:53:15 #3 type.registry] 
New type domain.Driver

[2025-03-27 17:53:15 #4 type] 
Type domain.User is not enhanced.

[2025-03-27 17:53:15 #5 type.registry] 
New type domain.Mugimendua

[2025-03-27 17:53:15 #6 type] 
Type domain.Driver is not enhanced.

[2025-03-27 17:53:15 #7 type.registry] 
New type domain.Kotxea

[2025-03-27 17:53:15 #8 type.registry] 
New type domain.Ride

[2025-03-27 17:53:15 #9 type] 
Type domain.Mugimendua is not enhanced.

[2025-03-27 17:53:15 #10 type] 
Type domain.Kotxea is not enhanced.

[2025-03-27 17:53:15 #11 type] 
Type domain.Ride is not enhanced.

[2025-03-27 17:53:15 #12 type.registry] 
New type domain.Erreserba

[2025-03-27 17:53:15 #13 type] 
Type domain.Erreserba is not enhanced.

[2025-03-27 17:53:15 #14 type.registry] 
New type domain.Bidaiaria

[2025-03-27 17:53:15 #15 type] 
Type domain.Bidaiaria is not enhanced.

[2025-03-27 17:53:15 #16 type.registry] 
New type java.util.Vector<java.lang.Object>

[2025-03-27 17:53:16 #17 type.registry] 
New type java.util.Vector<domain.Mugimendua>

[2025-03-27 17:53:16 #18 type.registry] 
New type java.util.Vector<domain.Ride>

[2025-03-27 17:53:16 #19 type.registry] 
New type java.util.Vector<domain.Kotxea>

[2025-03-27 17:53:16 #20 type.registry] 
New type java.util.Vector<domain.Erreserba>

------------------------------------------------------------------------------------------------------------------------

[2025-03-27 17:59:52 #1 store] 
Database 'C:\Users\h165p\Desktop\Ingurunea\2Iterazioa_ETIKETAK\Rides24\src\main\resources\rides.temp' is opened by 4516@LAPTOP-CF3BRR4L

[2025-03-27 17:59:52 #2 type.registry] 
New type domain.User

[2025-03-27 17:59:52 #3 type.registry] 
New type domain.Driver

[2025-03-27 17:59:52 #4 type] 
Type domain.User is not enhanced.

[2025-03-27 17:59:52 #5 type.registry] 
New type domain.Mugimendua

[2025-03-27 17:59:52 #6 type] 
Type domain.Driver is not enhanced.

[2025-03-27 17:59:52 #7 type.registry] 
New type domain.Kotxea

[2025-03-27 17:59:52 #8 type.registry] 
New type domain.Ride

[2025-03-27 17:59:52 #9 type] 
Type domain.Mugimendua is not enhanced.

[2025-03-27 17:59:52 #10 type] 
Type domain.Kotxea is not enhanced.

[2025-03-27 17:59:52 #11 type] 
Type domain.Ride is not enhanced.

[2025-03-27 17:59:52 #12 type.registry] 
New type domain.Erreserba

[2025-03-27 17:59:52 #13 type] 
Type domain.Erreserba is not enhanced.

[2025-03-27 17:59:52 #14 type.registry] 
New type domain.Bidaiaria

[2025-03-27 17:59:52 #15 type] 
Type domain.Bidaiaria is not enhanced.

[2025-03-27 17:59:52 #16 type.registry] 
New type java.util.Vector<java.lang.Object>

[2025-03-27 17:59:52 #17 type.registry] 
New type java.util.Vector<domain.Mugimendua>

[2025-03-27 17:59:52 #18 type.registry] 
New type java.util.Vector<domain.Ride>

[2025-03-27 17:59:52 #19 type.registry] 
New type java.util.Vector<domain.Kotxea>

[2025-03-27 17:59:52 #20 type.registry] 
New type java.util.Vector<domain.Erreserba>

